[ 1] local::disk.partitions.write["vdb1"]
[ 2] local::disk.partitions.write_bytes["vdb1"]
[ 3] local::disk.partitions.read["vdb1"]
[ 4] local::disk.partitions.read_bytes["vdb1"]
[ 5] local::filesys.used["/dev/vdb1"]
[ 6] local::filesys.usedfiles["/dev/vdb1"]

             Column,     1,     2,     3,     4,     5,     6
             Source,local:,local:,local:,local:,local:,local:
             Metric, write,_bytes,  read,_bytes,  used,dfiles
               Inst,  vdb1,  vdb1,  vdb1,  vdb1,/dev/v,/dev/v
              Units,   c/s,   b/s,   c/s,   b/s,     b,  none
2020-08-10 07:01:17,     ?,     ?,     ?,     ?,66.41M,26.00 
2020-08-10 07:01:18, 0.00 , 0.00 , 0.00 , 0.00 ,66.41M,26.00 
2020-08-10 07:01:19, 0.00 , 0.00 , 0.00 , 0.00 ,66.41M,26.00 
2020-08-10 07:01:20, 0.00 , 0.00 , 0.00 , 0.00 ,66.41M,26.00 
2020-08-10 07:01:21, 0.00 , 0.00 , 0.00 , 0.00 ,66.41M,26.00 
2020-08-10 07:01:22, 0.00 , 0.00 , 0.00 , 0.00 ,66.41M,26.00 
2020-08-10 07:01:23, 0.00 , 0.00 , 0.00 , 0.00 ,66.41M,26.00 
2020-08-10 07:01:24, 0.00 , 0.00 , 0.00 , 0.00 ,66.41M,26.00 
2020-08-10 07:01:25, 0.00 , 0.00 , 0.00 , 0.00 ,66.41M,26.00 
2020-08-10 07:01:26, 0.00 , 0.00 , 0.00 , 0.00 ,66.41M,26.00 
2020-08-10 07:01:27, 0.00 , 0.00 , 0.00 , 0.00 ,66.41M,26.00 
2020-08-10 07:01:28, 0.00 , 0.00 , 0.00 , 0.00 ,66.41M,26.00 
2020-08-10 07:01:29, 0.00 , 0.00 , 0.00 , 0.00 ,66.41M,26.00 
2020-08-10 07:01:30, 0.00 , 0.00 , 0.00 , 0.00 ,66.41M,26.00 
2020-08-10 07:01:31, 0.00 , 0.00 , 0.00 , 0.00 ,66.41M,26.00 
2020-08-10 07:01:32, 0.00 , 0.00 , 0.00 , 0.00 ,66.41M,26.00 
2020-08-10 07:01:33, 0.00 , 0.00 , 0.00 , 0.00 ,66.41M,26.00 
2020-08-10 07:01:34, 0.00 , 0.00 , 0.00 , 0.00 ,66.41M,26.00 
2020-08-10 07:01:35, 0.00 , 0.00 , 0.00 , 0.00 ,66.41M,26.00 
2020-08-10 07:01:36, 0.00 , 0.00 , 0.00 , 0.00 ,66.41M,26.00 
2020-08-10 07:01:37, 0.00 , 0.00 , 0.00 , 0.00 ,66.41M,26.00 
2020-08-10 07:01:38, 0.00 , 0.00 , 0.00 , 0.00 ,66.45M,36.00 
2020-08-10 07:01:39, 0.00 , 0.00 , 0.00 , 0.00 ,66.45M,36.00 
2020-08-10 07:01:40, 0.00 , 0.00 , 0.00 , 0.00 ,66.45M,36.00 
2020-08-10 07:01:41, 0.00 , 0.00 , 0.00 , 0.00 ,66.45M,36.00 
2020-08-10 07:01:42, 0.00 , 0.00 , 0.00 , 0.00 ,66.45M,36.00 
2020-08-10 07:01:43,11.00 ,77.83K, 0.00 , 0.00 ,66.45M,36.00 
2020-08-10 07:01:44, 0.00 , 0.00 , 0.00 , 0.00 ,66.45M,36.00 
2020-08-10 07:01:45, 0.00 , 0.00 , 0.00 , 0.00 ,66.45M,36.00 
2020-08-10 07:01:46, 0.00 , 0.00 , 0.00 , 0.00 ,66.45M,36.00 
2020-08-10 07:01:47, 0.00 , 0.00 , 0.00 , 0.00 ,66.45M,36.00 
2020-08-10 07:01:48, 9.00 ,49.15K, 0.00 , 0.00 ,66.45M,36.00 
2020-08-10 07:01:49, 0.00 , 0.00 , 0.00 , 0.00 ,66.45M,36.00 
2020-08-10 07:01:50, 0.00 , 0.00 , 0.00 , 0.00 ,66.45M,36.00 
2020-08-10 07:01:51, 0.00 , 0.00 , 0.00 , 0.00 ,66.45M,36.00 
2020-08-10 07:01:52, 0.00 , 0.00 , 0.00 , 0.00 ,66.45M,36.00 
2020-08-10 07:01:53, 3.00 ,12.29K, 0.00 , 0.00 ,66.45M,36.00 
2020-08-10 07:01:54, 0.00 , 0.00 , 0.00 , 0.00 ,66.45M,36.00 
2020-08-10 07:01:55, 0.00 , 0.00 , 0.00 , 0.00 ,66.45M,36.00 
2020-08-10 07:01:56, 0.00 , 0.00 , 0.00 , 0.00 ,66.45M,36.00 
2020-08-10 07:01:57, 0.00 , 0.00 , 0.00 , 0.00 ,66.45M,36.00 
2020-08-10 07:01:58, 0.00 , 0.00 , 0.00 , 0.00 ,66.45M,36.00 
2020-08-10 07:01:59, 0.00 , 0.00 , 0.00 , 0.00 ,66.45M,36.00 
2020-08-10 07:02:00, 0.00 , 0.00 , 0.00 , 0.00 ,66.45M,36.00 
2020-08-10 07:02:01, 0.00 , 0.00 , 0.00 , 0.00 ,66.45M,36.00 
2020-08-10 07:02:02, 0.00 , 0.00 , 0.00 , 0.00 ,66.45M,36.00 
2020-08-10 07:02:03, 0.00 , 0.00 , 0.00 , 0.00 ,66.45M,36.00 
2020-08-10 07:02:04, 0.00 , 0.00 , 0.00 , 0.00 ,66.45M,36.00 
2020-08-10 07:02:05, 0.00 , 0.00 , 0.00 , 0.00 ,66.45M,36.00 
2020-08-10 07:02:06, 0.00 , 0.00 , 0.00 , 0.00 ,66.45M,36.00 
2020-08-10 07:02:07, 0.00 , 0.00 , 0.00 , 0.00 ,66.45M,36.00 
2020-08-10 07:02:08, 0.00 , 0.00 , 0.00 , 0.00 ,66.45M,36.00 
2020-08-10 07:02:09, 0.00 , 0.00 , 0.00 , 0.00 ,66.45M,36.00 
2020-08-10 07:02:10, 0.00 , 0.00 , 0.00 , 0.00 ,66.45M,36.00 
2020-08-10 07:02:11, 0.00 , 0.00 , 0.00 , 0.00 ,66.45M,36.00 
2020-08-10 07:02:12, 0.00 , 0.00 , 0.00 , 0.00 ,66.45M,36.00 
2020-08-10 07:02:13, 0.00 , 0.00 , 0.00 , 0.00 ,66.45M,36.00 
2020-08-10 07:02:14, 0.00 , 0.00 , 0.00 , 0.00 ,66.45M,36.00 
2020-08-10 07:02:15, 0.00 , 0.00 , 0.00 , 0.00 ,66.45M,36.00 
2020-08-10 07:02:16, 0.00 , 0.00 , 0.00 , 0.00 ,66.45M,36.00 
2020-08-10 07:02:17, 0.00 , 0.00 , 0.00 , 0.00 ,66.45M,36.00 
2020-08-10 07:02:18, 0.00 , 0.00 , 0.00 , 0.00 ,66.45M,36.00 
2020-08-10 07:02:19, 0.00 , 0.00 , 0.00 , 0.00 ,66.45M,36.00 
2020-08-10 07:02:20, 0.00 , 0.00 , 0.00 , 0.00 ,66.45M,36.00 
2020-08-10 07:02:21, 0.00 , 0.00 , 0.00 , 0.00 ,66.45M,36.00 
2020-08-10 07:02:22, 0.00 , 0.00 , 0.00 , 0.00 ,66.45M,36.00 
2020-08-10 07:02:23, 0.00 , 0.00 , 0.00 , 0.00 ,66.46M,36.00 
2020-08-10 07:02:24, 1.00 , 0.11M, 0.00 , 0.00 ,66.43M,27.00 
2020-08-10 07:02:25, 0.00 , 0.00 , 0.00 , 0.00 ,66.43M,27.00 
2020-08-10 07:02:26, 0.00 , 0.00 , 0.00 , 0.00 ,66.43M,27.00 
2020-08-10 07:02:27, 0.00 , 0.00 , 0.00 , 0.00 ,66.43M,27.00 
2020-08-10 07:02:28, 0.00 , 0.00 , 0.00 , 0.00 ,66.43M,27.00 
2020-08-10 07:02:29, 2.00 ,49.14K, 0.00 , 0.00 ,66.43M,27.00 
2020-08-10 07:02:30, 0.00 , 0.00 , 0.00 , 0.00 ,66.43M,27.00 
2020-08-10 07:02:31, 0.00 , 0.00 , 0.00 , 0.00 ,66.43M,27.00 
2020-08-10 07:02:32, 0.00 , 0.00 , 0.00 , 0.00 ,66.43M,27.00 
2020-08-10 07:02:33, 0.00 , 0.00 , 0.00 , 0.00 ,66.43M,27.00 
2020-08-10 07:02:34, 8.00 ,40.95K, 0.00 , 0.00 ,66.43M,27.00 
