[ 1] local::disk.partitions.write["vdb1"]
[ 2] local::disk.partitions.write_bytes["vdb1"]
[ 3] local::disk.partitions.read["vdb1"]
[ 4] local::disk.partitions.read_bytes["vdb1"]
[ 5] local::filesys.used["/dev/vdb1"]
[ 6] local::filesys.usedfiles["/dev/vdb1"]

             Column,     1,     2,     3,     4,     5,     6
             Source,local:,local:,local:,local:,local:,local:
             Metric, write,_bytes,  read,_bytes,  used,dfiles
               Inst,  vdb1,  vdb1,  vdb1,  vdb1,/dev/v,/dev/v
              Units,   c/s,   b/s,   c/s,   b/s,     b,  none
2020-08-10 00:08:28,     ?,     ?,     ?,     ?,66.33M,26.00 
2020-08-10 00:08:29, 0.00 , 0.00 , 0.00 , 0.00 ,66.33M,26.00 
2020-08-10 00:08:30, 0.00 , 0.00 , 0.00 , 0.00 ,66.33M,26.00 
2020-08-10 00:08:31, 0.00 , 0.00 , 0.00 , 0.00 ,66.33M,26.00 
2020-08-10 00:08:32, 0.00 , 0.00 , 0.00 , 0.00 ,66.35M,30.00 
2020-08-10 00:08:33, 1.00 ,40.95K, 0.00 , 0.00 ,66.34M,27.00 
2020-08-10 00:08:34, 0.00 , 0.00 , 0.00 , 0.00 ,66.34M,27.00 
2020-08-10 00:08:35, 0.00 , 0.00 , 0.00 , 0.00 ,66.34M,27.00 
2020-08-10 00:08:36, 0.00 , 0.00 , 0.00 , 0.00 ,66.34M,27.00 
2020-08-10 00:08:37, 0.00 , 0.00 , 0.00 , 0.00 ,66.34M,27.00 
2020-08-10 00:08:38, 2.00 ,53.25K, 0.00 , 0.00 ,66.34M,27.00 
2020-08-10 00:08:39, 0.00 , 0.00 , 0.00 , 0.00 ,66.34M,27.00 
2020-08-10 00:08:40, 0.00 , 0.00 , 0.00 , 0.00 ,66.34M,27.00 
2020-08-10 00:08:41, 0.00 , 0.00 , 0.00 , 0.00 ,66.34M,27.00 
2020-08-10 00:08:42, 0.00 , 0.00 , 0.00 , 0.00 ,66.34M,27.00 
2020-08-10 00:08:43, 0.00 , 0.00 , 0.00 , 0.00 ,66.34M,27.00 
2020-08-10 00:08:44, 0.00 , 0.00 , 0.00 , 0.00 ,66.34M,27.00 
2020-08-10 00:08:45, 0.00 , 0.00 , 0.00 , 0.00 ,66.34M,27.00 
2020-08-10 00:08:46, 0.00 , 0.00 , 0.00 , 0.00 ,66.34M,27.00 
2020-08-10 00:08:47, 0.00 , 0.00 , 0.00 , 0.00 ,66.34M,27.00 
2020-08-10 00:08:48, 0.00 , 0.00 , 0.00 , 0.00 ,66.34M,27.00 
2020-08-10 00:08:49, 0.00 , 0.00 , 0.00 , 0.00 ,66.34M,27.00 
2020-08-10 00:08:50, 0.00 , 0.00 , 0.00 , 0.00 ,66.34M,27.00 
2020-08-10 00:08:51, 0.00 , 0.00 , 0.00 , 0.00 ,66.34M,27.00 
2020-08-10 00:08:52, 0.00 , 0.00 , 0.00 , 0.00 ,66.34M,27.00 
2020-08-10 00:08:53, 0.00 , 0.00 , 0.00 , 0.00 ,66.34M,27.00 
2020-08-10 00:08:54, 0.00 , 0.00 , 0.00 , 0.00 ,66.34M,27.00 
2020-08-10 00:08:55, 0.00 , 0.00 , 0.00 , 0.00 ,66.34M,27.00 
2020-08-10 00:08:56, 0.00 , 0.00 , 0.00 , 0.00 ,66.34M,27.00 
2020-08-10 00:08:57, 0.00 , 0.00 , 0.00 , 0.00 ,66.34M,27.00 
2020-08-10 00:08:58, 0.00 , 0.00 , 0.00 , 0.00 ,66.34M,27.00 
2020-08-10 00:08:59, 0.00 , 0.00 , 0.00 , 0.00 ,66.34M,27.00 
2020-08-10 00:09:00, 0.00 , 0.00 , 0.00 , 0.00 ,66.34M,27.00 
2020-08-10 00:09:01, 0.00 , 0.00 , 0.00 , 0.00 ,66.34M,27.00 
2020-08-10 00:09:02, 0.00 , 0.00 , 0.00 , 0.00 ,66.34M,27.00 
2020-08-10 00:09:03, 0.00 , 0.00 , 0.00 , 0.00 ,66.34M,27.00 
2020-08-10 00:09:04, 0.00 , 0.00 , 0.00 , 0.00 ,66.34M,27.00 
2020-08-10 00:09:05, 0.00 , 0.00 , 0.00 , 0.00 ,66.34M,27.00 
2020-08-10 00:09:06, 0.00 , 0.00 , 0.00 , 0.00 ,66.34M,27.00 
2020-08-10 00:09:07, 0.00 , 0.00 , 0.00 , 0.00 ,66.34M,27.00 
2020-08-10 00:09:08, 0.00 , 0.00 , 0.00 , 0.00 ,66.34M,27.00 
2020-08-10 00:09:09,10.01 ,45.09K, 0.00 , 0.00 ,66.34M,27.00 
2020-08-10 00:09:10, 0.00 , 0.00 , 0.00 , 0.00 ,66.34M,27.00 
2020-08-10 00:09:11, 0.00 , 0.00 , 0.00 , 0.00 ,66.34M,27.00 
2020-08-10 00:09:12, 0.00 , 0.00 , 0.00 , 0.00 ,66.34M,27.00 
2020-08-10 00:09:13, 0.00 , 0.00 , 0.00 , 0.00 ,66.34M,27.00 
2020-08-10 00:09:14, 0.00 , 0.00 , 0.00 , 0.00 ,66.34M,27.00 
2020-08-10 00:09:15, 0.00 , 0.00 , 0.00 , 0.00 ,66.34M,27.00 
2020-08-10 00:09:16, 0.00 , 0.00 , 0.00 , 0.00 ,66.34M,27.00 
2020-08-10 00:09:17, 0.00 , 0.00 , 0.00 , 0.00 ,66.34M,27.00 
2020-08-10 00:09:18, 0.00 , 0.00 , 0.00 , 0.00 ,66.34M,27.00 
2020-08-10 00:09:19, 0.00 , 0.00 , 0.00 , 0.00 ,66.34M,27.00 
2020-08-10 00:09:20, 0.00 , 0.00 , 0.00 , 0.00 ,66.34M,27.00 
2020-08-10 00:09:21, 0.00 , 0.00 , 0.00 , 0.00 ,66.34M,27.00 
2020-08-10 00:09:22, 0.00 , 0.00 , 0.00 , 0.00 ,66.34M,27.00 
2020-08-10 00:09:23, 0.00 , 0.00 , 0.00 , 0.00 ,66.34M,27.00 
2020-08-10 00:09:24, 0.00 , 0.00 , 0.00 , 0.00 ,66.34M,27.00 
2020-08-10 00:09:25, 0.00 , 0.00 , 0.00 , 0.00 ,66.34M,27.00 
2020-08-10 00:09:26, 0.00 , 0.00 , 0.00 , 0.00 ,66.34M,27.00 
2020-08-10 00:09:27, 0.00 , 0.00 , 0.00 , 0.00 ,66.34M,27.00 
2020-08-10 00:09:28, 0.00 , 0.00 , 0.00 , 0.00 ,66.34M,27.00 
2020-08-10 00:09:29, 0.00 , 0.00 , 0.00 , 0.00 ,66.34M,27.00 
2020-08-10 00:09:30, 0.00 , 0.00 , 0.00 , 0.00 ,66.34M,27.00 
2020-08-10 00:09:31, 0.00 , 0.00 , 0.00 , 0.00 ,66.34M,27.00 
2020-08-10 00:09:32, 0.00 , 0.00 , 0.00 , 0.00 ,66.34M,27.00 
2020-08-10 00:09:33, 0.00 , 0.00 , 0.00 , 0.00 ,66.34M,27.00 
2020-08-10 00:09:34, 0.00 , 0.00 , 0.00 , 0.00 ,66.34M,27.00 
2020-08-10 00:09:35, 0.00 , 0.00 , 0.00 , 0.00 ,66.34M,27.00 
2020-08-10 00:09:36, 0.00 , 0.00 , 0.00 , 0.00 ,66.34M,27.00 
2020-08-10 00:09:37, 0.00 , 0.00 , 0.00 , 0.00 ,66.34M,27.00 
2020-08-10 00:09:38, 0.00 , 0.00 , 0.00 , 0.00 ,66.34M,27.00 
2020-08-10 00:09:39, 0.00 , 0.00 , 0.00 , 0.00 ,66.34M,27.00 
2020-08-10 00:09:40, 0.00 , 0.00 , 0.00 , 0.00 ,66.34M,27.00 
2020-08-10 00:09:41, 0.00 , 0.00 , 0.00 , 0.00 ,66.34M,27.00 
2020-08-10 00:09:42, 0.00 , 0.00 , 0.00 , 0.00 ,66.34M,27.00 
2020-08-10 00:09:43, 0.00 , 0.00 , 0.00 , 0.00 ,66.34M,27.00 
2020-08-10 00:09:44, 0.00 , 0.00 , 0.00 , 0.00 ,66.34M,27.00 
2020-08-10 00:09:45, 0.00 , 0.00 , 0.00 , 0.00 ,66.34M,27.00 
2020-08-10 00:09:46, 0.00 , 0.00 , 0.00 , 0.00 ,66.34M,27.00 
2020-08-10 00:09:47, 0.00 , 0.00 , 0.00 , 0.00 ,66.34M,27.00 
2020-08-10 00:09:48, 0.00 , 0.00 , 0.00 , 0.00 ,66.34M,27.00 
2020-08-10 00:09:49, 0.00 , 0.00 , 0.00 , 0.00 ,66.34M,27.00 
2020-08-10 00:09:50, 0.00 , 0.00 , 0.00 , 0.00 ,66.35M,30.00 
2020-08-10 00:09:51, 0.00 , 0.00 , 0.00 , 0.00 ,66.35M,30.00 
2020-08-10 00:09:52, 0.00 , 0.00 , 0.00 , 0.00 ,66.35M,30.00 
2020-08-10 00:09:53, 0.00 , 0.00 , 0.00 , 0.00 ,66.35M,30.00 
2020-08-10 00:09:54, 0.00 , 0.00 , 0.00 , 0.00 ,66.35M,30.00 
2020-08-10 00:09:55, 0.00 , 0.00 , 0.00 , 0.00 ,66.35M,30.00 
2020-08-10 00:09:56, 2.00 ,28.67K, 0.00 , 0.00 ,66.35M,30.00 
2020-08-10 00:09:57, 0.00 , 0.00 , 0.00 , 0.00 ,66.35M,30.00 
2020-08-10 00:09:58, 0.00 , 0.00 , 0.00 , 0.00 ,66.35M,30.00 
2020-08-10 00:09:59, 0.00 , 0.00 , 0.00 , 0.00 ,66.35M,30.00 
2020-08-10 00:10:00, 1.00 ,40.97K, 0.00 , 0.00 ,66.34M,27.00 
2020-08-10 00:10:01, 0.00 , 0.00 , 0.00 , 0.00 ,66.34M,27.00 
2020-08-10 00:10:02, 0.00 , 0.00 , 0.00 , 0.00 ,66.34M,27.00 
2020-08-10 00:10:03, 0.00 , 0.00 , 0.00 , 0.00 ,66.34M,27.00 
2020-08-10 00:10:04, 0.00 , 0.00 , 0.00 , 0.00 ,66.34M,27.00 
2020-08-10 00:10:05, 0.00 , 0.00 , 0.00 , 0.00 ,66.34M,27.00 
2020-08-10 00:10:06, 2.00 ,40.95K, 0.00 , 0.00 ,66.34M,27.00 
2020-08-10 00:10:07, 0.00 , 0.00 , 0.00 , 0.00 ,66.34M,27.00 
2020-08-10 00:10:08, 0.00 , 0.00 , 0.00 , 0.00 ,66.34M,27.00 
2020-08-10 00:10:09, 0.00 , 0.00 , 0.00 , 0.00 ,66.34M,27.00 
2020-08-10 00:10:10, 0.00 , 0.00 , 0.00 , 0.00 ,66.34M,27.00 
2020-08-10 00:10:11, 0.00 , 0.00 , 0.00 , 0.00 ,66.34M,27.00 
2020-08-10 00:10:12, 0.00 , 0.00 , 0.00 , 0.00 ,66.34M,27.00 
2020-08-10 00:10:13, 0.00 , 0.00 , 0.00 , 0.00 ,66.34M,27.00 
2020-08-10 00:10:14, 0.00 , 0.00 , 0.00 , 0.00 ,66.34M,27.00 
2020-08-10 00:10:15, 0.00 , 0.00 , 0.00 , 0.00 ,66.34M,27.00 
2020-08-10 00:10:16, 0.00 , 0.00 , 0.00 , 0.00 ,66.34M,27.00 
2020-08-10 00:10:17, 0.00 , 0.00 , 0.00 , 0.00 ,66.34M,27.00 
2020-08-10 00:10:18, 0.00 , 0.00 , 0.00 , 0.00 ,66.34M,27.00 
2020-08-10 00:10:19, 0.00 , 0.00 , 0.00 , 0.00 ,66.34M,27.00 
2020-08-10 00:10:20, 0.00 , 0.00 , 0.00 , 0.00 ,66.34M,27.00 
2020-08-10 00:10:21, 0.00 , 0.00 , 0.00 , 0.00 ,66.34M,27.00 
2020-08-10 00:10:22, 0.00 , 0.00 , 0.00 , 0.00 ,66.34M,27.00 
2020-08-10 00:10:23, 0.00 , 0.00 , 0.00 , 0.00 ,66.34M,27.00 
2020-08-10 00:10:24, 0.00 , 0.00 , 0.00 , 0.00 ,66.34M,27.00 
2020-08-10 00:10:25, 0.00 , 0.00 , 0.00 , 0.00 ,66.34M,27.00 
2020-08-10 00:10:26, 0.00 , 0.00 , 0.00 , 0.00 ,66.34M,27.00 
2020-08-10 00:10:27, 0.00 , 0.00 , 0.00 , 0.00 ,66.34M,27.00 
2020-08-10 00:10:28, 0.00 , 0.00 , 0.00 , 0.00 ,66.34M,27.00 
2020-08-10 00:10:29, 0.00 , 0.00 , 0.00 , 0.00 ,66.34M,27.00 
2020-08-10 00:10:30, 8.00 ,36.87K, 0.00 , 0.00 ,66.34M,27.00 
2020-08-10 00:10:31, 0.00 , 0.00 , 0.00 , 0.00 ,66.34M,27.00 
2020-08-10 00:10:32, 0.00 , 0.00 , 0.00 , 0.00 ,66.34M,27.00 
2020-08-10 00:10:33, 0.00 , 0.00 , 0.00 , 0.00 ,66.34M,27.00 
2020-08-10 00:10:34, 0.00 , 0.00 , 0.00 , 0.00 ,66.34M,27.00 
2020-08-10 00:10:35, 0.00 , 0.00 , 0.00 , 0.00 ,66.34M,27.00 
2020-08-10 00:10:36, 0.00 , 0.00 , 0.00 , 0.00 ,66.34M,27.00 
2020-08-10 00:10:37, 0.00 , 0.00 , 0.00 , 0.00 ,66.34M,27.00 
2020-08-10 00:10:38, 0.00 , 0.00 , 0.00 , 0.00 ,66.34M,27.00 
2020-08-10 00:10:39, 0.00 , 0.00 , 0.00 , 0.00 ,66.34M,27.00 
2020-08-10 00:10:40, 0.00 , 0.00 , 0.00 , 0.00 ,66.34M,27.00 
2020-08-10 00:10:41, 0.00 , 0.00 , 0.00 , 0.00 ,66.34M,27.00 
2020-08-10 00:10:42, 0.00 , 0.00 , 0.00 , 0.00 ,66.34M,27.00 
2020-08-10 00:10:43, 0.00 , 0.00 , 0.00 , 0.00 ,66.34M,27.00 
2020-08-10 00:10:44, 0.00 , 0.00 , 0.00 , 0.00 ,66.34M,27.00 
2020-08-10 00:10:45, 0.00 , 0.00 , 0.00 , 0.00 ,66.34M,27.00 
2020-08-10 00:10:46, 0.00 , 0.00 , 0.00 , 0.00 ,66.34M,27.00 
2020-08-10 00:10:47, 0.00 , 0.00 , 0.00 , 0.00 ,66.34M,27.00 
2020-08-10 00:10:48, 0.00 , 0.00 , 0.00 , 0.00 ,66.34M,27.00 
2020-08-10 00:10:49, 0.00 , 0.00 , 0.00 , 0.00 ,66.34M,27.00 
2020-08-10 00:10:50, 0.00 , 0.00 , 0.00 , 0.00 ,66.35M,30.00 
2020-08-10 00:10:51, 0.00 , 0.00 , 0.00 , 0.00 ,66.35M,30.00 
2020-08-10 00:10:52, 0.00 , 0.00 , 0.00 , 0.00 ,66.35M,30.00 
2020-08-10 00:10:53, 0.00 , 0.00 , 0.00 , 0.00 ,66.35M,30.00 
2020-08-10 00:10:54, 0.00 , 0.00 , 0.00 , 0.00 ,66.35M,30.00 
2020-08-10 00:10:55, 0.00 , 0.00 , 0.00 , 0.00 ,66.35M,30.00 
2020-08-10 00:10:56, 2.00 ,28.65K, 0.00 , 0.00 ,66.35M,30.00 
2020-08-10 00:10:57, 0.00 , 0.00 , 0.00 , 0.00 ,66.35M,30.00 
2020-08-10 00:10:58, 0.00 , 0.00 , 0.00 , 0.00 ,66.35M,30.00 
2020-08-10 00:10:59, 0.00 , 0.00 , 0.00 , 0.00 ,66.35M,30.00 
2020-08-10 00:11:00, 0.00 , 0.00 , 0.00 , 0.00 ,66.35M,30.00 
2020-08-10 00:11:01, 0.00 , 0.00 , 0.00 , 0.00 ,66.35M,30.00 
2020-08-10 00:11:02, 0.00 , 0.00 , 0.00 , 0.00 ,66.35M,30.00 
2020-08-10 00:11:03, 0.00 , 0.00 , 0.00 , 0.00 ,66.35M,30.00 
2020-08-10 00:11:04, 0.00 , 0.00 , 0.00 , 0.00 ,66.35M,30.00 
2020-08-10 00:11:05, 0.00 , 0.00 , 0.00 , 0.00 ,66.35M,30.00 
2020-08-10 00:11:06, 0.00 , 0.00 , 0.00 , 0.00 ,66.35M,30.00 
2020-08-10 00:11:07, 0.00 , 0.00 , 0.00 , 0.00 ,66.35M,30.00 
2020-08-10 00:11:08, 0.00 , 0.00 , 0.00 , 0.00 ,66.35M,30.00 
2020-08-10 00:11:09, 0.00 , 0.00 , 0.00 , 0.00 ,66.35M,30.00 
2020-08-10 00:11:10, 0.00 , 0.00 , 0.00 , 0.00 ,66.35M,30.00 
2020-08-10 00:11:11, 0.00 , 0.00 , 0.00 , 0.00 ,66.35M,30.00 
2020-08-10 00:11:12, 0.00 , 0.00 , 0.00 , 0.00 ,66.35M,30.00 
2020-08-10 00:11:13, 0.00 , 0.00 , 0.00 , 0.00 ,66.35M,30.00 
2020-08-10 00:11:14, 0.00 , 0.00 , 0.00 , 0.00 ,66.35M,30.00 
2020-08-10 00:11:15, 0.00 , 0.00 , 0.00 , 0.00 ,66.35M,30.00 
2020-08-10 00:11:16, 0.00 , 0.00 , 0.00 , 0.00 ,66.35M,30.00 
2020-08-10 00:11:17, 0.00 , 0.00 , 0.00 , 0.00 ,66.35M,30.00 
2020-08-10 00:11:18, 0.00 , 0.00 , 0.00 , 0.00 ,66.35M,30.00 
2020-08-10 00:11:19, 0.00 , 0.00 , 0.00 , 0.00 ,66.35M,30.00 
2020-08-10 00:11:20, 2.00 ,45.06K, 0.00 , 0.00 ,66.34M,27.00 
2020-08-10 00:11:21, 0.00 , 0.00 , 0.00 , 0.00 ,66.34M,27.00 
2020-08-10 00:11:22, 0.00 , 0.00 , 0.00 , 0.00 ,66.34M,27.00 
2020-08-10 00:11:23, 0.00 , 0.00 , 0.00 , 0.00 ,66.34M,27.00 
2020-08-10 00:11:24, 0.00 , 0.00 , 0.00 , 0.00 ,66.34M,27.00 
2020-08-10 00:11:25, 0.00 , 0.00 , 0.00 , 0.00 ,66.34M,27.00 
2020-08-10 00:11:26, 2.00 ,45.04K, 0.00 , 0.00 ,66.34M,27.00 
2020-08-10 00:11:27, 0.00 , 0.00 , 0.00 , 0.00 ,66.34M,27.00 
2020-08-10 00:11:28, 0.00 , 0.00 , 0.00 , 0.00 ,66.34M,27.00 
2020-08-10 00:11:29, 0.00 , 0.00 , 0.00 , 0.00 ,66.34M,27.00 
2020-08-10 00:11:30, 9.00 ,40.94K, 0.00 , 0.00 ,66.34M,27.00 
2020-08-10 00:11:31, 0.00 , 0.00 , 0.00 , 0.00 ,66.34M,27.00 
2020-08-10 00:11:32, 0.00 , 0.00 , 0.00 , 0.00 ,66.34M,27.00 
2020-08-10 00:11:33, 0.00 , 0.00 , 0.00 , 0.00 ,66.34M,27.00 
2020-08-10 00:11:34, 0.00 , 0.00 , 0.00 , 0.00 ,66.34M,27.00 
2020-08-10 00:11:35, 0.00 , 0.00 , 0.00 , 0.00 ,66.34M,27.00 
2020-08-10 00:11:36, 0.00 , 0.00 , 0.00 , 0.00 ,66.34M,27.00 
2020-08-10 00:11:37, 0.00 , 0.00 , 0.00 , 0.00 ,66.34M,27.00 
2020-08-10 00:11:38, 0.00 , 0.00 , 0.00 , 0.00 ,66.34M,27.00 
2020-08-10 00:11:39, 0.00 , 0.00 , 0.00 , 0.00 ,66.34M,27.00 
2020-08-10 00:11:40, 0.00 , 0.00 , 0.00 , 0.00 ,66.34M,27.00 
2020-08-10 00:11:41, 0.00 , 0.00 , 0.00 , 0.00 ,66.34M,27.00 
2020-08-10 00:11:42, 0.00 , 0.00 , 0.00 , 0.00 ,66.34M,27.00 
2020-08-10 00:11:43, 0.00 , 0.00 , 0.00 , 0.00 ,66.34M,27.00 
2020-08-10 00:11:44, 0.00 , 0.00 , 0.00 , 0.00 ,66.34M,27.00 
2020-08-10 00:11:45, 0.00 , 0.00 , 0.00 , 0.00 ,66.34M,27.00 
2020-08-10 00:11:46, 0.00 , 0.00 , 0.00 , 0.00 ,66.34M,27.00 
2020-08-10 00:11:47, 0.00 , 0.00 , 0.00 , 0.00 ,66.34M,27.00 
2020-08-10 00:11:48, 0.00 , 0.00 , 0.00 , 0.00 ,66.34M,27.00 
2020-08-10 00:11:49, 0.00 , 0.00 , 0.00 , 0.00 ,66.34M,27.00 
2020-08-10 00:11:50, 0.00 , 0.00 , 0.00 , 0.00 ,66.35M,30.00 
2020-08-10 00:11:51, 0.00 , 0.00 , 0.00 , 0.00 ,66.35M,30.00 
2020-08-10 00:11:52, 0.00 , 0.00 , 0.00 , 0.00 ,66.35M,30.00 
2020-08-10 00:11:53, 0.00 , 0.00 , 0.00 , 0.00 ,66.35M,30.00 
2020-08-10 00:11:54, 0.00 , 0.00 , 0.00 , 0.00 ,66.35M,30.00 
2020-08-10 00:11:55, 0.00 , 0.00 , 0.00 , 0.00 ,66.35M,30.00 
2020-08-10 00:11:56, 2.00 ,28.69K, 0.00 , 0.00 ,66.35M,30.00 
2020-08-10 00:11:57, 0.00 , 0.00 , 0.00 , 0.00 ,66.35M,30.00 
2020-08-10 00:11:58, 0.00 , 0.00 , 0.00 , 0.00 ,66.35M,30.00 
2020-08-10 00:11:59, 0.00 , 0.00 , 0.00 , 0.00 ,66.35M,30.00 
2020-08-10 00:12:00, 0.00 , 0.00 , 0.00 , 0.00 ,66.35M,30.00 
2020-08-10 00:12:01, 0.00 , 0.00 , 0.00 , 0.00 ,66.35M,30.00 
2020-08-10 00:12:02, 0.00 , 0.00 , 0.00 , 0.00 ,66.35M,30.00 
2020-08-10 00:12:03, 0.00 , 0.00 , 0.00 , 0.00 ,66.35M,30.00 
2020-08-10 00:12:04, 0.00 , 0.00 , 0.00 , 0.00 ,66.35M,30.00 
2020-08-10 00:12:05, 0.00 , 0.00 , 0.00 , 0.00 ,66.35M,30.00 
2020-08-10 00:12:06, 0.00 , 0.00 , 0.00 , 0.00 ,66.35M,30.00 
2020-08-10 00:12:07, 0.00 , 0.00 , 0.00 , 0.00 ,66.35M,30.00 
2020-08-10 00:12:08, 0.00 , 0.00 , 0.00 , 0.00 ,66.35M,30.00 
2020-08-10 00:12:09, 0.00 , 0.00 , 0.00 , 0.00 ,66.35M,30.00 
2020-08-10 00:12:10, 0.00 , 0.00 , 0.00 , 0.00 ,66.35M,30.00 
2020-08-10 00:12:11, 0.00 , 0.00 , 0.00 , 0.00 ,66.35M,30.00 
2020-08-10 00:12:12, 0.00 , 0.00 , 0.00 , 0.00 ,66.35M,30.00 
2020-08-10 00:12:13, 0.00 , 0.00 , 0.00 , 0.00 ,66.35M,30.00 
2020-08-10 00:12:14, 0.00 , 0.00 , 0.00 , 0.00 ,66.35M,30.00 
2020-08-10 00:12:15, 0.00 , 0.00 , 0.00 , 0.00 ,66.35M,30.00 
2020-08-10 00:12:16, 0.00 , 0.00 , 0.00 , 0.00 ,66.35M,30.00 
2020-08-10 00:12:17, 0.00 , 0.00 , 0.00 , 0.00 ,66.35M,30.00 
2020-08-10 00:12:18, 0.00 , 0.00 , 0.00 , 0.00 ,66.35M,30.00 
2020-08-10 00:12:19, 0.00 , 0.00 , 0.00 , 0.00 ,66.35M,30.00 
2020-08-10 00:12:20, 3.00 ,12.29K, 0.00 , 0.00 ,66.35M,30.00 
2020-08-10 00:12:21, 0.00 , 0.00 , 0.00 , 0.00 ,66.35M,30.00 
2020-08-10 00:12:22, 0.00 , 0.00 , 0.00 , 0.00 ,66.35M,30.00 
2020-08-10 00:12:23, 0.00 , 0.00 , 0.00 , 0.00 ,66.35M,30.00 
2020-08-10 00:12:24, 0.00 , 0.00 , 0.00 , 0.00 ,66.35M,30.00 
2020-08-10 00:12:25, 3.00 ,61.45K, 0.00 , 0.00 ,66.34M,27.00 
2020-08-10 00:12:26, 0.00 , 0.00 , 0.00 , 0.00 ,66.34M,27.00 
2020-08-10 00:12:27, 0.00 , 0.00 , 0.00 , 0.00 ,66.34M,27.00 
2020-08-10 00:12:28, 0.00 , 0.00 , 0.00 , 0.00 ,66.34M,27.00 
2020-08-10 00:12:29, 0.00 , 0.00 , 0.00 , 0.00 ,66.34M,27.00 
2020-08-10 00:12:30, 1.00 , 4.10K, 0.00 , 0.00 ,66.34M,27.00 
2020-08-10 00:12:31, 2.00 ,45.06K, 0.00 , 0.00 ,66.34M,27.00 
2020-08-10 00:12:32, 0.00 , 0.00 , 0.00 , 0.00 ,66.34M,27.00 
2020-08-10 00:12:33, 0.00 , 0.00 , 0.00 , 0.00 ,66.34M,27.00 
2020-08-10 00:12:34, 0.00 , 0.00 , 0.00 , 0.00 ,66.34M,27.00 
2020-08-10 00:12:35, 0.00 , 0.00 , 0.00 , 0.00 ,66.34M,27.00 
2020-08-10 00:12:36, 0.00 , 0.00 , 0.00 , 0.00 ,66.34M,27.00 
2020-08-10 00:12:37, 0.00 , 0.00 , 0.00 , 0.00 ,66.34M,27.00 
2020-08-10 00:12:38, 0.00 , 0.00 , 0.00 , 0.00 ,66.34M,27.00 
2020-08-10 00:12:39, 0.00 , 0.00 , 0.00 , 0.00 ,66.34M,27.00 
2020-08-10 00:12:40, 0.00 , 0.00 , 0.00 , 0.00 ,66.34M,27.00 
2020-08-10 00:12:41, 0.00 , 0.00 , 0.00 , 0.00 ,66.34M,27.00 
2020-08-10 00:12:42, 0.00 , 0.00 , 0.00 , 0.00 ,66.34M,27.00 
2020-08-10 00:12:43, 0.00 , 0.00 , 0.00 , 0.00 ,66.34M,27.00 
2020-08-10 00:12:44, 0.00 , 0.00 , 0.00 , 0.00 ,66.34M,27.00 
2020-08-10 00:12:45, 0.00 , 0.00 , 0.00 , 0.00 ,66.34M,27.00 
2020-08-10 00:12:46, 0.00 , 0.00 , 0.00 , 0.00 ,66.34M,27.00 
2020-08-10 00:12:47, 0.00 , 0.00 , 0.00 , 0.00 ,66.34M,27.00 
2020-08-10 00:12:48, 0.00 , 0.00 , 0.00 , 0.00 ,66.34M,27.00 
2020-08-10 00:12:49, 0.00 , 0.00 , 0.00 , 0.00 ,66.34M,27.00 
2020-08-10 00:12:50, 0.00 , 0.00 , 0.00 , 0.00 ,66.35M,30.00 
2020-08-10 00:12:51, 0.00 , 0.00 , 0.00 , 0.00 ,66.35M,30.00 
2020-08-10 00:12:52, 0.00 , 0.00 , 0.00 , 0.00 ,66.35M,30.00 
2020-08-10 00:12:53, 0.00 , 0.00 , 0.00 , 0.00 ,66.35M,30.00 
2020-08-10 00:12:54, 0.00 , 0.00 , 0.00 , 0.00 ,66.35M,30.00 
2020-08-10 00:12:55, 0.00 , 0.00 , 0.00 , 0.00 ,66.35M,30.00 
2020-08-10 00:12:56, 2.00 ,28.68K, 0.00 , 0.00 ,66.35M,30.00 
2020-08-10 00:12:57, 0.00 , 0.00 , 0.00 , 0.00 ,66.35M,30.00 
2020-08-10 00:12:58, 0.00 , 0.00 , 0.00 , 0.00 ,66.35M,30.00 
2020-08-10 00:12:59, 0.00 , 0.00 , 0.00 , 0.00 ,66.35M,30.00 
2020-08-10 00:13:00, 0.00 , 0.00 , 0.00 , 0.00 ,66.35M,30.00 
2020-08-10 00:13:01, 0.00 , 0.00 , 0.00 , 0.00 ,66.35M,30.00 
2020-08-10 00:13:02, 0.00 , 0.00 , 0.00 , 0.00 ,66.35M,30.00 
2020-08-10 00:13:03, 0.00 , 0.00 , 0.00 , 0.00 ,66.35M,30.00 
2020-08-10 00:13:04, 0.00 , 0.00 , 0.00 , 0.00 ,66.35M,30.00 
2020-08-10 00:13:05, 9.00 ,40.98K, 0.00 , 0.00 ,66.35M,30.00 
2020-08-10 00:13:06, 0.00 , 0.00 , 0.00 , 0.00 ,66.35M,30.00 
2020-08-10 00:13:07, 0.00 , 0.00 , 0.00 , 0.00 ,66.35M,30.00 
2020-08-10 00:13:08, 0.00 , 0.00 , 0.00 , 0.00 ,66.35M,30.00 
2020-08-10 00:13:09, 0.00 , 0.00 , 0.00 , 0.00 ,66.35M,30.00 
2020-08-10 00:13:10, 0.00 , 0.00 , 0.00 , 0.00 ,66.35M,30.00 
2020-08-10 00:13:11, 0.00 , 0.00 , 0.00 , 0.00 ,66.35M,30.00 
2020-08-10 00:13:12, 0.00 , 0.00 , 0.00 , 0.00 ,66.35M,30.00 
2020-08-10 00:13:13, 0.00 , 0.00 , 0.00 , 0.00 ,66.35M,30.00 
2020-08-10 00:13:14, 0.00 , 0.00 , 0.00 , 0.00 ,66.35M,30.00 
2020-08-10 00:13:15, 0.00 , 0.00 , 0.00 , 0.00 ,66.35M,30.00 
2020-08-10 00:13:16, 0.00 , 0.00 , 0.00 , 0.00 ,66.35M,30.00 
2020-08-10 00:13:17, 0.00 , 0.00 , 0.00 , 0.00 ,66.35M,30.00 
2020-08-10 00:13:18, 0.00 , 0.00 , 0.00 , 0.00 ,66.35M,30.00 
2020-08-10 00:13:19, 0.00 , 0.00 , 0.00 , 0.00 ,66.35M,30.00 
2020-08-10 00:13:20, 3.00 ,12.28K, 0.00 , 0.00 ,66.35M,30.00 
2020-08-10 00:13:21, 0.00 , 0.00 , 0.00 , 0.00 ,66.35M,30.00 
2020-08-10 00:13:22, 0.00 , 0.00 , 0.00 , 0.00 ,66.35M,30.00 
2020-08-10 00:13:23, 0.00 , 0.00 , 0.00 , 0.00 ,66.35M,30.00 
2020-08-10 00:13:24, 0.00 , 0.00 , 0.00 , 0.00 ,66.35M,30.00 
2020-08-10 00:13:25, 0.00 , 0.00 , 0.00 , 0.00 ,66.35M,30.00 
2020-08-10 00:13:26, 2.00 ,20.50K, 0.00 , 0.00 ,66.35M,30.00 
2020-08-10 00:13:27, 0.00 , 0.00 , 0.00 , 0.00 ,66.35M,30.00 
2020-08-10 00:13:28, 0.00 , 0.00 , 0.00 , 0.00 ,66.35M,30.00 
2020-08-10 00:13:29, 0.00 , 0.00 , 0.00 , 0.00 ,66.35M,30.00 
2020-08-10 00:13:30, 0.00 , 0.00 , 0.00 , 0.00 ,66.35M,30.00 
2020-08-10 00:13:31, 0.00 , 0.00 , 0.00 , 0.00 ,66.35M,30.00 
2020-08-10 00:13:32, 0.00 , 0.00 , 0.00 , 0.00 ,66.35M,30.00 
2020-08-10 00:13:33, 0.00 , 0.00 , 0.00 , 0.00 ,66.35M,30.00 
2020-08-10 00:13:34, 0.00 , 0.00 , 0.00 , 0.00 ,66.35M,30.00 
2020-08-10 00:13:35, 0.00 , 0.00 , 0.00 , 0.00 ,66.35M,30.00 
2020-08-10 00:13:36, 0.00 , 0.00 , 0.00 , 0.00 ,66.35M,30.00 
2020-08-10 00:13:37, 0.00 , 0.00 , 0.00 , 0.00 ,66.35M,30.00 
2020-08-10 00:13:38, 0.00 , 0.00 , 0.00 , 0.00 ,66.35M,30.00 
2020-08-10 00:13:39, 0.00 , 0.00 , 0.00 , 0.00 ,66.35M,30.00 
2020-08-10 00:13:40, 0.00 , 0.00 , 0.00 , 0.00 ,66.35M,30.00 
2020-08-10 00:13:41, 0.00 , 0.00 , 0.00 , 0.00 ,66.35M,30.00 
2020-08-10 00:13:42, 0.00 , 0.00 , 0.00 , 0.00 ,66.35M,30.00 
2020-08-10 00:13:43, 0.00 , 0.00 , 0.00 , 0.00 ,66.35M,30.00 
2020-08-10 00:13:44, 0.00 , 0.00 , 0.00 , 0.00 ,66.35M,30.00 
2020-08-10 00:13:45, 0.00 , 0.00 , 0.00 , 0.00 ,66.35M,30.00 
2020-08-10 00:13:46, 0.00 , 0.00 , 0.00 , 0.00 ,66.35M,30.00 
2020-08-10 00:13:47, 0.00 , 0.00 , 0.00 , 0.00 ,66.35M,30.00 
2020-08-10 00:13:48, 0.00 , 0.00 , 0.00 , 0.00 ,66.35M,30.00 
2020-08-10 00:13:49, 0.00 , 0.00 , 0.00 , 0.00 ,66.35M,30.00 
2020-08-10 00:13:50, 1.00 ,40.96K, 0.00 , 0.00 ,66.35M,30.00 
2020-08-10 00:13:51, 3.00 ,12.29K, 0.00 , 0.00 ,66.35M,30.00 
2020-08-10 00:13:52, 0.00 , 0.00 , 0.00 , 0.00 ,66.35M,30.00 
2020-08-10 00:13:53, 0.00 , 0.00 , 0.00 , 0.00 ,66.35M,30.00 
2020-08-10 00:13:54, 0.00 , 0.00 , 0.00 , 0.00 ,66.35M,30.00 
2020-08-10 00:13:55, 0.00 , 0.00 , 0.00 , 0.00 ,66.35M,30.00 
2020-08-10 00:13:56, 2.00 ,53.22K, 0.00 , 0.00 ,66.35M,30.00 
2020-08-10 00:13:57, 0.00 , 0.00 , 0.00 , 0.00 ,66.35M,30.00 
2020-08-10 00:13:58, 0.00 , 0.00 , 0.00 , 0.00 ,66.35M,30.00 
2020-08-10 00:13:59, 0.00 , 0.00 , 0.00 , 0.00 ,66.35M,30.00 
2020-08-10 00:14:00, 0.00 , 0.00 , 0.00 , 0.00 ,66.35M,30.00 
2020-08-10 00:14:01, 9.00 ,45.07K, 0.00 , 0.00 ,66.35M,30.00 
2020-08-10 00:14:02, 0.00 , 0.00 , 0.00 , 0.00 ,66.35M,30.00 
2020-08-10 00:14:03, 0.00 , 0.00 , 0.00 , 0.00 ,66.35M,30.00 
2020-08-10 00:14:04, 0.00 , 0.00 , 0.00 , 0.00 ,66.35M,30.00 
2020-08-10 00:14:05, 0.00 , 0.00 , 0.00 , 0.00 ,66.35M,30.00 
2020-08-10 00:14:06, 0.00 , 0.00 , 0.00 , 0.00 ,66.35M,30.00 
2020-08-10 00:14:07, 0.00 , 0.00 , 0.00 , 0.00 ,66.35M,30.00 
2020-08-10 00:14:08, 0.00 , 0.00 , 0.00 , 0.00 ,66.35M,30.00 
2020-08-10 00:14:09, 0.00 , 0.00 , 0.00 , 0.00 ,66.35M,30.00 
2020-08-10 00:14:10, 0.00 , 0.00 , 0.00 , 0.00 ,66.35M,30.00 
2020-08-10 00:14:11, 0.00 , 0.00 , 0.00 , 0.00 ,66.35M,30.00 
2020-08-10 00:14:12, 0.00 , 0.00 , 0.00 , 0.00 ,66.35M,30.00 
2020-08-10 00:14:13, 0.00 , 0.00 , 0.00 , 0.00 ,66.35M,30.00 
2020-08-10 00:14:14, 0.00 , 0.00 , 0.00 , 0.00 ,66.35M,30.00 
2020-08-10 00:14:15, 0.00 , 0.00 , 0.00 , 0.00 ,66.35M,30.00 
2020-08-10 00:14:16, 0.00 , 0.00 , 0.00 , 0.00 ,66.35M,30.00 
2020-08-10 00:14:17, 0.00 , 0.00 , 0.00 , 0.00 ,66.35M,30.00 
2020-08-10 00:14:18, 0.00 , 0.00 , 0.00 , 0.00 ,66.35M,30.00 
2020-08-10 00:14:19, 0.00 , 0.00 , 0.00 , 0.00 ,66.35M,30.00 
2020-08-10 00:14:20, 0.00 , 0.00 , 0.00 , 0.00 ,66.35M,30.00 
2020-08-10 00:14:21, 0.00 , 0.00 , 0.00 , 0.00 ,66.35M,30.00 
2020-08-10 00:14:22, 0.00 , 0.00 , 0.00 , 0.00 ,66.35M,30.00 
2020-08-10 00:14:23, 0.00 , 0.00 , 0.00 , 0.00 ,66.35M,30.00 
2020-08-10 00:14:24, 0.00 , 0.00 , 0.00 , 0.00 ,66.35M,30.00 
2020-08-10 00:14:25, 0.00 , 0.00 , 0.00 , 0.00 ,66.35M,30.00 
2020-08-10 00:14:26, 0.00 , 0.00 , 0.00 , 0.00 ,66.35M,30.00 
2020-08-10 00:14:27, 0.00 , 0.00 , 0.00 , 0.00 ,66.35M,30.00 
2020-08-10 00:14:28, 0.00 , 0.00 , 0.00 , 0.00 ,66.35M,30.00 
2020-08-10 00:14:29, 0.00 , 0.00 , 0.00 , 0.00 ,66.35M,30.00 
2020-08-10 00:14:30, 0.00 , 0.00 , 0.00 , 0.00 ,66.35M,30.00 
2020-08-10 00:14:31, 0.00 , 0.00 , 0.00 , 0.00 ,66.35M,30.00 
2020-08-10 00:14:32, 0.00 , 0.00 , 0.00 , 0.00 ,66.35M,30.00 
2020-08-10 00:14:33, 0.00 , 0.00 , 0.00 , 0.00 ,66.35M,30.00 
2020-08-10 00:14:34, 0.00 , 0.00 , 0.00 , 0.00 ,66.35M,30.00 
2020-08-10 00:14:35, 0.00 , 0.00 , 0.00 , 0.00 ,66.35M,30.00 
2020-08-10 00:14:36, 0.00 , 0.00 , 0.00 , 0.00 ,66.35M,30.00 
2020-08-10 00:14:37, 0.00 , 0.00 , 0.00 , 0.00 ,66.35M,30.00 
2020-08-10 00:14:38, 0.00 , 0.00 , 0.00 , 0.00 ,66.35M,30.00 
2020-08-10 00:14:39, 0.00 , 0.00 , 0.00 , 0.00 ,66.35M,30.00 
2020-08-10 00:14:40, 0.00 , 0.00 , 0.00 , 0.00 ,66.35M,30.00 
2020-08-10 00:14:41, 0.00 , 0.00 , 0.00 , 0.00 ,66.35M,30.00 
2020-08-10 00:14:42, 0.00 , 0.00 , 0.00 , 0.00 ,66.35M,30.00 
2020-08-10 00:14:43, 0.00 , 0.00 , 0.00 , 0.00 ,66.35M,30.00 
2020-08-10 00:14:44, 0.00 , 0.00 , 0.00 , 0.00 ,66.35M,30.00 
2020-08-10 00:14:45, 0.00 , 0.00 , 0.00 , 0.00 ,66.35M,30.00 
2020-08-10 00:14:46, 0.00 , 0.00 , 0.00 , 0.00 ,66.35M,30.00 
2020-08-10 00:14:47, 0.00 , 0.00 , 0.00 , 0.00 ,66.35M,30.00 
2020-08-10 00:14:48, 0.00 , 0.00 , 0.00 , 0.00 ,66.35M,30.00 
2020-08-10 00:14:49, 0.00 , 0.00 , 0.00 , 0.00 ,66.35M,30.00 
2020-08-10 00:14:50, 0.00 , 0.00 , 0.00 , 0.00 ,66.35M,30.00 
2020-08-10 00:14:51, 0.00 , 0.00 , 0.00 , 0.00 ,66.35M,30.00 
2020-08-10 00:14:52, 0.00 , 0.00 , 0.00 , 0.00 ,66.35M,30.00 
2020-08-10 00:14:53, 0.00 , 0.00 , 0.00 , 0.00 ,66.35M,30.00 
2020-08-10 00:14:54, 0.00 , 0.00 , 0.00 , 0.00 ,66.35M,30.00 
2020-08-10 00:14:55, 1.00 ,40.96K, 0.00 , 0.00 ,66.34M,27.00 
2020-08-10 00:14:56, 0.00 , 0.00 , 0.00 , 0.00 ,66.34M,27.00 
2020-08-10 00:14:57, 0.00 , 0.00 , 0.00 , 0.00 ,66.34M,27.00 
2020-08-10 00:14:58, 0.00 , 0.00 , 0.00 , 0.00 ,66.34M,27.00 
2020-08-10 00:14:59, 0.00 , 0.00 , 0.00 , 0.00 ,66.34M,27.00 
2020-08-10 00:15:00, 0.00 , 0.00 , 0.00 , 0.00 ,66.34M,27.00 
2020-08-10 00:15:01, 2.00 ,53.26K, 0.00 , 0.00 ,66.34M,27.00 
2020-08-10 00:15:02, 0.00 , 0.00 , 0.00 , 0.00 ,66.34M,27.00 
2020-08-10 00:15:03, 0.00 , 0.00 , 0.00 , 0.00 ,66.34M,27.00 
2020-08-10 00:15:04, 0.00 , 0.00 , 0.00 , 0.00 ,66.34M,27.00 
2020-08-10 00:15:05, 0.00 , 0.00 , 0.00 , 0.00 ,66.34M,27.00 
