[ 1] local::disk.partitions.write["vdb1"]
[ 2] local::disk.partitions.write_bytes["vdb1"]
[ 3] local::disk.partitions.read["vdb1"]
[ 4] local::disk.partitions.read_bytes["vdb1"]
[ 5] local::filesys.used["/dev/vdb1"]
[ 6] local::filesys.usedfiles["/dev/vdb1"]

             Column,     1,     2,     3,     4,     5,     6
             Source,local:,local:,local:,local:,local:,local:
             Metric, write,_bytes,  read,_bytes,  used,dfiles
               Inst,  vdb1,  vdb1,  vdb1,  vdb1,/dev/v,/dev/v
              Units,   c/s,   b/s,   c/s,   b/s,     b,  none
2020-08-09 21:38:38,     ?,     ?,     ?,     ?,66.45M,26.00 
2020-08-09 21:38:39, 0.00 , 0.00 , 0.00 , 0.00 ,66.45M,26.00 
2020-08-09 21:38:40, 0.00 , 0.00 , 0.00 , 0.00 ,66.45M,26.00 
2020-08-09 21:38:41, 0.00 , 0.00 , 0.00 , 0.00 ,66.45M,26.00 
2020-08-09 21:38:42, 0.00 , 0.00 , 0.00 , 0.00 ,66.45M,26.00 
2020-08-09 21:38:43, 0.00 , 0.00 , 0.00 , 0.00 ,66.45M,26.00 
2020-08-09 21:38:44, 0.00 , 0.00 , 0.00 , 0.00 ,66.45M,26.00 
2020-08-09 21:38:45, 0.00 , 0.00 , 0.00 , 0.00 ,66.45M,26.00 
2020-08-09 21:38:46, 0.00 , 0.00 , 0.00 , 0.00 ,66.45M,26.00 
2020-08-09 21:38:47, 0.00 , 0.00 , 0.00 , 0.00 ,66.45M,26.00 
2020-08-09 21:38:48, 0.00 , 0.00 , 0.00 , 0.00 ,66.45M,26.00 
2020-08-09 21:38:49, 0.00 , 0.00 , 0.00 , 0.00 ,66.45M,26.00 
2020-08-09 21:38:50, 0.00 , 0.00 , 0.00 , 0.00 ,66.45M,26.00 
2020-08-09 21:38:51, 0.00 , 0.00 , 0.00 , 0.00 ,66.45M,26.00 
2020-08-09 21:38:52, 0.00 , 0.00 , 0.00 , 0.00 ,66.45M,26.00 
2020-08-09 21:38:53, 0.00 , 0.00 , 0.00 , 0.00 ,66.45M,26.00 
2020-08-09 21:38:54, 0.00 , 0.00 , 0.00 , 0.00 ,66.45M,26.00 
2020-08-09 21:38:55, 0.00 , 0.00 , 0.00 , 0.00 ,66.45M,26.00 
2020-08-09 21:38:56, 0.00 , 0.00 , 0.00 , 0.00 ,66.45M,26.00 
2020-08-09 21:38:57, 0.00 , 0.00 , 0.00 , 0.00 ,66.45M,26.00 
2020-08-09 21:38:58, 0.00 , 0.00 , 0.00 , 0.00 ,66.45M,26.00 
2020-08-09 21:38:59, 0.00 , 0.00 , 0.00 , 0.00 ,66.45M,26.00 
2020-08-09 21:39:00, 0.00 , 0.00 , 0.00 , 0.00 ,66.47M,30.00 
2020-08-09 21:39:01, 0.00 , 0.00 , 0.00 , 0.00 ,66.47M,30.00 
2020-08-09 21:39:02, 0.00 , 0.00 , 0.00 , 0.00 ,66.47M,30.00 
2020-08-09 21:39:03, 0.00 , 0.00 , 0.00 , 0.00 ,66.47M,30.00 
2020-08-09 21:39:04, 0.00 , 0.00 , 0.00 , 0.00 ,66.47M,30.00 
2020-08-09 21:39:05, 5.00 ,53.24K, 0.00 , 0.00 ,66.47M,30.00 
2020-08-09 21:39:06, 0.00 , 0.00 , 0.00 , 0.00 ,66.47M,30.00 
2020-08-09 21:39:07, 0.00 , 0.00 , 0.00 , 0.00 ,66.47M,30.00 
2020-08-09 21:39:08, 0.00 , 0.00 , 0.00 , 0.00 ,66.47M,30.00 
2020-08-09 21:39:09, 0.00 , 0.00 , 0.00 , 0.00 ,66.47M,30.00 
2020-08-09 21:39:10, 7.00 ,40.98K, 0.00 , 0.00 ,66.47M,30.00 
2020-08-09 21:39:11, 0.00 , 0.00 , 0.00 , 0.00 ,66.47M,30.00 
2020-08-09 21:39:12, 0.00 , 0.00 , 0.00 , 0.00 ,66.47M,30.00 
2020-08-09 21:39:13, 0.00 , 0.00 , 0.00 , 0.00 ,66.47M,30.00 
2020-08-09 21:39:14, 0.00 , 0.00 , 0.00 , 0.00 ,66.47M,30.00 
2020-08-09 21:39:15, 3.00 ,12.28K, 0.00 , 0.00 ,66.47M,30.00 
2020-08-09 21:39:16, 0.00 , 0.00 , 0.00 , 0.00 ,66.47M,30.00 
2020-08-09 21:39:17, 0.00 , 0.00 , 0.00 , 0.00 ,66.47M,30.00 
2020-08-09 21:39:18, 0.00 , 0.00 , 0.00 , 0.00 ,66.47M,30.00 
2020-08-09 21:39:19, 0.00 , 0.00 , 0.00 , 0.00 ,66.47M,30.00 
2020-08-09 21:39:20, 0.00 , 0.00 , 0.00 , 0.00 ,66.47M,30.00 
2020-08-09 21:39:21, 0.00 , 0.00 , 0.00 , 0.00 ,66.47M,30.00 
2020-08-09 21:39:22, 0.00 , 0.00 , 0.00 , 0.00 ,66.47M,30.00 
2020-08-09 21:39:23, 0.00 , 0.00 , 0.00 , 0.00 ,66.47M,30.00 
2020-08-09 21:39:24, 0.00 , 0.00 , 0.00 , 0.00 ,66.47M,30.00 
2020-08-09 21:39:25, 0.00 , 0.00 , 0.00 , 0.00 ,66.47M,30.00 
2020-08-09 21:39:26, 0.00 , 0.00 , 0.00 , 0.00 ,66.47M,30.00 
2020-08-09 21:39:27, 0.00 , 0.00 , 0.00 , 0.00 ,66.47M,30.00 
2020-08-09 21:39:28, 0.00 , 0.00 , 0.00 , 0.00 ,66.47M,30.00 
2020-08-09 21:39:29, 0.00 , 0.00 , 0.00 , 0.00 ,66.47M,30.00 
2020-08-09 21:39:30, 0.00 , 0.00 , 0.00 , 0.00 ,66.47M,30.00 
2020-08-09 21:39:31, 0.00 , 0.00 , 0.00 , 0.00 ,66.47M,30.00 
2020-08-09 21:39:32, 0.00 , 0.00 , 0.00 , 0.00 ,66.47M,30.00 
2020-08-09 21:39:33, 0.00 , 0.00 , 0.00 , 0.00 ,66.47M,30.00 
2020-08-09 21:39:34, 0.00 , 0.00 , 0.00 , 0.00 ,66.47M,30.00 
2020-08-09 21:39:35, 0.00 , 0.00 , 0.00 , 0.00 ,66.47M,30.00 
2020-08-09 21:39:36, 0.00 , 0.00 , 0.00 , 0.00 ,66.47M,30.00 
2020-08-09 21:39:37, 0.00 , 0.00 , 0.00 , 0.00 ,66.47M,30.00 
2020-08-09 21:39:38, 0.00 , 0.00 , 0.00 , 0.00 ,66.47M,30.00 
2020-08-09 21:39:39, 0.00 , 0.00 , 0.00 , 0.00 ,66.47M,30.00 
2020-08-09 21:39:40, 0.00 , 0.00 , 0.00 , 0.00 ,66.47M,30.00 
2020-08-09 21:39:41, 0.00 , 0.00 , 0.00 , 0.00 ,66.47M,30.00 
2020-08-09 21:39:42, 0.00 , 0.00 , 0.00 , 0.00 ,66.47M,30.00 
2020-08-09 21:39:43, 0.00 , 0.00 , 0.00 , 0.00 ,66.47M,30.00 
2020-08-09 21:39:44, 0.00 , 0.00 , 0.00 , 0.00 ,66.47M,30.00 
2020-08-09 21:39:45, 0.00 , 0.00 , 0.00 , 0.00 ,66.47M,30.00 
2020-08-09 21:39:46, 0.00 , 0.00 , 0.00 , 0.00 ,66.47M,30.00 
2020-08-09 21:39:47, 0.00 , 0.00 , 0.00 , 0.00 ,66.47M,30.00 
2020-08-09 21:39:48, 0.00 , 0.00 , 0.00 , 0.00 ,66.47M,30.00 
2020-08-09 21:39:49, 0.00 , 0.00 , 0.00 , 0.00 ,66.47M,30.00 
2020-08-09 21:39:50, 0.00 , 0.00 , 0.00 , 0.00 ,66.47M,30.00 
2020-08-09 21:39:51, 0.00 , 0.00 , 0.00 , 0.00 ,66.47M,30.00 
2020-08-09 21:39:52, 0.00 , 0.00 , 0.00 , 0.00 ,66.47M,30.00 
2020-08-09 21:39:53, 0.00 , 0.00 , 0.00 , 0.00 ,66.47M,30.00 
2020-08-09 21:39:54, 0.00 , 0.00 , 0.00 , 0.00 ,66.47M,30.00 
2020-08-09 21:39:55, 0.00 , 0.00 , 0.00 , 0.00 ,66.47M,30.00 
2020-08-09 21:39:56, 0.00 , 0.00 , 0.00 , 0.00 ,66.47M,30.00 
2020-08-09 21:39:57, 0.00 , 0.00 , 0.00 , 0.00 ,66.47M,30.00 
2020-08-09 21:39:58, 0.00 , 0.00 , 0.00 , 0.00 ,66.47M,30.00 
2020-08-09 21:39:59, 0.00 , 0.00 , 0.00 , 0.00 ,66.47M,30.00 
2020-08-09 21:40:00, 0.00 , 0.00 , 0.00 , 0.00 ,66.48M,33.00 
2020-08-09 21:40:01, 0.00 , 0.00 , 0.00 , 0.00 ,66.48M,33.00 
2020-08-09 21:40:02, 0.00 , 0.00 , 0.00 , 0.00 ,66.48M,33.00 
2020-08-09 21:40:03, 0.00 , 0.00 , 0.00 , 0.00 ,66.48M,33.00 
2020-08-09 21:40:04, 0.00 , 0.00 , 0.00 , 0.00 ,66.48M,33.00 
2020-08-09 21:40:05, 5.00 ,45.06K, 0.00 , 0.00 ,66.48M,33.00 
2020-08-09 21:40:06, 0.00 , 0.00 , 0.00 , 0.00 ,66.48M,33.00 
2020-08-09 21:40:07, 0.00 , 0.00 , 0.00 , 0.00 ,66.48M,33.00 
2020-08-09 21:40:08, 0.00 , 0.00 , 0.00 , 0.00 ,66.48M,33.00 
2020-08-09 21:40:09, 0.00 , 0.00 , 0.00 , 0.00 ,66.48M,33.00 
2020-08-09 21:40:10, 6.00 ,24.58K, 0.00 , 0.00 ,66.48M,33.00 
2020-08-09 21:40:11, 0.00 , 0.00 , 0.00 , 0.00 ,66.48M,33.00 
2020-08-09 21:40:12, 0.00 , 0.00 , 0.00 , 0.00 ,66.48M,33.00 
2020-08-09 21:40:13, 0.00 , 0.00 , 0.00 , 0.00 ,66.48M,33.00 
2020-08-09 21:40:14, 0.00 , 0.00 , 0.00 , 0.00 ,66.48M,33.00 
2020-08-09 21:40:15, 0.00 , 0.00 , 0.00 , 0.00 ,66.48M,33.00 
2020-08-09 21:40:16, 0.00 , 0.00 , 0.00 , 0.00 ,66.48M,33.00 
2020-08-09 21:40:17, 0.00 , 0.00 , 0.00 , 0.00 ,66.48M,33.00 
2020-08-09 21:40:18, 0.00 , 0.00 , 0.00 , 0.00 ,66.48M,33.00 
2020-08-09 21:40:19, 0.00 , 0.00 , 0.00 , 0.00 ,66.48M,33.00 
2020-08-09 21:40:20, 0.00 , 0.00 , 0.00 , 0.00 ,66.48M,33.00 
2020-08-09 21:40:21, 0.00 , 0.00 , 0.00 , 0.00 ,66.48M,33.00 
2020-08-09 21:40:22, 0.00 , 0.00 , 0.00 , 0.00 ,66.48M,33.00 
2020-08-09 21:40:23, 0.00 , 0.00 , 0.00 , 0.00 ,66.48M,33.00 
2020-08-09 21:40:24, 0.00 , 0.00 , 0.00 , 0.00 ,66.48M,33.00 
2020-08-09 21:40:25, 0.00 , 0.00 , 0.00 , 0.00 ,66.48M,33.00 
2020-08-09 21:40:26, 0.00 , 0.00 , 0.00 , 0.00 ,66.48M,33.00 
2020-08-09 21:40:27, 0.00 , 0.00 , 0.00 , 0.00 ,66.48M,33.00 
2020-08-09 21:40:28, 0.00 , 0.00 , 0.00 , 0.00 ,66.48M,33.00 
2020-08-09 21:40:29, 0.00 , 0.00 , 0.00 , 0.00 ,66.48M,33.00 
2020-08-09 21:40:30, 0.00 , 0.00 , 0.00 , 0.00 ,66.48M,33.00 
2020-08-09 21:40:31, 0.00 , 0.00 , 0.00 , 0.00 ,66.48M,33.00 
2020-08-09 21:40:32, 0.00 , 0.00 , 0.00 , 0.00 ,66.48M,33.00 
2020-08-09 21:40:33, 0.00 , 0.00 , 0.00 , 0.00 ,66.48M,33.00 
2020-08-09 21:40:34, 0.00 , 0.00 , 0.00 , 0.00 ,66.48M,33.00 
2020-08-09 21:40:35, 0.00 , 0.00 , 0.00 , 0.00 ,66.48M,33.00 
2020-08-09 21:40:36, 0.00 , 0.00 , 0.00 , 0.00 ,66.48M,33.00 
2020-08-09 21:40:37, 0.00 , 0.00 , 0.00 , 0.00 ,66.48M,33.00 
2020-08-09 21:40:38, 0.00 , 0.00 , 0.00 , 0.00 ,66.48M,33.00 
2020-08-09 21:40:39, 0.00 , 0.00 , 0.00 , 0.00 ,66.48M,33.00 
2020-08-09 21:40:40, 0.00 , 0.00 , 0.00 , 0.00 ,66.48M,33.00 
2020-08-09 21:40:41, 0.00 , 0.00 , 0.00 , 0.00 ,66.48M,33.00 
2020-08-09 21:40:42, 0.00 , 0.00 , 0.00 , 0.00 ,66.48M,33.00 
2020-08-09 21:40:43, 0.00 , 0.00 , 0.00 , 0.00 ,66.48M,33.00 
2020-08-09 21:40:44, 0.00 , 0.00 , 0.00 , 0.00 ,66.48M,33.00 
2020-08-09 21:40:45, 0.00 , 0.00 , 0.00 , 0.00 ,66.48M,33.00 
2020-08-09 21:40:46, 0.00 , 0.00 , 0.00 , 0.00 ,66.48M,33.00 
2020-08-09 21:40:47, 0.00 , 0.00 , 0.00 , 0.00 ,66.48M,33.00 
2020-08-09 21:40:48, 0.00 , 0.00 , 0.00 , 0.00 ,66.48M,33.00 
2020-08-09 21:40:49, 0.00 , 0.00 , 0.00 , 0.00 ,66.48M,33.00 
2020-08-09 21:40:50, 0.00 , 0.00 , 0.00 , 0.00 ,66.48M,33.00 
2020-08-09 21:40:51, 0.00 , 0.00 , 0.00 , 0.00 ,66.48M,33.00 
2020-08-09 21:40:52, 0.00 , 0.00 , 0.00 , 0.00 ,66.48M,33.00 
2020-08-09 21:40:53, 0.00 , 0.00 , 0.00 , 0.00 ,66.48M,33.00 
2020-08-09 21:40:54, 0.00 , 0.00 , 0.00 , 0.00 ,66.48M,33.00 
2020-08-09 21:40:55, 0.00 , 0.00 , 0.00 , 0.00 ,66.48M,33.00 
2020-08-09 21:40:56, 0.00 , 0.00 , 0.00 , 0.00 ,66.48M,33.00 
2020-08-09 21:40:57, 0.00 , 0.00 , 0.00 , 0.00 ,66.48M,33.00 
2020-08-09 21:40:58, 0.00 , 0.00 , 0.00 , 0.00 ,66.48M,33.00 
2020-08-09 21:40:59, 0.00 , 0.00 , 0.00 , 0.00 ,66.48M,33.00 
2020-08-09 21:41:00, 0.00 , 0.00 , 0.00 , 0.00 ,66.48M,33.00 
2020-08-09 21:41:01, 0.00 , 0.00 , 0.00 , 0.00 ,66.48M,33.00 
2020-08-09 21:41:02, 0.00 , 0.00 , 0.00 , 0.00 ,66.48M,33.00 
2020-08-09 21:41:03, 0.00 , 0.00 , 0.00 , 0.00 ,66.48M,33.00 
2020-08-09 21:41:04, 0.00 , 0.00 , 0.00 , 0.00 ,66.48M,33.00 
2020-08-09 21:41:05, 0.00 , 0.00 , 0.00 , 0.00 ,66.48M,33.00 
2020-08-09 21:41:06, 0.00 , 0.00 , 0.00 , 0.00 ,66.48M,33.00 
2020-08-09 21:41:07, 0.00 , 0.00 , 0.00 , 0.00 ,66.48M,33.00 
2020-08-09 21:41:08, 0.00 , 0.00 , 0.00 , 0.00 ,66.48M,33.00 
2020-08-09 21:41:09, 0.00 , 0.00 , 0.00 , 0.00 ,66.48M,33.00 
2020-08-09 21:41:10, 0.00 , 0.00 , 0.00 , 0.00 ,66.48M,33.00 
2020-08-09 21:41:11, 0.00 , 0.00 , 0.00 , 0.00 ,66.48M,33.00 
2020-08-09 21:41:12, 0.00 , 0.00 , 0.00 , 0.00 ,66.48M,33.00 
2020-08-09 21:41:13, 0.00 , 0.00 , 0.00 , 0.00 ,66.48M,33.00 
2020-08-09 21:41:14, 0.00 , 0.00 , 0.00 , 0.00 ,66.48M,33.00 
2020-08-09 21:41:15, 0.00 , 0.00 , 0.00 , 0.00 ,66.48M,33.00 
2020-08-09 21:41:16, 0.00 , 0.00 , 0.00 , 0.00 ,66.48M,33.00 
2020-08-09 21:41:17, 0.00 , 0.00 , 0.00 , 0.00 ,66.48M,33.00 
2020-08-09 21:41:18, 0.00 , 0.00 , 0.00 , 0.00 ,66.48M,33.00 
2020-08-09 21:41:19, 0.00 , 0.00 , 0.00 , 0.00 ,66.48M,33.00 
2020-08-09 21:41:20, 0.00 , 0.00 , 0.00 , 0.00 ,66.48M,33.00 
2020-08-09 21:41:21, 0.00 , 0.00 , 0.00 , 0.00 ,66.48M,33.00 
2020-08-09 21:41:22, 0.00 , 0.00 , 0.00 , 0.00 ,66.48M,33.00 
2020-08-09 21:41:23, 0.00 , 0.00 , 0.00 , 0.00 ,66.48M,33.00 
2020-08-09 21:41:24, 0.00 , 0.00 , 0.00 , 0.00 ,66.48M,33.00 
2020-08-09 21:41:25, 0.00 , 0.00 , 0.00 , 0.00 ,66.48M,33.00 
2020-08-09 21:41:26, 0.00 , 0.00 , 0.00 , 0.00 ,66.48M,33.00 
2020-08-09 21:41:27, 0.00 , 0.00 , 0.00 , 0.00 ,66.48M,33.00 
2020-08-09 21:41:28, 0.00 , 0.00 , 0.00 , 0.00 ,66.48M,33.00 
2020-08-09 21:41:29, 0.00 , 0.00 , 0.00 , 0.00 ,66.48M,33.00 
2020-08-09 21:41:30, 0.00 , 0.00 , 0.00 , 0.00 ,66.48M,33.00 
2020-08-09 21:41:31, 0.00 , 0.00 , 0.00 , 0.00 ,66.48M,33.00 
2020-08-09 21:41:32, 0.00 , 0.00 , 0.00 , 0.00 ,66.48M,33.00 
2020-08-09 21:41:33, 0.00 , 0.00 , 0.00 , 0.00 ,66.48M,33.00 
2020-08-09 21:41:34, 0.00 , 0.00 , 0.00 , 0.00 ,66.48M,33.00 
2020-08-09 21:41:35, 0.00 , 0.00 , 0.00 , 0.00 ,66.48M,33.00 
2020-08-09 21:41:36, 0.00 , 0.00 , 0.00 , 0.00 ,66.48M,33.00 
2020-08-09 21:41:37, 0.00 , 0.00 , 0.00 , 0.00 ,66.48M,33.00 
2020-08-09 21:41:38, 0.00 , 0.00 , 0.00 , 0.00 ,66.48M,33.00 
2020-08-09 21:41:39, 0.00 , 0.00 , 0.00 , 0.00 ,66.48M,33.00 
2020-08-09 21:41:40, 0.00 , 0.00 , 0.00 , 0.00 ,66.48M,33.00 
2020-08-09 21:41:41, 0.00 , 0.00 , 0.00 , 0.00 ,66.48M,33.00 
2020-08-09 21:41:42, 0.00 , 0.00 , 0.00 , 0.00 ,66.48M,33.00 
2020-08-09 21:41:43, 0.00 , 0.00 , 0.00 , 0.00 ,66.48M,33.00 
2020-08-09 21:41:44, 0.00 , 0.00 , 0.00 , 0.00 ,66.48M,33.00 
2020-08-09 21:41:45, 0.00 , 0.00 , 0.00 , 0.00 ,66.48M,33.00 
2020-08-09 21:41:46, 0.00 , 0.00 , 0.00 , 0.00 ,66.48M,33.00 
2020-08-09 21:41:47, 0.00 , 0.00 , 0.00 , 0.00 ,66.48M,33.00 
2020-08-09 21:41:48, 0.00 , 0.00 , 0.00 , 0.00 ,66.48M,33.00 
2020-08-09 21:41:49, 0.00 , 0.00 , 0.00 , 0.00 ,66.48M,33.00 
2020-08-09 21:41:50, 0.00 , 0.00 , 0.00 , 0.00 ,66.48M,33.00 
2020-08-09 21:41:51, 0.00 , 0.00 , 0.00 , 0.00 ,66.48M,33.00 
2020-08-09 21:41:52, 0.00 , 0.00 , 0.00 , 0.00 ,66.48M,33.00 
2020-08-09 21:41:53, 0.00 , 0.00 , 0.00 , 0.00 ,66.48M,33.00 
2020-08-09 21:41:54, 0.00 , 0.00 , 0.00 , 0.00 ,66.48M,33.00 
2020-08-09 21:41:55, 0.00 , 0.00 , 0.00 , 0.00 ,66.48M,33.00 
2020-08-09 21:41:56, 0.00 , 0.00 , 0.00 , 0.00 ,66.48M,33.00 
2020-08-09 21:41:57, 0.00 , 0.00 , 0.00 , 0.00 ,66.48M,33.00 
2020-08-09 21:41:58, 0.00 , 0.00 , 0.00 , 0.00 ,66.48M,33.00 
2020-08-09 21:41:59, 0.00 , 0.00 , 0.00 , 0.00 ,66.48M,33.00 
2020-08-09 21:42:00, 0.00 , 0.00 , 0.00 , 0.00 ,66.48M,33.00 
2020-08-09 21:42:01, 0.00 , 0.00 , 0.00 , 0.00 ,66.48M,33.00 
2020-08-09 21:42:02, 0.00 , 0.00 , 0.00 , 0.00 ,66.48M,33.00 
2020-08-09 21:42:03, 0.00 , 0.00 , 0.00 , 0.00 ,66.48M,33.00 
2020-08-09 21:42:04, 0.00 , 0.00 , 0.00 , 0.00 ,66.48M,33.00 
2020-08-09 21:42:05, 0.00 , 0.00 , 0.00 , 0.00 ,66.48M,33.00 
2020-08-09 21:42:06, 0.00 , 0.00 , 0.00 , 0.00 ,66.48M,33.00 
2020-08-09 21:42:07, 0.00 , 0.00 , 0.00 , 0.00 ,66.48M,33.00 
2020-08-09 21:42:08, 0.00 , 0.00 , 0.00 , 0.00 ,66.48M,33.00 
2020-08-09 21:42:09, 0.00 , 0.00 , 0.00 , 0.00 ,66.48M,33.00 
2020-08-09 21:42:10, 0.00 , 0.00 , 0.00 , 0.00 ,66.48M,33.00 
2020-08-09 21:42:11, 0.00 , 0.00 , 0.00 , 0.00 ,66.48M,33.00 
2020-08-09 21:42:12, 0.00 , 0.00 , 0.00 , 0.00 ,66.48M,33.00 
2020-08-09 21:42:13, 0.00 , 0.00 , 0.00 , 0.00 ,66.48M,33.00 
2020-08-09 21:42:14, 0.00 , 0.00 , 0.00 , 0.00 ,66.48M,33.00 
2020-08-09 21:42:15, 0.00 , 0.00 , 0.00 , 0.00 ,66.48M,33.00 
2020-08-09 21:42:16, 0.00 , 0.00 , 0.00 , 0.00 ,66.48M,33.00 
2020-08-09 21:42:17, 0.00 , 0.00 , 0.00 , 0.00 ,66.48M,33.00 
2020-08-09 21:42:18, 0.00 , 0.00 , 0.00 , 0.00 ,66.48M,33.00 
2020-08-09 21:42:19, 0.00 , 0.00 , 0.00 , 0.00 ,66.48M,33.00 
2020-08-09 21:42:20, 0.00 , 0.00 , 0.00 , 0.00 ,66.48M,33.00 
2020-08-09 21:42:21, 0.00 , 0.00 , 0.00 , 0.00 ,66.48M,33.00 
2020-08-09 21:42:22, 0.00 , 0.00 , 0.00 , 0.00 ,66.48M,33.00 
2020-08-09 21:42:23, 0.00 , 0.00 , 0.00 , 0.00 ,66.48M,33.00 
2020-08-09 21:42:24, 0.00 , 0.00 , 0.00 , 0.00 ,66.48M,33.00 
2020-08-09 21:42:25, 0.00 , 0.00 , 0.00 , 0.00 ,66.48M,33.00 
2020-08-09 21:42:26, 0.00 , 0.00 , 0.00 , 0.00 ,66.48M,33.00 
2020-08-09 21:42:27, 0.00 , 0.00 , 0.00 , 0.00 ,66.48M,33.00 
2020-08-09 21:42:28, 0.00 , 0.00 , 0.00 , 0.00 ,66.48M,33.00 
2020-08-09 21:42:29, 0.00 , 0.00 , 0.00 , 0.00 ,66.48M,33.00 
2020-08-09 21:42:30, 0.00 , 0.00 , 0.00 , 0.00 ,66.48M,33.00 
2020-08-09 21:42:31, 0.00 , 0.00 , 0.00 , 0.00 ,66.48M,33.00 
2020-08-09 21:42:32, 0.00 , 0.00 , 0.00 , 0.00 ,66.48M,33.00 
2020-08-09 21:42:33, 0.00 , 0.00 , 0.00 , 0.00 ,66.48M,33.00 
2020-08-09 21:42:34, 0.00 , 0.00 , 0.00 , 0.00 ,66.48M,33.00 
2020-08-09 21:42:35, 0.00 , 0.00 , 0.00 , 0.00 ,66.48M,33.00 
2020-08-09 21:42:36, 0.00 , 0.00 , 0.00 , 0.00 ,66.48M,33.00 
2020-08-09 21:42:37, 0.00 , 0.00 , 0.00 , 0.00 ,66.48M,33.00 
2020-08-09 21:42:38, 0.00 , 0.00 , 0.00 , 0.00 ,66.48M,33.00 
2020-08-09 21:42:39, 0.00 , 0.00 , 0.00 , 0.00 ,66.48M,33.00 
2020-08-09 21:42:40, 0.00 , 0.00 , 0.00 , 0.00 ,66.48M,33.00 
2020-08-09 21:42:41, 0.00 , 0.00 , 0.00 , 0.00 ,66.48M,33.00 
2020-08-09 21:42:42, 0.00 , 0.00 , 0.00 , 0.00 ,66.48M,33.00 
2020-08-09 21:42:43, 0.00 , 0.00 , 0.00 , 0.00 ,66.48M,33.00 
2020-08-09 21:42:44, 0.00 , 0.00 , 0.00 , 0.00 ,66.48M,33.00 
2020-08-09 21:42:45, 0.00 , 0.00 , 0.00 , 0.00 ,66.48M,33.00 
2020-08-09 21:42:46, 0.00 , 0.00 , 0.00 , 0.00 ,66.48M,33.00 
2020-08-09 21:42:47, 0.00 , 0.00 , 0.00 , 0.00 ,66.48M,33.00 
2020-08-09 21:42:48, 0.00 , 0.00 , 0.00 , 0.00 ,66.48M,33.00 
2020-08-09 21:42:49, 0.00 , 0.00 , 0.00 , 0.00 ,66.48M,33.00 
2020-08-09 21:42:50, 0.00 , 0.00 , 0.00 , 0.00 ,66.48M,33.00 
2020-08-09 21:42:51, 0.00 , 0.00 , 0.00 , 0.00 ,66.48M,33.00 
2020-08-09 21:42:52, 0.00 , 0.00 , 0.00 , 0.00 ,66.48M,33.00 
2020-08-09 21:42:53, 0.00 , 0.00 , 0.00 , 0.00 ,66.48M,33.00 
2020-08-09 21:42:54, 0.00 , 0.00 , 0.00 , 0.00 ,66.48M,33.00 
2020-08-09 21:42:55, 0.00 , 0.00 , 0.00 , 0.00 ,66.48M,33.00 
2020-08-09 21:42:56, 0.00 , 0.00 , 0.00 , 0.00 ,66.48M,33.00 
2020-08-09 21:42:57, 0.00 , 0.00 , 0.00 , 0.00 ,66.48M,33.00 
2020-08-09 21:42:58, 0.00 , 0.00 , 0.00 , 0.00 ,66.48M,33.00 
2020-08-09 21:42:59, 0.00 , 0.00 , 0.00 , 0.00 ,66.48M,33.00 
2020-08-09 21:43:00, 0.00 , 0.00 , 0.00 , 0.00 ,66.48M,33.00 
2020-08-09 21:43:01, 0.00 , 0.00 , 0.00 , 0.00 ,66.48M,33.00 
2020-08-09 21:43:02, 0.00 , 0.00 , 0.00 , 0.00 ,66.48M,33.00 
2020-08-09 21:43:03, 0.00 , 0.00 , 0.00 , 0.00 ,66.48M,33.00 
2020-08-09 21:43:04, 0.00 , 0.00 , 0.00 , 0.00 ,66.48M,33.00 
2020-08-09 21:43:05, 0.00 , 0.00 , 0.00 , 0.00 ,66.48M,33.00 
2020-08-09 21:43:06, 0.00 , 0.00 , 0.00 , 0.00 ,66.48M,33.00 
2020-08-09 21:43:07, 0.00 , 0.00 , 0.00 , 0.00 ,66.48M,33.00 
2020-08-09 21:43:08, 0.00 , 0.00 , 0.00 , 0.00 ,66.48M,33.00 
2020-08-09 21:43:09, 0.00 , 0.00 , 0.00 , 0.00 ,66.48M,33.00 
2020-08-09 21:43:10, 0.00 , 0.00 , 0.00 , 0.00 ,66.48M,33.00 
2020-08-09 21:43:11, 0.00 , 0.00 , 0.00 , 0.00 ,66.48M,33.00 
2020-08-09 21:43:12, 0.00 , 0.00 , 0.00 , 0.00 ,66.48M,33.00 
2020-08-09 21:43:13, 0.00 , 0.00 , 0.00 , 0.00 ,66.48M,33.00 
2020-08-09 21:43:14, 0.00 , 0.00 , 0.00 , 0.00 ,66.48M,33.00 
2020-08-09 21:43:15, 0.00 , 0.00 , 0.00 , 0.00 ,66.48M,33.00 
2020-08-09 21:43:16, 0.00 , 0.00 , 0.00 , 0.00 ,66.48M,33.00 
2020-08-09 21:43:17, 0.00 , 0.00 , 0.00 , 0.00 ,66.48M,33.00 
2020-08-09 21:43:18, 0.00 , 0.00 , 0.00 , 0.00 ,66.48M,33.00 
2020-08-09 21:43:19, 0.00 , 0.00 , 0.00 , 0.00 ,66.48M,33.00 
2020-08-09 21:43:20, 0.00 , 0.00 , 0.00 , 0.00 ,66.48M,33.00 
2020-08-09 21:43:21, 0.00 , 0.00 , 0.00 , 0.00 ,66.48M,33.00 
2020-08-09 21:43:22, 0.00 , 0.00 , 0.00 , 0.00 ,66.48M,33.00 
2020-08-09 21:43:23, 0.00 , 0.00 , 0.00 , 0.00 ,66.48M,33.00 
2020-08-09 21:43:24, 0.00 , 0.00 , 0.00 , 0.00 ,66.48M,33.00 
2020-08-09 21:43:25, 0.00 , 0.00 , 0.00 , 0.00 ,66.48M,33.00 
2020-08-09 21:43:26, 0.00 , 0.00 , 0.00 , 0.00 ,66.48M,33.00 
2020-08-09 21:43:27, 0.00 , 0.00 , 0.00 , 0.00 ,66.48M,33.00 
2020-08-09 21:43:28, 0.00 , 0.00 , 0.00 , 0.00 ,66.48M,33.00 
2020-08-09 21:43:29, 0.00 , 0.00 , 0.00 , 0.00 ,66.48M,33.00 
2020-08-09 21:43:30, 0.00 , 0.00 , 0.00 , 0.00 ,66.48M,33.00 
2020-08-09 21:43:31, 0.00 , 0.00 , 0.00 , 0.00 ,66.48M,33.00 
2020-08-09 21:43:32, 0.00 , 0.00 , 0.00 , 0.00 ,66.48M,33.00 
2020-08-09 21:43:33, 0.00 , 0.00 , 0.00 , 0.00 ,66.48M,33.00 
2020-08-09 21:43:34, 0.00 , 0.00 , 0.00 , 0.00 ,66.48M,33.00 
2020-08-09 21:43:35, 0.00 , 0.00 , 0.00 , 0.00 ,66.48M,33.00 
2020-08-09 21:43:36, 0.00 , 0.00 , 0.00 , 0.00 ,66.48M,33.00 
2020-08-09 21:43:37, 0.00 , 0.00 , 0.00 , 0.00 ,66.48M,33.00 
2020-08-09 21:43:38, 0.00 , 0.00 , 0.00 , 0.00 ,66.48M,33.00 
2020-08-09 21:43:39, 0.00 , 0.00 , 0.00 , 0.00 ,66.48M,33.00 
2020-08-09 21:43:40, 0.00 , 0.00 , 0.00 , 0.00 ,66.48M,33.00 
2020-08-09 21:43:41, 0.00 , 0.00 , 0.00 , 0.00 ,66.48M,33.00 
2020-08-09 21:43:42, 0.00 , 0.00 , 0.00 , 0.00 ,66.48M,33.00 
2020-08-09 21:43:43, 0.00 , 0.00 , 0.00 , 0.00 ,66.48M,33.00 
2020-08-09 21:43:44, 0.00 , 0.00 , 0.00 , 0.00 ,66.48M,33.00 
2020-08-09 21:43:45, 0.00 , 0.00 , 0.00 , 0.00 ,66.48M,33.00 
2020-08-09 21:43:46, 0.00 , 0.00 , 0.00 , 0.00 ,66.48M,33.00 
2020-08-09 21:43:47, 0.00 , 0.00 , 0.00 , 0.00 ,66.48M,33.00 
2020-08-09 21:43:48, 0.00 , 0.00 , 0.00 , 0.00 ,66.48M,33.00 
2020-08-09 21:43:49, 0.00 , 0.00 , 0.00 , 0.00 ,66.48M,33.00 
2020-08-09 21:43:50, 0.00 , 0.00 , 0.00 , 0.00 ,66.48M,33.00 
2020-08-09 21:43:51, 0.00 , 0.00 , 0.00 , 0.00 ,66.48M,33.00 
2020-08-09 21:43:52, 0.00 , 0.00 , 0.00 , 0.00 ,66.48M,33.00 
2020-08-09 21:43:53, 0.00 , 0.00 , 0.00 , 0.00 ,66.48M,33.00 
2020-08-09 21:43:54, 0.00 , 0.00 , 0.00 , 0.00 ,66.48M,33.00 
2020-08-09 21:43:55, 0.00 , 0.00 , 0.00 , 0.00 ,66.48M,33.00 
2020-08-09 21:43:56, 0.00 , 0.00 , 0.00 , 0.00 ,66.48M,33.00 
2020-08-09 21:43:57, 0.00 , 0.00 , 0.00 , 0.00 ,66.48M,33.00 
2020-08-09 21:43:58, 0.00 , 0.00 , 0.00 , 0.00 ,66.48M,33.00 
2020-08-09 21:43:59, 0.00 , 0.00 , 0.00 , 0.00 ,66.48M,33.00 
2020-08-09 21:44:00, 0.00 , 0.00 , 0.00 , 0.00 ,66.48M,33.00 
2020-08-09 21:44:01, 0.00 , 0.00 , 0.00 , 0.00 ,66.48M,33.00 
2020-08-09 21:44:02, 0.00 , 0.00 , 0.00 , 0.00 ,66.48M,33.00 
2020-08-09 21:44:03, 0.00 , 0.00 , 0.00 , 0.00 ,66.48M,33.00 
2020-08-09 21:44:04, 0.00 , 0.00 , 0.00 , 0.00 ,66.48M,33.00 
2020-08-09 21:44:05, 1.00 ,65.52K, 0.00 , 0.00 ,66.45M,30.00 
2020-08-09 21:44:06, 0.00 , 0.00 , 0.00 , 0.00 ,66.45M,30.00 
2020-08-09 21:44:07, 0.00 , 0.00 , 0.00 , 0.00 ,66.45M,30.00 
2020-08-09 21:44:08, 0.00 , 0.00 , 0.00 , 0.00 ,66.45M,30.00 
2020-08-09 21:44:09, 0.00 , 0.00 , 0.00 , 0.00 ,66.45M,30.00 
2020-08-09 21:44:10, 2.00 ,45.07K, 0.00 , 0.00 ,66.45M,30.00 
2020-08-09 21:44:11, 0.00 , 0.00 , 0.00 , 0.00 ,66.45M,30.00 
2020-08-09 21:44:12, 0.00 , 0.00 , 0.00 , 0.00 ,66.45M,30.00 
2020-08-09 21:44:13, 0.00 , 0.00 , 0.00 , 0.00 ,66.45M,30.00 
2020-08-09 21:44:14, 0.00 , 0.00 , 0.00 , 0.00 ,66.45M,30.00 
2020-08-09 21:44:15, 8.00 ,36.84K, 0.00 , 0.00 ,66.45M,30.00 
2020-08-09 21:44:16, 0.00 , 0.00 , 0.00 , 0.00 ,66.45M,30.00 
2020-08-09 21:44:17, 0.00 , 0.00 , 0.00 , 0.00 ,66.45M,30.00 
2020-08-09 21:44:18, 0.00 , 0.00 , 0.00 , 0.00 ,66.45M,30.00 
2020-08-09 21:44:19, 0.00 , 0.00 , 0.00 , 0.00 ,66.45M,30.00 
2020-08-09 21:44:20, 0.00 , 0.00 , 0.00 , 0.00 ,66.45M,30.00 
2020-08-09 21:44:21, 0.00 , 0.00 , 0.00 , 0.00 ,66.45M,30.00 
2020-08-09 21:44:22, 0.00 , 0.00 , 0.00 , 0.00 ,66.45M,30.00 
2020-08-09 21:44:23, 0.00 , 0.00 , 0.00 , 0.00 ,66.45M,30.00 
2020-08-09 21:44:24, 0.00 , 0.00 , 0.00 , 0.00 ,66.45M,30.00 
2020-08-09 21:44:25, 0.00 , 0.00 , 0.00 , 0.00 ,66.45M,30.00 
2020-08-09 21:44:26, 0.00 , 0.00 , 0.00 , 0.00 ,66.45M,30.00 
2020-08-09 21:44:27, 0.00 , 0.00 , 0.00 , 0.00 ,66.45M,30.00 
2020-08-09 21:44:28, 0.00 , 0.00 , 0.00 , 0.00 ,66.45M,30.00 
2020-08-09 21:44:29, 0.00 , 0.00 , 0.00 , 0.00 ,66.45M,30.00 
2020-08-09 21:44:30, 0.00 , 0.00 , 0.00 , 0.00 ,66.45M,30.00 
2020-08-09 21:44:31, 0.00 , 0.00 , 0.00 , 0.00 ,66.45M,30.00 
2020-08-09 21:44:32, 0.00 , 0.00 , 0.00 , 0.00 ,66.45M,30.00 
2020-08-09 21:44:33, 0.00 , 0.00 , 0.00 , 0.00 ,66.45M,30.00 
2020-08-09 21:44:34, 0.00 , 0.00 , 0.00 , 0.00 ,66.45M,30.00 
2020-08-09 21:44:35, 0.00 , 0.00 , 0.00 , 0.00 ,66.45M,30.00 
2020-08-09 21:44:36, 0.00 , 0.00 , 0.00 , 0.00 ,66.45M,30.00 
2020-08-09 21:44:37, 0.00 , 0.00 , 0.00 , 0.00 ,66.45M,30.00 
2020-08-09 21:44:38, 0.00 , 0.00 , 0.00 , 0.00 ,66.45M,30.00 
2020-08-09 21:44:39, 0.00 , 0.00 , 0.00 , 0.00 ,66.45M,30.00 
2020-08-09 21:44:40, 0.00 , 0.00 , 0.00 , 0.00 ,66.45M,30.00 
2020-08-09 21:44:41, 0.00 , 0.00 , 0.00 , 0.00 ,66.45M,30.00 
2020-08-09 21:44:42, 0.00 , 0.00 , 0.00 , 0.00 ,66.45M,30.00 
2020-08-09 21:44:43, 0.00 , 0.00 , 0.00 , 0.00 ,66.45M,30.00 
2020-08-09 21:44:44, 0.00 , 0.00 , 0.00 , 0.00 ,66.45M,30.00 
2020-08-09 21:44:45, 0.00 , 0.00 , 0.00 , 0.00 ,66.45M,30.00 
2020-08-09 21:44:46, 0.00 , 0.00 , 0.00 , 0.00 ,66.45M,30.00 
2020-08-09 21:44:47, 0.00 , 0.00 , 0.00 , 0.00 ,66.45M,30.00 
2020-08-09 21:44:48, 0.00 , 0.00 , 0.00 , 0.00 ,66.45M,30.00 
2020-08-09 21:44:49, 0.00 , 0.00 , 0.00 , 0.00 ,66.45M,30.00 
2020-08-09 21:44:50, 0.00 , 0.00 , 0.00 , 0.00 ,66.45M,30.00 
2020-08-09 21:44:51, 0.00 , 0.00 , 0.00 , 0.00 ,66.45M,30.00 
2020-08-09 21:44:52, 0.00 , 0.00 , 0.00 , 0.00 ,66.45M,30.00 
2020-08-09 21:44:53, 0.00 , 0.00 , 0.00 , 0.00 ,66.45M,30.00 
2020-08-09 21:44:54, 0.00 , 0.00 , 0.00 , 0.00 ,66.45M,30.00 
2020-08-09 21:44:55, 0.00 , 0.00 , 0.00 , 0.00 ,66.45M,30.00 
2020-08-09 21:44:56, 0.00 , 0.00 , 0.00 , 0.00 ,66.45M,30.00 
2020-08-09 21:44:57, 0.00 , 0.00 , 0.00 , 0.00 ,66.45M,30.00 
2020-08-09 21:44:58, 0.00 , 0.00 , 0.00 , 0.00 ,66.45M,30.00 
2020-08-09 21:44:59, 0.00 , 0.00 , 0.00 , 0.00 ,66.45M,30.00 
2020-08-09 21:45:00, 0.00 , 0.00 , 0.00 , 0.00 ,66.45M,30.00 
2020-08-09 21:45:01, 0.00 , 0.00 , 0.00 , 0.00 ,66.45M,30.00 
2020-08-09 21:45:02, 0.00 , 0.00 , 0.00 , 0.00 ,66.45M,30.00 
2020-08-09 21:45:03, 0.00 , 0.00 , 0.00 , 0.00 ,66.45M,30.00 
2020-08-09 21:45:04, 0.00 , 0.00 , 0.00 , 0.00 ,66.45M,30.00 
2020-08-09 21:45:05, 1.00 ,65.55K, 0.00 , 0.00 ,66.43M,27.00 
2020-08-09 21:45:06, 0.00 , 0.00 , 0.00 , 0.00 ,66.43M,27.00 
2020-08-09 21:45:07, 0.00 , 0.00 , 0.00 , 0.00 ,66.43M,27.00 
2020-08-09 21:45:08, 0.00 , 0.00 , 0.00 , 0.00 ,66.43M,27.00 
2020-08-09 21:45:09, 0.00 , 0.00 , 0.00 , 0.00 ,66.43M,27.00 
2020-08-09 21:45:10, 0.00 , 0.00 , 0.00 , 0.00 ,66.43M,27.00 
2020-08-09 21:45:11, 2.00 ,45.08K, 0.00 , 0.00 ,66.43M,27.00 
2020-08-09 21:45:12, 0.00 , 0.00 , 0.00 , 0.00 ,66.43M,27.00 
2020-08-09 21:45:13, 0.00 , 0.00 , 0.00 , 0.00 ,66.43M,27.00 
2020-08-09 21:45:14, 0.00 , 0.00 , 0.00 , 0.00 ,66.43M,27.00 
2020-08-09 21:45:15, 0.00 , 0.00 , 0.00 , 0.00 ,66.43M,27.00 
