[ 1] local::disk.partitions.write["vdb1"]
[ 2] local::disk.partitions.write_bytes["vdb1"]
[ 3] local::disk.partitions.read["vdb1"]
[ 4] local::disk.partitions.read_bytes["vdb1"]
[ 5] local::filesys.used["/dev/vdb1"]
[ 6] local::filesys.usedfiles["/dev/vdb1"]

             Column,     1,     2,     3,     4,     5,     6
             Source,local:,local:,local:,local:,local:,local:
             Metric, write,_bytes,  read,_bytes,  used,dfiles
               Inst,  vdb1,  vdb1,  vdb1,  vdb1,/dev/v,/dev/v
              Units,   c/s,   b/s,   c/s,   b/s,     b,  none
2020-08-10 06:44:20,     ?,     ?,     ?,     ?,66.41M,26.00 
2020-08-10 06:44:21, 0.00 , 0.00 , 0.00 , 0.00 ,66.41M,26.00 
2020-08-10 06:44:22, 0.00 , 0.00 , 0.00 , 0.00 ,66.41M,26.00 
2020-08-10 06:44:23, 0.00 , 0.00 , 0.00 , 0.00 ,66.41M,26.00 
2020-08-10 06:44:24, 0.00 , 0.00 , 0.00 , 0.00 ,66.41M,26.00 
2020-08-10 06:44:25, 0.00 , 0.00 , 0.00 , 0.00 ,66.41M,26.00 
2020-08-10 06:44:26, 0.00 , 0.00 , 0.00 , 0.00 ,66.41M,26.00 
2020-08-10 06:44:27, 0.00 , 0.00 , 0.00 , 0.00 ,66.41M,26.00 
2020-08-10 06:44:28, 0.00 , 0.00 , 0.00 , 0.00 ,66.41M,26.00 
2020-08-10 06:44:29, 0.00 , 0.00 , 0.00 , 0.00 ,66.41M,26.00 
2020-08-10 06:44:30, 0.00 , 0.00 , 0.00 , 0.00 ,66.41M,26.00 
2020-08-10 06:44:31, 0.00 , 0.00 , 0.00 , 0.00 ,66.41M,26.00 
2020-08-10 06:44:32, 0.00 , 0.00 , 0.00 , 0.00 ,66.41M,26.00 
2020-08-10 06:44:33, 0.00 , 0.00 , 0.00 , 0.00 ,66.41M,26.00 
2020-08-10 06:44:34, 0.00 , 0.00 , 0.00 , 0.00 ,66.41M,26.00 
2020-08-10 06:44:35, 0.00 , 0.00 , 0.00 , 0.00 ,66.41M,26.00 
2020-08-10 06:44:36, 0.00 , 0.00 , 0.00 , 0.00 ,66.41M,26.00 
2020-08-10 06:44:37, 0.00 , 0.00 , 0.00 , 0.00 ,66.41M,26.00 
2020-08-10 06:44:38, 0.00 , 0.00 , 0.00 , 0.00 ,66.41M,26.00 
2020-08-10 06:44:39, 0.00 , 0.00 , 0.00 , 0.00 ,66.41M,26.00 
2020-08-10 06:44:40, 0.00 , 0.00 , 0.00 , 0.00 ,66.41M,26.00 
2020-08-10 06:44:41, 0.00 , 0.00 , 0.00 , 0.00 ,66.41M,26.00 
2020-08-10 06:44:42, 0.00 , 0.00 , 0.00 , 0.00 ,66.41M,26.00 
2020-08-10 06:44:43, 0.00 , 0.00 , 0.00 , 0.00 ,66.41M,26.00 
2020-08-10 06:44:44, 0.00 , 0.00 , 0.00 , 0.00 ,66.41M,26.00 
2020-08-10 06:44:45, 0.00 , 0.00 , 0.00 , 0.00 ,66.41M,26.00 
2020-08-10 06:44:46, 0.00 , 0.00 , 0.00 , 0.00 ,66.41M,26.00 
2020-08-10 06:44:47, 0.00 , 0.00 , 0.00 , 0.00 ,66.41M,26.00 
2020-08-10 06:44:48, 0.00 , 0.00 , 0.00 , 0.00 ,66.41M,26.00 
2020-08-10 06:44:49, 0.00 , 0.00 , 0.00 , 0.00 ,66.41M,26.00 
2020-08-10 06:44:50, 0.00 , 0.00 , 0.00 , 0.00 ,66.41M,26.00 
2020-08-10 06:44:51, 0.00 , 0.00 , 0.00 , 0.00 ,66.41M,26.00 
2020-08-10 06:44:52, 0.00 , 0.00 , 0.00 , 0.00 ,66.41M,26.00 
2020-08-10 06:44:53, 0.00 , 0.00 , 0.00 , 0.00 ,66.41M,26.00 
2020-08-10 06:44:54, 0.00 , 0.00 , 0.00 , 0.00 ,66.41M,26.00 
2020-08-10 06:44:55, 0.00 , 0.00 , 0.00 , 0.00 ,66.41M,26.00 
2020-08-10 06:44:56, 0.00 , 0.00 , 0.00 , 0.00 ,66.41M,26.00 
2020-08-10 06:44:57, 0.00 , 0.00 , 0.00 , 0.00 ,66.41M,26.00 
2020-08-10 06:44:58, 0.00 , 0.00 , 0.00 , 0.00 ,66.41M,26.00 
2020-08-10 06:44:59, 0.00 , 0.00 , 0.00 , 0.00 ,66.41M,26.00 
2020-08-10 06:45:00, 0.00 , 0.00 , 0.00 , 0.00 ,66.41M,26.00 
2020-08-10 06:45:01, 0.00 , 0.00 , 0.00 , 0.00 ,66.41M,26.00 
2020-08-10 06:45:02, 0.00 , 0.00 , 0.00 , 0.00 ,66.41M,26.00 
2020-08-10 06:45:03, 0.00 , 0.00 , 0.00 , 0.00 ,66.41M,26.00 
2020-08-10 06:45:04, 0.00 , 0.00 , 0.00 , 0.00 ,66.41M,26.00 
2020-08-10 06:45:05, 0.00 , 0.00 , 0.00 , 0.00 ,66.41M,26.00 
2020-08-10 06:45:06, 0.00 , 0.00 , 0.00 , 0.00 ,66.41M,26.00 
2020-08-10 06:45:07, 0.00 , 0.00 , 0.00 , 0.00 ,66.41M,26.00 
2020-08-10 06:45:08, 0.00 , 0.00 , 0.00 , 0.00 ,66.41M,26.00 
2020-08-10 06:45:09, 0.00 , 0.00 , 0.00 , 0.00 ,66.41M,26.00 
2020-08-10 06:45:10, 0.00 , 0.00 , 0.00 , 0.00 ,66.41M,26.00 
2020-08-10 06:45:11, 0.00 , 0.00 , 0.00 , 0.00 ,66.41M,26.00 
2020-08-10 06:45:12, 0.00 , 0.00 , 0.00 , 0.00 ,66.41M,26.00 
2020-08-10 06:45:13, 0.00 , 0.00 , 0.00 , 0.00 ,66.41M,26.00 
2020-08-10 06:45:14, 0.00 , 0.00 , 0.00 , 0.00 ,66.41M,26.00 
2020-08-10 06:45:15, 0.00 , 0.00 , 0.00 , 0.00 ,66.41M,26.00 
2020-08-10 06:45:16, 0.00 , 0.00 , 0.00 , 0.00 ,66.41M,26.00 
2020-08-10 06:45:17, 0.00 , 0.00 , 0.00 , 0.00 ,66.41M,26.00 
2020-08-10 06:45:18, 0.00 , 0.00 , 0.00 , 0.00 ,66.41M,26.00 
2020-08-10 06:45:19, 0.00 , 0.00 , 0.00 , 0.00 ,66.41M,26.00 
2020-08-10 06:45:20, 0.00 , 0.00 , 0.00 , 0.00 ,66.41M,26.00 
2020-08-10 06:45:21, 0.00 , 0.00 , 0.00 , 0.00 ,66.41M,26.00 
2020-08-10 06:45:22, 0.00 , 0.00 , 0.00 , 0.00 ,66.41M,26.00 
2020-08-10 06:45:23, 0.00 , 0.00 , 0.00 , 0.00 ,66.41M,26.00 
2020-08-10 06:45:24, 0.00 , 0.00 , 0.00 , 0.00 ,66.41M,26.00 
2020-08-10 06:45:25, 0.00 , 0.00 , 0.00 , 0.00 ,66.41M,26.00 
2020-08-10 06:45:26, 0.00 , 0.00 , 0.00 , 0.00 ,66.41M,26.00 
2020-08-10 06:45:27, 0.00 , 0.00 , 0.00 , 0.00 ,66.41M,26.00 
2020-08-10 06:45:28, 0.00 , 0.00 , 0.00 , 0.00 ,66.41M,26.00 
2020-08-10 06:45:29, 0.00 , 0.00 , 0.00 , 0.00 ,66.41M,26.00 
2020-08-10 06:45:30, 0.00 , 0.00 , 0.00 , 0.00 ,66.41M,26.00 
2020-08-10 06:45:31, 0.00 , 0.00 , 0.00 , 0.00 ,66.41M,26.00 
2020-08-10 06:45:32, 0.00 , 0.00 , 0.00 , 0.00 ,66.41M,26.00 
2020-08-10 06:45:33, 0.00 , 0.00 , 0.00 , 0.00 ,66.41M,26.00 
2020-08-10 06:45:34, 0.00 , 0.00 , 0.00 , 0.00 ,66.41M,26.00 
2020-08-10 06:45:35, 0.00 , 0.00 , 0.00 , 0.00 ,66.41M,26.00 
2020-08-10 06:45:36, 0.00 , 0.00 , 0.00 , 0.00 ,66.41M,26.00 
2020-08-10 06:45:37, 0.00 , 0.00 , 0.00 , 0.00 ,66.41M,26.00 
