[ 1] local::disk.partitions.write["vdb1"]
[ 2] local::disk.partitions.write_bytes["vdb1"]
[ 3] local::disk.partitions.read["vdb1"]
[ 4] local::disk.partitions.read_bytes["vdb1"]
[ 5] local::filesys.used["/dev/vdb1"]
[ 6] local::filesys.usedfiles["/dev/vdb1"]

             Column,     1,     2,     3,     4,     5,     6
             Source,local:,local:,local:,local:,local:,local:
             Metric, write,_bytes,  read,_bytes,  used,dfiles
               Inst,  vdb1,  vdb1,  vdb1,  vdb1,/dev/v,/dev/v
              Units,   c/s,   b/s,   c/s,   b/s,     b,  none
2020-08-10 03:17:39,     ?,     ?,     ?,     ?,66.42M,26.00 
2020-08-10 03:17:40, 0.00 , 0.00 , 0.00 , 0.00 ,66.42M,26.00 
2020-08-10 03:17:41, 0.00 , 0.00 , 0.00 , 0.00 ,66.42M,26.00 
2020-08-10 03:17:42, 0.00 , 0.00 , 0.00 , 0.00 ,66.42M,26.00 
2020-08-10 03:17:43, 0.00 , 0.00 , 0.00 , 0.00 ,66.42M,26.00 
2020-08-10 03:17:44, 0.00 , 0.00 , 0.00 , 0.00 ,66.42M,26.00 
2020-08-10 03:17:45, 0.00 , 0.00 , 0.00 , 0.00 ,66.42M,26.00 
2020-08-10 03:17:46, 0.00 , 0.00 , 0.00 , 0.00 ,66.42M,26.00 
2020-08-10 03:17:47, 0.00 , 0.00 , 0.00 , 0.00 ,66.42M,26.00 
2020-08-10 03:17:48, 0.00 , 0.00 , 0.00 , 0.00 ,66.42M,26.00 
2020-08-10 03:17:49, 0.00 , 0.00 , 0.00 , 0.00 ,66.42M,26.00 
2020-08-10 03:17:50, 0.00 , 0.00 , 0.00 , 0.00 ,66.42M,26.00 
2020-08-10 03:17:51, 0.00 , 0.00 , 0.00 , 0.00 ,66.42M,26.00 
2020-08-10 03:17:52, 0.00 , 0.00 , 0.00 , 0.00 ,66.42M,26.00 
2020-08-10 03:17:53, 0.00 , 0.00 , 0.00 , 0.00 ,66.42M,26.00 
2020-08-10 03:17:54, 0.00 , 0.00 , 0.00 , 0.00 ,66.42M,26.00 
2020-08-10 03:17:55, 0.00 , 0.00 , 0.00 , 0.00 ,66.42M,26.00 
2020-08-10 03:17:56, 0.00 , 0.00 , 0.00 , 0.00 ,66.42M,26.00 
2020-08-10 03:17:57, 0.00 , 0.00 , 0.00 , 0.00 ,66.42M,26.00 
2020-08-10 03:17:58, 0.00 , 0.00 , 0.00 , 0.00 ,66.42M,26.00 
2020-08-10 03:17:59, 0.00 , 0.00 , 0.00 , 0.00 ,66.42M,26.00 
2020-08-10 03:18:00, 0.00 , 0.00 , 0.00 , 0.00 ,66.42M,26.00 
2020-08-10 03:18:01, 7.00 ,28.68K, 0.00 , 0.00 ,66.42M,26.00 
2020-08-10 03:18:02, 0.00 , 0.00 , 0.00 , 0.00 ,66.42M,26.00 
2020-08-10 03:18:03, 0.00 , 0.00 , 0.00 , 0.00 ,66.42M,26.00 
2020-08-10 03:18:04, 0.00 , 0.00 , 0.00 , 0.00 ,66.42M,26.00 
2020-08-10 03:18:05, 0.00 , 0.00 , 0.00 , 0.00 ,66.42M,26.00 
2020-08-10 03:18:06, 0.00 , 0.00 , 0.00 , 0.00 ,66.42M,26.00 
2020-08-10 03:18:07, 0.00 , 0.00 , 0.00 , 0.00 ,66.42M,26.00 
2020-08-10 03:18:08, 0.00 , 0.00 , 0.00 , 0.00 ,66.42M,26.00 
2020-08-10 03:18:09, 0.00 , 0.00 , 0.00 , 0.00 ,66.42M,26.00 
2020-08-10 03:18:10, 0.00 , 0.00 , 0.00 , 0.00 ,66.42M,26.00 
2020-08-10 03:18:11, 0.00 , 0.00 , 0.00 , 0.00 ,66.42M,26.00 
2020-08-10 03:18:12, 0.00 , 0.00 , 0.00 , 0.00 ,66.42M,26.00 
2020-08-10 03:18:13, 0.00 , 0.00 , 0.00 , 0.00 ,66.42M,26.00 
2020-08-10 03:18:14, 0.00 , 0.00 , 0.00 , 0.00 ,66.42M,26.00 
2020-08-10 03:18:15, 0.00 , 0.00 , 0.00 , 0.00 ,66.42M,26.00 
2020-08-10 03:18:16, 0.00 , 0.00 , 0.00 , 0.00 ,66.42M,26.00 
2020-08-10 03:18:17, 0.00 , 0.00 , 0.00 , 0.00 ,66.42M,26.00 
2020-08-10 03:18:18, 0.00 , 0.00 , 0.00 , 0.00 ,66.42M,26.00 
2020-08-10 03:18:19, 0.00 , 0.00 , 0.00 , 0.00 ,66.42M,26.00 
2020-08-10 03:18:20, 0.00 , 0.00 , 0.00 , 0.00 ,66.42M,26.00 
2020-08-10 03:18:21, 0.00 , 0.00 , 0.00 , 0.00 ,66.42M,26.00 
2020-08-10 03:18:22, 0.00 , 0.00 , 0.00 , 0.00 ,66.42M,26.00 
2020-08-10 03:18:23, 0.00 , 0.00 , 0.00 , 0.00 ,66.42M,26.00 
2020-08-10 03:18:24, 0.00 , 0.00 , 0.00 , 0.00 ,66.42M,26.00 
2020-08-10 03:18:25, 0.00 , 0.00 , 0.00 , 0.00 ,66.42M,26.00 
2020-08-10 03:18:26, 0.00 , 0.00 , 0.00 , 0.00 ,66.42M,26.00 
2020-08-10 03:18:27, 0.00 , 0.00 , 0.00 , 0.00 ,66.42M,26.00 
2020-08-10 03:18:28, 0.00 , 0.00 , 0.00 , 0.00 ,66.42M,26.00 
2020-08-10 03:18:29, 0.00 , 0.00 , 0.00 , 0.00 ,66.42M,26.00 
2020-08-10 03:18:30, 0.00 , 0.00 , 0.00 , 0.00 ,66.42M,26.00 
2020-08-10 03:18:31, 0.00 , 0.00 , 0.00 , 0.00 ,66.42M,26.00 
2020-08-10 03:18:32, 0.00 , 0.00 , 0.00 , 0.00 ,66.42M,26.00 
2020-08-10 03:18:33, 0.00 , 0.00 , 0.00 , 0.00 ,66.42M,26.00 
2020-08-10 03:18:34, 0.00 , 0.00 , 0.00 , 0.00 ,66.42M,26.00 
2020-08-10 03:18:35, 0.00 , 0.00 , 0.00 , 0.00 ,66.42M,26.00 
2020-08-10 03:18:36, 0.00 , 0.00 , 0.00 , 0.00 ,66.42M,26.00 
2020-08-10 03:18:37, 0.00 , 0.00 , 0.00 , 0.00 ,66.42M,26.00 
2020-08-10 03:18:38, 0.00 , 0.00 , 0.00 , 0.00 ,66.42M,26.00 
2020-08-10 03:18:39, 0.00 , 0.00 , 0.00 , 0.00 ,66.42M,26.00 
2020-08-10 03:18:40, 0.00 , 0.00 , 0.00 , 0.00 ,66.42M,26.00 
2020-08-10 03:18:41, 0.00 , 0.00 , 0.00 , 0.00 ,66.42M,26.00 
2020-08-10 03:18:42, 0.00 , 0.00 , 0.00 , 0.00 ,66.42M,26.00 
2020-08-10 03:18:43, 0.00 , 0.00 , 0.00 , 0.00 ,66.42M,26.00 
2020-08-10 03:18:44, 0.00 , 0.00 , 0.00 , 0.00 ,66.42M,26.00 
2020-08-10 03:18:45, 0.00 , 0.00 , 0.00 , 0.00 ,66.42M,26.00 
2020-08-10 03:18:46, 0.00 , 0.00 , 0.00 , 0.00 ,66.42M,26.00 
2020-08-10 03:18:47, 0.00 , 0.00 , 0.00 , 0.00 ,66.42M,26.00 
2020-08-10 03:18:48, 0.00 , 0.00 , 0.00 , 0.00 ,66.42M,26.00 
2020-08-10 03:18:49, 0.00 , 0.00 , 0.00 , 0.00 ,66.42M,26.00 
2020-08-10 03:18:50, 0.00 , 0.00 , 0.00 , 0.00 ,66.42M,26.00 
2020-08-10 03:18:51, 0.00 , 0.00 , 0.00 , 0.00 ,66.42M,26.00 
2020-08-10 03:18:52, 0.00 , 0.00 , 0.00 , 0.00 ,66.42M,26.00 
2020-08-10 03:18:53, 0.00 , 0.00 , 0.00 , 0.00 ,66.42M,26.00 
2020-08-10 03:18:54, 0.00 , 0.00 , 0.00 , 0.00 ,66.42M,26.00 
2020-08-10 03:18:55, 0.00 , 0.00 , 0.00 , 0.00 ,66.42M,26.00 
2020-08-10 03:18:56, 0.00 , 0.00 , 0.00 , 0.00 ,66.42M,26.00 
2020-08-10 03:18:57, 0.00 , 0.00 , 0.00 , 0.00 ,66.42M,26.00 
2020-08-10 03:18:58, 0.00 , 0.00 , 0.00 , 0.00 ,66.42M,26.00 
2020-08-10 03:18:59, 0.00 , 0.00 , 0.00 , 0.00 ,66.42M,26.00 
2020-08-10 03:19:00, 0.00 , 0.00 , 0.00 , 0.00 ,66.42M,26.00 
2020-08-10 03:19:01, 0.00 , 0.00 , 0.00 , 0.00 ,66.42M,26.00 
2020-08-10 03:19:02, 0.00 , 0.00 , 0.00 , 0.00 ,66.42M,26.00 
2020-08-10 03:19:03, 0.00 , 0.00 , 0.00 , 0.00 ,66.42M,26.00 
2020-08-10 03:19:04, 0.00 , 0.00 , 0.00 , 0.00 ,66.42M,26.00 
2020-08-10 03:19:05, 0.00 , 0.00 , 0.00 , 0.00 ,66.42M,26.00 
2020-08-10 03:19:06, 0.00 , 0.00 , 0.00 , 0.00 ,66.42M,26.00 
2020-08-10 03:19:07, 0.00 , 0.00 , 0.00 , 0.00 ,66.42M,26.00 
2020-08-10 03:19:08, 0.00 , 0.00 , 0.00 , 0.00 ,66.42M,26.00 
2020-08-10 03:19:09, 0.00 , 0.00 , 0.00 , 0.00 ,66.42M,26.00 
2020-08-10 03:19:10, 0.00 , 0.00 , 0.00 , 0.00 ,66.42M,26.00 
2020-08-10 03:19:11, 0.00 , 0.00 , 0.00 , 0.00 ,66.42M,26.00 
2020-08-10 03:19:12, 0.00 , 0.00 , 0.00 , 0.00 ,66.42M,26.00 
2020-08-10 03:19:13, 0.00 , 0.00 , 0.00 , 0.00 ,66.42M,26.00 
2020-08-10 03:19:14, 0.00 , 0.00 , 0.00 , 0.00 ,66.42M,26.00 
2020-08-10 03:19:15, 0.00 , 0.00 , 0.00 , 0.00 ,66.42M,26.00 
2020-08-10 03:19:16, 0.00 , 0.00 , 0.00 , 0.00 ,66.42M,26.00 
2020-08-10 03:19:17, 0.00 , 0.00 , 0.00 , 0.00 ,66.42M,26.00 
2020-08-10 03:19:18, 0.00 , 0.00 , 0.00 , 0.00 ,66.42M,26.00 
2020-08-10 03:19:19, 0.00 , 0.00 , 0.00 , 0.00 ,66.42M,26.00 
2020-08-10 03:19:20, 0.00 , 0.00 , 0.00 , 0.00 ,66.42M,26.00 
2020-08-10 03:19:21, 0.00 , 0.00 , 0.00 , 0.00 ,66.42M,26.00 
2020-08-10 03:19:22, 0.00 , 0.00 , 0.00 , 0.00 ,66.42M,26.00 
2020-08-10 03:19:23, 0.00 , 0.00 , 0.00 , 0.00 ,66.42M,26.00 
2020-08-10 03:19:24, 0.00 , 0.00 , 0.00 , 0.00 ,66.42M,26.00 
2020-08-10 03:19:25, 0.00 , 0.00 , 0.00 , 0.00 ,66.42M,26.00 
2020-08-10 03:19:26, 0.00 , 0.00 , 0.00 , 0.00 ,66.42M,26.00 
2020-08-10 03:19:27, 0.00 , 0.00 , 0.00 , 0.00 ,66.42M,26.00 
2020-08-10 03:19:28, 0.00 , 0.00 , 0.00 , 0.00 ,66.42M,26.00 
2020-08-10 03:19:29, 0.00 , 0.00 , 0.00 , 0.00 ,66.42M,26.00 
2020-08-10 03:19:30, 0.00 , 0.00 , 0.00 , 0.00 ,66.42M,26.00 
2020-08-10 03:19:31, 0.00 , 0.00 , 0.00 , 0.00 ,66.42M,26.00 
2020-08-10 03:19:32, 0.00 , 0.00 , 0.00 , 0.00 ,66.42M,26.00 
2020-08-10 03:19:33, 0.00 , 0.00 , 0.00 , 0.00 ,66.42M,26.00 
2020-08-10 03:19:34, 0.00 , 0.00 , 0.00 , 0.00 ,66.42M,26.00 
2020-08-10 03:19:35, 0.00 , 0.00 , 0.00 , 0.00 ,66.42M,26.00 
2020-08-10 03:19:36, 0.00 , 0.00 , 0.00 , 0.00 ,66.42M,26.00 
2020-08-10 03:19:37, 0.00 , 0.00 , 0.00 , 0.00 ,66.42M,26.00 
2020-08-10 03:19:38, 0.00 , 0.00 , 0.00 , 0.00 ,66.42M,26.00 
2020-08-10 03:19:39, 0.00 , 0.00 , 0.00 , 0.00 ,66.42M,26.00 
2020-08-10 03:19:40, 0.00 , 0.00 , 0.00 , 0.00 ,66.42M,26.00 
2020-08-10 03:19:41, 0.00 , 0.00 , 0.00 , 0.00 ,66.42M,26.00 
2020-08-10 03:19:42, 0.00 , 0.00 , 0.00 , 0.00 ,66.42M,26.00 
2020-08-10 03:19:43, 0.00 , 0.00 , 0.00 , 0.00 ,66.42M,26.00 
2020-08-10 03:19:44, 0.00 , 0.00 , 0.00 , 0.00 ,66.42M,26.00 
2020-08-10 03:19:45, 0.00 , 0.00 , 0.00 , 0.00 ,66.42M,26.00 
2020-08-10 03:19:46, 0.00 , 0.00 , 0.00 , 0.00 ,66.42M,26.00 
2020-08-10 03:19:47, 0.00 , 0.00 , 0.00 , 0.00 ,66.42M,26.00 
2020-08-10 03:19:48, 0.00 , 0.00 , 0.00 , 0.00 ,66.42M,26.00 
2020-08-10 03:19:49, 0.00 , 0.00 , 0.00 , 0.00 ,66.42M,26.00 
2020-08-10 03:19:50, 0.00 , 0.00 , 0.00 , 0.00 ,66.42M,26.00 
2020-08-10 03:19:51, 0.00 , 0.00 , 0.00 , 0.00 ,66.42M,26.00 
2020-08-10 03:19:52, 0.00 , 0.00 , 0.00 , 0.00 ,66.42M,26.00 
2020-08-10 03:19:53, 0.00 , 0.00 , 0.00 , 0.00 ,66.42M,26.00 
2020-08-10 03:19:54, 0.00 , 0.00 , 0.00 , 0.00 ,66.42M,26.00 
2020-08-10 03:19:55, 0.00 , 0.00 , 0.00 , 0.00 ,66.42M,26.00 
2020-08-10 03:19:56, 0.00 , 0.00 , 0.00 , 0.00 ,66.42M,26.00 
2020-08-10 03:19:57, 0.00 , 0.00 , 0.00 , 0.00 ,66.42M,26.00 
2020-08-10 03:19:58, 0.00 , 0.00 , 0.00 , 0.00 ,66.42M,26.00 
2020-08-10 03:19:59, 0.00 , 0.00 , 0.00 , 0.00 ,66.42M,26.00 
2020-08-10 03:20:00, 0.00 , 0.00 , 0.00 , 0.00 ,66.42M,26.00 
2020-08-10 03:20:01, 0.00 , 0.00 , 0.00 , 0.00 ,66.42M,26.00 
2020-08-10 03:20:02, 0.00 , 0.00 , 0.00 , 0.00 ,66.42M,26.00 
2020-08-10 03:20:03, 0.00 , 0.00 , 0.00 , 0.00 ,66.42M,26.00 
2020-08-10 03:20:04, 0.00 , 0.00 , 0.00 , 0.00 ,66.42M,26.00 
2020-08-10 03:20:05, 0.00 , 0.00 , 0.00 , 0.00 ,66.42M,26.00 
2020-08-10 03:20:06, 0.00 , 0.00 , 0.00 , 0.00 ,66.42M,26.00 
2020-08-10 03:20:07, 0.00 , 0.00 , 0.00 , 0.00 ,66.42M,26.00 
2020-08-10 03:20:08, 0.00 , 0.00 , 0.00 , 0.00 ,66.42M,26.00 
2020-08-10 03:20:09, 0.00 , 0.00 , 0.00 , 0.00 ,66.42M,26.00 
2020-08-10 03:20:10, 0.00 , 0.00 , 0.00 , 0.00 ,66.42M,26.00 
2020-08-10 03:20:11, 0.00 , 0.00 , 0.00 , 0.00 ,66.42M,26.00 
2020-08-10 03:20:12, 0.00 , 0.00 , 0.00 , 0.00 ,66.42M,26.00 
2020-08-10 03:20:13, 0.00 , 0.00 , 0.00 , 0.00 ,66.42M,26.00 
2020-08-10 03:20:14, 0.00 , 0.00 , 0.00 , 0.00 ,66.42M,26.00 
2020-08-10 03:20:15, 0.00 , 0.00 , 0.00 , 0.00 ,66.42M,26.00 
2020-08-10 03:20:16, 0.00 , 0.00 , 0.00 , 0.00 ,66.42M,26.00 
2020-08-10 03:20:17, 0.00 , 0.00 , 0.00 , 0.00 ,66.42M,26.00 
2020-08-10 03:20:18, 0.00 , 0.00 , 0.00 , 0.00 ,66.42M,26.00 
2020-08-10 03:20:19, 0.00 , 0.00 , 0.00 , 0.00 ,66.42M,26.00 
2020-08-10 03:20:20, 0.00 , 0.00 , 0.00 , 0.00 ,66.42M,26.00 
2020-08-10 03:20:21, 0.00 , 0.00 , 0.00 , 0.00 ,66.42M,26.00 
2020-08-10 03:20:22, 0.00 , 0.00 , 0.00 , 0.00 ,66.42M,26.00 
2020-08-10 03:20:23, 0.00 , 0.00 , 0.00 , 0.00 ,66.42M,26.00 
2020-08-10 03:20:24, 0.00 , 0.00 , 0.00 , 0.00 ,66.42M,26.00 
2020-08-10 03:20:25, 0.00 , 0.00 , 0.00 , 0.00 ,66.42M,26.00 
2020-08-10 03:20:26, 0.00 , 0.00 , 0.00 , 0.00 ,66.42M,26.00 
2020-08-10 03:20:27, 0.00 , 0.00 , 0.00 , 0.00 ,66.42M,26.00 
2020-08-10 03:20:28, 0.00 , 0.00 , 0.00 , 0.00 ,66.42M,26.00 
2020-08-10 03:20:29, 0.00 , 0.00 , 0.00 , 0.00 ,66.42M,26.00 
2020-08-10 03:20:30, 0.00 , 0.00 , 0.00 , 0.00 ,66.42M,26.00 
2020-08-10 03:20:31, 0.00 , 0.00 , 0.00 , 0.00 ,66.42M,26.00 
2020-08-10 03:20:32, 0.00 , 0.00 , 0.00 , 0.00 ,66.42M,26.00 
2020-08-10 03:20:33, 0.00 , 0.00 , 0.00 , 0.00 ,66.42M,26.00 
2020-08-10 03:20:34, 0.00 , 0.00 , 0.00 , 0.00 ,66.42M,26.00 
2020-08-10 03:20:35, 0.00 , 0.00 , 0.00 , 0.00 ,66.42M,26.00 
2020-08-10 03:20:36, 0.00 , 0.00 , 0.00 , 0.00 ,66.42M,26.00 
2020-08-10 03:20:37, 0.00 , 0.00 , 0.00 , 0.00 ,66.42M,26.00 
2020-08-10 03:20:38, 0.00 , 0.00 , 0.00 , 0.00 ,66.42M,26.00 
2020-08-10 03:20:39, 0.00 , 0.00 , 0.00 , 0.00 ,66.42M,26.00 
2020-08-10 03:20:40, 0.00 , 0.00 , 0.00 , 0.00 ,66.42M,26.00 
2020-08-10 03:20:41, 0.00 , 0.00 , 0.00 , 0.00 ,66.42M,26.00 
2020-08-10 03:20:42, 0.00 , 0.00 , 0.00 , 0.00 ,66.42M,26.00 
2020-08-10 03:20:43, 0.00 , 0.00 , 0.00 , 0.00 ,66.42M,26.00 
2020-08-10 03:20:44, 0.00 , 0.00 , 0.00 , 0.00 ,66.42M,26.00 
2020-08-10 03:20:45, 0.00 , 0.00 , 0.00 , 0.00 ,66.42M,26.00 
2020-08-10 03:20:46, 0.00 , 0.00 , 0.00 , 0.00 ,66.42M,26.00 
2020-08-10 03:20:47, 0.00 , 0.00 , 0.00 , 0.00 ,66.42M,26.00 
2020-08-10 03:20:48, 0.00 , 0.00 , 0.00 , 0.00 ,66.42M,26.00 
2020-08-10 03:20:49, 0.00 , 0.00 , 0.00 , 0.00 ,66.42M,26.00 
2020-08-10 03:20:50, 0.00 , 0.00 , 0.00 , 0.00 ,66.42M,26.00 
2020-08-10 03:20:51, 0.00 , 0.00 , 0.00 , 0.00 ,66.42M,26.00 
2020-08-10 03:20:52, 0.00 , 0.00 , 0.00 , 0.00 ,66.42M,26.00 
2020-08-10 03:20:53, 0.00 , 0.00 , 0.00 , 0.00 ,66.42M,26.00 
2020-08-10 03:20:54, 0.00 , 0.00 , 0.00 , 0.00 ,66.42M,26.00 
2020-08-10 03:20:55, 0.00 , 0.00 , 0.00 , 0.00 ,66.42M,26.00 
2020-08-10 03:20:56, 0.00 , 0.00 , 0.00 , 0.00 ,66.42M,26.00 
2020-08-10 03:20:57, 0.00 , 0.00 , 0.00 , 0.00 ,66.42M,26.00 
2020-08-10 03:20:58, 0.00 , 0.00 , 0.00 , 0.00 ,66.42M,26.00 
2020-08-10 03:20:59, 0.00 , 0.00 , 0.00 , 0.00 ,66.42M,26.00 
2020-08-10 03:21:00, 0.00 , 0.00 , 0.00 , 0.00 ,66.42M,26.00 
2020-08-10 03:21:01, 0.00 , 0.00 , 0.00 , 0.00 ,66.42M,26.00 
2020-08-10 03:21:02, 0.00 , 0.00 , 0.00 , 0.00 ,66.42M,26.00 
2020-08-10 03:21:03, 0.00 , 0.00 , 0.00 , 0.00 ,66.42M,26.00 
2020-08-10 03:21:04, 0.00 , 0.00 , 0.00 , 0.00 ,66.42M,26.00 
2020-08-10 03:21:05, 0.00 , 0.00 , 0.00 , 0.00 ,66.42M,26.00 
2020-08-10 03:21:06, 0.00 , 0.00 , 0.00 , 0.00 ,66.42M,26.00 
2020-08-10 03:21:07, 0.00 , 0.00 , 0.00 , 0.00 ,66.42M,26.00 
2020-08-10 03:21:08, 0.00 , 0.00 , 0.00 , 0.00 ,66.42M,26.00 
2020-08-10 03:21:09, 0.00 , 0.00 , 0.00 , 0.00 ,66.42M,26.00 
2020-08-10 03:21:10, 0.00 , 0.00 , 0.00 , 0.00 ,66.42M,26.00 
2020-08-10 03:21:11, 0.00 , 0.00 , 0.00 , 0.00 ,66.42M,26.00 
2020-08-10 03:21:12, 0.00 , 0.00 , 0.00 , 0.00 ,66.42M,26.00 
2020-08-10 03:21:13, 0.00 , 0.00 , 0.00 , 0.00 ,66.42M,26.00 
2020-08-10 03:21:14, 0.00 , 0.00 , 0.00 , 0.00 ,66.42M,26.00 
2020-08-10 03:21:15, 0.00 , 0.00 , 0.00 , 0.00 ,66.42M,26.00 
2020-08-10 03:21:16, 0.00 , 0.00 , 0.00 , 0.00 ,66.42M,26.00 
2020-08-10 03:21:17, 0.00 , 0.00 , 0.00 , 0.00 ,66.42M,26.00 
2020-08-10 03:21:18, 0.00 , 0.00 , 0.00 , 0.00 ,66.42M,26.00 
2020-08-10 03:21:19, 0.00 , 0.00 , 0.00 , 0.00 ,66.42M,26.00 
2020-08-10 03:21:20, 0.00 , 0.00 , 0.00 , 0.00 ,66.42M,26.00 
2020-08-10 03:21:21, 0.00 , 0.00 , 0.00 , 0.00 ,66.42M,26.00 
2020-08-10 03:21:22, 0.00 , 0.00 , 0.00 , 0.00 ,66.42M,26.00 
2020-08-10 03:21:23, 0.00 , 0.00 , 0.00 , 0.00 ,66.42M,26.00 
2020-08-10 03:21:24, 0.00 , 0.00 , 0.00 , 0.00 ,66.42M,26.00 
2020-08-10 03:21:25, 0.00 , 0.00 , 0.00 , 0.00 ,66.42M,26.00 
2020-08-10 03:21:26, 0.00 , 0.00 , 0.00 , 0.00 ,66.42M,26.00 
2020-08-10 03:21:27, 0.00 , 0.00 , 0.00 , 0.00 ,66.42M,26.00 
2020-08-10 03:21:28, 0.00 , 0.00 , 0.00 , 0.00 ,66.42M,26.00 
2020-08-10 03:21:29, 0.00 , 0.00 , 0.00 , 0.00 ,66.42M,26.00 
2020-08-10 03:21:30, 0.00 , 0.00 , 0.00 , 0.00 ,66.42M,26.00 
2020-08-10 03:21:31, 0.00 , 0.00 , 0.00 , 0.00 ,66.42M,26.00 
2020-08-10 03:21:32, 0.00 , 0.00 , 0.00 , 0.00 ,66.42M,26.00 
2020-08-10 03:21:33, 0.00 , 0.00 , 0.00 , 0.00 ,66.42M,26.00 
2020-08-10 03:21:34, 0.00 , 0.00 , 0.00 , 0.00 ,66.42M,26.00 
2020-08-10 03:21:35, 0.00 , 0.00 , 0.00 , 0.00 ,66.42M,26.00 
2020-08-10 03:21:36, 0.00 , 0.00 , 0.00 , 0.00 ,66.42M,26.00 
2020-08-10 03:21:37, 0.00 , 0.00 , 0.00 , 0.00 ,66.42M,26.00 
2020-08-10 03:21:38, 0.00 , 0.00 , 0.00 , 0.00 ,66.42M,26.00 
2020-08-10 03:21:39, 0.00 , 0.00 , 0.00 , 0.00 ,66.42M,26.00 
2020-08-10 03:21:40, 0.00 , 0.00 , 0.00 , 0.00 ,66.42M,26.00 
2020-08-10 03:21:41, 0.00 , 0.00 , 0.00 , 0.00 ,66.42M,26.00 
2020-08-10 03:21:42, 0.00 , 0.00 , 0.00 , 0.00 ,66.42M,26.00 
2020-08-10 03:21:43, 0.00 , 0.00 , 0.00 , 0.00 ,66.42M,26.00 
2020-08-10 03:21:44, 0.00 , 0.00 , 0.00 , 0.00 ,66.42M,26.00 
2020-08-10 03:21:45, 0.00 , 0.00 , 0.00 , 0.00 ,66.42M,26.00 
2020-08-10 03:21:46, 0.00 , 0.00 , 0.00 , 0.00 ,66.42M,26.00 
2020-08-10 03:21:47, 0.00 , 0.00 , 0.00 , 0.00 ,66.42M,26.00 
2020-08-10 03:21:48, 0.00 , 0.00 , 0.00 , 0.00 ,66.42M,26.00 
2020-08-10 03:21:49, 0.00 , 0.00 , 0.00 , 0.00 ,66.42M,26.00 
2020-08-10 03:21:50, 0.00 , 0.00 , 0.00 , 0.00 ,66.42M,26.00 
2020-08-10 03:21:51, 0.00 , 0.00 , 0.00 , 0.00 ,66.42M,26.00 
2020-08-10 03:21:52, 0.00 , 0.00 , 0.00 , 0.00 ,66.42M,26.00 
2020-08-10 03:21:53, 0.00 , 0.00 , 0.00 , 0.00 ,66.42M,26.00 
2020-08-10 03:21:54, 0.00 , 0.00 , 0.00 , 0.00 ,66.42M,26.00 
2020-08-10 03:21:55, 0.00 , 0.00 , 0.00 , 0.00 ,66.42M,26.00 
2020-08-10 03:21:56, 0.00 , 0.00 , 0.00 , 0.00 ,66.42M,26.00 
2020-08-10 03:21:57, 0.00 , 0.00 , 0.00 , 0.00 ,66.42M,26.00 
2020-08-10 03:21:58, 0.00 , 0.00 , 0.00 , 0.00 ,66.42M,26.00 
2020-08-10 03:21:59, 0.00 , 0.00 , 0.00 , 0.00 ,66.42M,26.00 
2020-08-10 03:22:00, 0.00 , 0.00 , 0.00 , 0.00 ,66.42M,26.00 
2020-08-10 03:22:01, 0.00 , 0.00 , 0.00 , 0.00 ,66.42M,26.00 
2020-08-10 03:22:02, 0.00 , 0.00 , 0.00 , 0.00 ,66.42M,26.00 
2020-08-10 03:22:03, 0.00 , 0.00 , 0.00 , 0.00 ,66.42M,26.00 
2020-08-10 03:22:04, 0.00 , 0.00 , 0.00 , 0.00 ,66.42M,26.00 
2020-08-10 03:22:05, 0.00 , 0.00 , 0.00 , 0.00 ,66.42M,26.00 
2020-08-10 03:22:06, 0.00 , 0.00 , 0.00 , 0.00 ,66.42M,26.00 
2020-08-10 03:22:07, 0.00 , 0.00 , 0.00 , 0.00 ,66.42M,26.00 
2020-08-10 03:22:08, 0.00 , 0.00 , 0.00 , 0.00 ,66.42M,26.00 
2020-08-10 03:22:09, 0.00 , 0.00 , 0.00 , 0.00 ,66.42M,26.00 
2020-08-10 03:22:10, 0.00 , 0.00 , 0.00 , 0.00 ,66.42M,26.00 
2020-08-10 03:22:11, 0.00 , 0.00 , 0.00 , 0.00 ,66.42M,26.00 
2020-08-10 03:22:12, 0.00 , 0.00 , 0.00 , 0.00 ,66.42M,26.00 
2020-08-10 03:22:13, 0.00 , 0.00 , 0.00 , 0.00 ,66.42M,26.00 
2020-08-10 03:22:14, 0.00 , 0.00 , 0.00 , 0.00 ,66.42M,26.00 
2020-08-10 03:22:15, 0.00 , 0.00 , 0.00 , 0.00 ,66.42M,26.00 
2020-08-10 03:22:16, 0.00 , 0.00 , 0.00 , 0.00 ,66.42M,26.00 
2020-08-10 03:22:17, 0.00 , 0.00 , 0.00 , 0.00 ,66.42M,26.00 
2020-08-10 03:22:18, 0.00 , 0.00 , 0.00 , 0.00 ,66.42M,26.00 
2020-08-10 03:22:19, 0.00 , 0.00 , 0.00 , 0.00 ,66.42M,26.00 
2020-08-10 03:22:20, 0.00 , 0.00 , 0.00 , 0.00 ,66.42M,26.00 
2020-08-10 03:22:21, 0.00 , 0.00 , 0.00 , 0.00 ,66.42M,26.00 
2020-08-10 03:22:22, 0.00 , 0.00 , 0.00 , 0.00 ,66.42M,26.00 
2020-08-10 03:22:23, 0.00 , 0.00 , 0.00 , 0.00 ,66.42M,26.00 
2020-08-10 03:22:24, 0.00 , 0.00 , 0.00 , 0.00 ,66.42M,26.00 
2020-08-10 03:22:25, 0.00 , 0.00 , 0.00 , 0.00 ,66.42M,26.00 
2020-08-10 03:22:26, 0.00 , 0.00 , 0.00 , 0.00 ,66.42M,26.00 
2020-08-10 03:22:27, 0.00 , 0.00 , 0.00 , 0.00 ,66.42M,26.00 
2020-08-10 03:22:28, 0.00 , 0.00 , 0.00 , 0.00 ,66.42M,26.00 
2020-08-10 03:22:29, 0.00 , 0.00 , 0.00 , 0.00 ,66.42M,26.00 
2020-08-10 03:22:30, 0.00 , 0.00 , 0.00 , 0.00 ,66.42M,26.00 
2020-08-10 03:22:31, 0.00 , 0.00 , 0.00 , 0.00 ,66.42M,26.00 
2020-08-10 03:22:32, 0.00 , 0.00 , 0.00 , 0.00 ,66.42M,26.00 
2020-08-10 03:22:33, 0.00 , 0.00 , 0.00 , 0.00 ,66.42M,26.00 
