[ 1] local::disk.partitions.write["vdb1"]
[ 2] local::disk.partitions.write_bytes["vdb1"]
[ 3] local::disk.partitions.read["vdb1"]
[ 4] local::disk.partitions.read_bytes["vdb1"]
[ 5] local::filesys.used["/dev/vdb1"]
[ 6] local::filesys.usedfiles["/dev/vdb1"]

             Column,     1,     2,     3,     4,     5,     6
             Source,local:,local:,local:,local:,local:,local:
             Metric, write,_bytes,  read,_bytes,  used,dfiles
               Inst,  vdb1,  vdb1,  vdb1,  vdb1,/dev/v,/dev/v
              Units,   c/s,   b/s,   c/s,   b/s,     b,  none
2020-08-10 06:50:54,     ?,     ?,     ?,     ?,66.41M,26.00 
2020-08-10 06:50:55, 0.00 , 0.00 , 0.00 , 0.00 ,66.41M,26.00 
2020-08-10 06:50:56, 0.00 , 0.00 , 0.00 , 0.00 ,66.41M,26.00 
2020-08-10 06:50:57, 0.00 , 0.00 , 0.00 , 0.00 ,66.41M,26.00 
2020-08-10 06:50:58, 0.00 , 0.00 , 0.00 , 0.00 ,66.41M,26.00 
2020-08-10 06:50:59, 0.00 , 0.00 , 0.00 , 0.00 ,66.41M,26.00 
2020-08-10 06:51:00, 0.00 , 0.00 , 0.00 , 0.00 ,66.41M,26.00 
2020-08-10 06:51:01, 0.00 , 0.00 , 0.00 , 0.00 ,66.41M,26.00 
2020-08-10 06:51:02, 0.00 , 0.00 , 0.00 , 0.00 ,66.41M,26.00 
2020-08-10 06:51:03, 0.00 , 0.00 , 0.00 , 0.00 ,66.41M,26.00 
2020-08-10 06:51:04, 0.00 , 0.00 , 0.00 , 0.00 ,66.41M,26.00 
2020-08-10 06:51:05, 0.00 , 0.00 , 0.00 , 0.00 ,66.41M,26.00 
2020-08-10 06:51:06, 0.00 , 0.00 , 0.00 , 0.00 ,66.41M,26.00 
2020-08-10 06:51:07, 0.00 , 0.00 , 0.00 , 0.00 ,66.41M,26.00 
2020-08-10 06:51:08, 0.00 , 0.00 , 0.00 , 0.00 ,66.41M,26.00 
2020-08-10 06:51:09, 0.00 , 0.00 , 0.00 , 0.00 ,66.41M,26.00 
2020-08-10 06:51:10, 0.00 , 0.00 , 0.00 , 0.00 ,66.41M,26.00 
2020-08-10 06:51:11, 0.00 , 0.00 , 0.00 , 0.00 ,66.41M,26.00 
2020-08-10 06:51:12, 0.00 , 0.00 , 0.00 , 0.00 ,66.41M,26.00 
2020-08-10 06:51:13, 0.00 , 0.00 , 0.00 , 0.00 ,66.41M,26.00 
2020-08-10 06:51:14, 0.00 , 0.00 , 0.00 , 0.00 ,66.41M,26.00 
2020-08-10 06:51:15, 0.00 , 0.00 , 0.00 , 0.00 ,66.44M,32.00 
2020-08-10 06:51:16, 0.00 , 0.00 , 0.00 , 0.00 ,66.44M,32.00 
2020-08-10 06:51:17, 0.00 , 0.00 , 0.00 , 0.00 ,66.44M,32.00 
2020-08-10 06:51:18, 0.00 , 0.00 , 0.00 , 0.00 ,66.44M,32.00 
2020-08-10 06:51:19, 0.00 , 0.00 , 0.00 , 0.00 ,66.44M,32.00 
2020-08-10 06:51:20, 7.00 ,57.34K, 0.00 , 0.00 ,66.44M,32.00 
2020-08-10 06:51:21, 0.00 , 0.00 , 0.00 , 0.00 ,66.44M,32.00 
2020-08-10 06:51:22, 0.00 , 0.00 , 0.00 , 0.00 ,66.44M,32.00 
2020-08-10 06:51:23, 0.00 , 0.00 , 0.00 , 0.00 ,66.44M,32.00 
2020-08-10 06:51:24, 0.00 , 0.00 , 0.00 , 0.00 ,66.44M,32.00 
2020-08-10 06:51:25, 5.00 ,20.49K, 0.00 , 0.00 ,66.44M,32.00 
2020-08-10 06:51:26, 2.00 ,20.47K, 0.00 , 0.00 ,66.44M,32.00 
2020-08-10 06:51:27, 0.00 , 0.00 , 0.00 , 0.00 ,66.44M,32.00 
2020-08-10 06:51:28, 0.00 , 0.00 , 0.00 , 0.00 ,66.44M,32.00 
2020-08-10 06:51:29, 0.00 , 0.00 , 0.00 , 0.00 ,66.44M,32.00 
2020-08-10 06:51:30, 0.00 , 0.00 , 0.00 , 0.00 ,66.44M,32.00 
2020-08-10 06:51:31, 3.00 ,12.30K, 0.00 , 0.00 ,66.44M,32.00 
2020-08-10 06:51:32, 0.00 , 0.00 , 0.00 , 0.00 ,66.44M,32.00 
2020-08-10 06:51:33, 0.00 , 0.00 , 0.00 , 0.00 ,66.44M,32.00 
2020-08-10 06:51:34, 0.00 , 0.00 , 0.00 , 0.00 ,66.44M,32.00 
2020-08-10 06:51:35, 0.00 , 0.00 , 0.00 , 0.00 ,66.44M,32.00 
2020-08-10 06:51:36, 0.00 , 0.00 , 0.00 , 0.00 ,66.44M,32.00 
2020-08-10 06:51:37, 0.00 , 0.00 , 0.00 , 0.00 ,66.44M,32.00 
2020-08-10 06:51:38, 0.00 , 0.00 , 0.00 , 0.00 ,66.44M,32.00 
2020-08-10 06:51:39, 0.00 , 0.00 , 0.00 , 0.00 ,66.44M,32.00 
2020-08-10 06:51:40, 0.00 , 0.00 , 0.00 , 0.00 ,66.44M,32.00 
2020-08-10 06:51:41, 0.00 , 0.00 , 0.00 , 0.00 ,66.44M,32.00 
2020-08-10 06:51:42, 0.00 , 0.00 , 0.00 , 0.00 ,66.44M,32.00 
2020-08-10 06:51:43, 0.00 , 0.00 , 0.00 , 0.00 ,66.44M,32.00 
2020-08-10 06:51:44, 0.00 , 0.00 , 0.00 , 0.00 ,66.44M,32.00 
2020-08-10 06:51:45, 0.00 , 0.00 , 0.00 , 0.00 ,66.44M,32.00 
2020-08-10 06:51:46, 0.00 , 0.00 , 0.00 , 0.00 ,66.44M,32.00 
2020-08-10 06:51:47, 0.00 , 0.00 , 0.00 , 0.00 ,66.44M,32.00 
2020-08-10 06:51:48, 0.00 , 0.00 , 0.00 , 0.00 ,66.44M,32.00 
2020-08-10 06:51:49, 0.00 , 0.00 , 0.00 , 0.00 ,66.44M,32.00 
2020-08-10 06:51:50, 0.00 , 0.00 , 0.00 , 0.00 ,66.44M,32.00 
2020-08-10 06:51:51, 0.00 , 0.00 , 0.00 , 0.00 ,66.44M,32.00 
2020-08-10 06:51:52, 0.00 , 0.00 , 0.00 , 0.00 ,66.44M,32.00 
2020-08-10 06:51:53, 0.00 , 0.00 , 0.00 , 0.00 ,66.44M,32.00 
2020-08-10 06:51:54, 0.00 , 0.00 , 0.00 , 0.00 ,66.44M,32.00 
2020-08-10 06:51:55, 0.00 , 0.00 , 0.00 , 0.00 ,66.44M,32.00 
2020-08-10 06:51:56, 0.00 , 0.00 , 0.00 , 0.00 ,66.44M,32.00 
2020-08-10 06:51:57, 0.00 , 0.00 , 0.00 , 0.00 ,66.44M,32.00 
2020-08-10 06:51:58, 0.00 , 0.00 , 0.00 , 0.00 ,66.44M,32.00 
2020-08-10 06:51:59, 0.00 , 0.00 , 0.00 , 0.00 ,66.50M,32.00 
2020-08-10 06:52:00, 1.00 ,98.25K, 0.00 , 0.00 ,66.41M,27.00 
2020-08-10 06:52:01, 0.00 , 0.00 , 0.00 , 0.00 ,66.41M,27.00 
2020-08-10 06:52:02, 0.00 , 0.00 , 0.00 , 0.00 ,66.41M,27.00 
2020-08-10 06:52:03, 0.00 , 0.00 , 0.00 , 0.00 ,66.41M,27.00 
2020-08-10 06:52:04, 0.00 , 0.00 , 0.00 , 0.00 ,66.41M,27.00 
2020-08-10 06:52:05, 2.00 ,36.85K, 0.00 , 0.00 ,66.41M,27.00 
2020-08-10 06:52:06, 0.00 , 0.00 , 0.00 , 0.00 ,66.41M,27.00 
2020-08-10 06:52:07, 0.00 , 0.00 , 0.00 , 0.00 ,66.41M,27.00 
2020-08-10 06:52:08, 0.00 , 0.00 , 0.00 , 0.00 ,66.41M,27.00 
2020-08-10 06:52:09, 0.00 , 0.00 , 0.00 , 0.00 ,66.41M,27.00 
2020-08-10 06:52:10, 7.00 ,28.68K, 0.00 , 0.00 ,66.41M,27.00 
