[ 1] local::disk.partitions.write["vdb1"]
[ 2] local::disk.partitions.write_bytes["vdb1"]
[ 3] local::disk.partitions.read["vdb1"]
[ 4] local::disk.partitions.read_bytes["vdb1"]
[ 5] local::filesys.used["/dev/vdb1"]
[ 6] local::filesys.usedfiles["/dev/vdb1"]

             Column,     1,     2,     3,     4,     5,     6
             Source,local:,local:,local:,local:,local:,local:
             Metric, write,_bytes,  read,_bytes,  used,dfiles
               Inst,  vdb1,  vdb1,  vdb1,  vdb1,/dev/v,/dev/v
              Units,   c/s,   b/s,   c/s,   b/s,     b,  none
2020-08-10 03:47:05,     ?,     ?,     ?,     ?,66.43M,26.00 
2020-08-10 03:47:06, 0.00 , 0.00 , 0.00 , 0.00 ,66.43M,26.00 
2020-08-10 03:47:07, 0.00 , 0.00 , 0.00 , 0.00 ,66.43M,26.00 
2020-08-10 03:47:08, 0.00 , 0.00 , 0.00 , 0.00 ,66.43M,26.00 
2020-08-10 03:47:09, 0.00 , 0.00 , 0.00 , 0.00 ,66.43M,26.00 
2020-08-10 03:47:10, 0.00 , 0.00 , 0.00 , 0.00 ,66.43M,26.00 
2020-08-10 03:47:11, 0.00 , 0.00 , 0.00 , 0.00 ,66.43M,26.00 
2020-08-10 03:47:12, 0.00 , 0.00 , 0.00 , 0.00 ,66.43M,26.00 
2020-08-10 03:47:13, 0.00 , 0.00 , 0.00 , 0.00 ,66.43M,26.00 
2020-08-10 03:47:14, 0.00 , 0.00 , 0.00 , 0.00 ,66.43M,26.00 
2020-08-10 03:47:15, 0.00 , 0.00 , 0.00 , 0.00 ,66.43M,26.00 
2020-08-10 03:47:16, 0.00 , 0.00 , 0.00 , 0.00 ,66.43M,26.00 
2020-08-10 03:47:17, 0.00 , 0.00 , 0.00 , 0.00 ,66.43M,26.00 
2020-08-10 03:47:18, 0.00 , 0.00 , 0.00 , 0.00 ,66.43M,26.00 
2020-08-10 03:47:19, 0.00 , 0.00 , 0.00 , 0.00 ,66.43M,26.00 
2020-08-10 03:47:20, 0.00 , 0.00 , 0.00 , 0.00 ,66.43M,26.00 
2020-08-10 03:47:21, 0.00 , 0.00 , 0.00 , 0.00 ,66.43M,26.00 
2020-08-10 03:47:22, 0.00 , 0.00 , 0.00 , 0.00 ,66.43M,26.00 
2020-08-10 03:47:23, 0.00 , 0.00 , 0.00 , 0.00 ,66.43M,26.00 
2020-08-10 03:47:24, 0.00 , 0.00 , 0.00 , 0.00 ,66.43M,26.00 
2020-08-10 03:47:25, 0.00 , 0.00 , 0.00 , 0.00 ,66.43M,26.00 
2020-08-10 03:47:26, 0.00 , 0.00 , 0.00 , 0.00 ,66.43M,26.00 
2020-08-10 03:47:27, 0.00 , 0.00 , 0.00 , 0.00 ,66.43M,26.00 
2020-08-10 03:47:28, 6.99 ,28.63K, 0.00 , 0.00 ,66.43M,26.00 
2020-08-10 03:47:29, 0.00 , 0.00 , 0.00 , 0.00 ,66.43M,26.00 
2020-08-10 03:47:30, 0.00 , 0.00 , 0.00 , 0.00 ,66.43M,26.00 
2020-08-10 03:47:31, 0.00 , 0.00 , 0.00 , 0.00 ,66.43M,26.00 
2020-08-10 03:47:32, 0.00 , 0.00 , 0.00 , 0.00 ,66.43M,26.00 
2020-08-10 03:47:33, 0.00 , 0.00 , 0.00 , 0.00 ,66.43M,26.00 
2020-08-10 03:47:34, 0.00 , 0.00 , 0.00 , 0.00 ,66.43M,26.00 
2020-08-10 03:47:35, 0.00 , 0.00 , 0.00 , 0.00 ,66.43M,26.00 
2020-08-10 03:47:36, 0.00 , 0.00 , 0.00 , 0.00 ,66.43M,26.00 
2020-08-10 03:47:37, 0.00 , 0.00 , 0.00 , 0.00 ,66.43M,26.00 
2020-08-10 03:47:38, 0.00 , 0.00 , 0.00 , 0.00 ,66.43M,26.00 
2020-08-10 03:47:39, 0.00 , 0.00 , 0.00 , 0.00 ,66.43M,26.00 
2020-08-10 03:47:40, 0.00 , 0.00 , 0.00 , 0.00 ,66.43M,26.00 
2020-08-10 03:47:41, 0.00 , 0.00 , 0.00 , 0.00 ,66.43M,26.00 
2020-08-10 03:47:42, 0.00 , 0.00 , 0.00 , 0.00 ,66.43M,26.00 
2020-08-10 03:47:43, 0.00 , 0.00 , 0.00 , 0.00 ,66.43M,26.00 
2020-08-10 03:47:44, 0.00 , 0.00 , 0.00 , 0.00 ,66.43M,26.00 
2020-08-10 03:47:45, 0.00 , 0.00 , 0.00 , 0.00 ,66.43M,26.00 
2020-08-10 03:47:46, 0.00 , 0.00 , 0.00 , 0.00 ,66.43M,26.00 
2020-08-10 03:47:47, 0.00 , 0.00 , 0.00 , 0.00 ,66.43M,26.00 
2020-08-10 03:47:48, 0.00 , 0.00 , 0.00 , 0.00 ,66.43M,26.00 
2020-08-10 03:47:49, 0.00 , 0.00 , 0.00 , 0.00 ,66.43M,26.00 
2020-08-10 03:47:50, 0.00 , 0.00 , 0.00 , 0.00 ,66.43M,26.00 
2020-08-10 03:47:51, 0.00 , 0.00 , 0.00 , 0.00 ,66.43M,26.00 
2020-08-10 03:47:52, 0.00 , 0.00 , 0.00 , 0.00 ,66.43M,26.00 
2020-08-10 03:47:53, 0.00 , 0.00 , 0.00 , 0.00 ,66.43M,26.00 
2020-08-10 03:47:54, 0.00 , 0.00 , 0.00 , 0.00 ,66.43M,26.00 
2020-08-10 03:47:55, 0.00 , 0.00 , 0.00 , 0.00 ,66.43M,26.00 
2020-08-10 03:47:56, 0.00 , 0.00 , 0.00 , 0.00 ,66.43M,26.00 
2020-08-10 03:47:57, 0.00 , 0.00 , 0.00 , 0.00 ,66.43M,26.00 
2020-08-10 03:47:58, 0.00 , 0.00 , 0.00 , 0.00 ,66.43M,26.00 
2020-08-10 03:47:59, 0.00 , 0.00 , 0.00 , 0.00 ,66.43M,26.00 
2020-08-10 03:48:00, 0.00 , 0.00 , 0.00 , 0.00 ,66.43M,26.00 
2020-08-10 03:48:01, 0.00 , 0.00 , 0.00 , 0.00 ,66.43M,26.00 
2020-08-10 03:48:02, 0.00 , 0.00 , 0.00 , 0.00 ,66.43M,26.00 
2020-08-10 03:48:03, 0.00 , 0.00 , 0.00 , 0.00 ,66.43M,26.00 
2020-08-10 03:48:04, 0.00 , 0.00 , 0.00 , 0.00 ,66.43M,26.00 
2020-08-10 03:48:05, 0.00 , 0.00 , 0.00 , 0.00 ,66.43M,26.00 
2020-08-10 03:48:06, 0.00 , 0.00 , 0.00 , 0.00 ,66.43M,26.00 
2020-08-10 03:48:07, 0.00 , 0.00 , 0.00 , 0.00 ,66.43M,26.00 
2020-08-10 03:48:08, 0.00 , 0.00 , 0.00 , 0.00 ,66.43M,26.00 
2020-08-10 03:48:09, 0.00 , 0.00 , 0.00 , 0.00 ,66.43M,26.00 
2020-08-10 03:48:10, 0.00 , 0.00 , 0.00 , 0.00 ,66.43M,26.00 
2020-08-10 03:48:11, 0.00 , 0.00 , 0.00 , 0.00 ,66.43M,26.00 
2020-08-10 03:48:12, 0.00 , 0.00 , 0.00 , 0.00 ,66.43M,26.00 
2020-08-10 03:48:13, 0.00 , 0.00 , 0.00 , 0.00 ,66.43M,26.00 
2020-08-10 03:48:14, 0.00 , 0.00 , 0.00 , 0.00 ,66.43M,26.00 
2020-08-10 03:48:15, 0.00 , 0.00 , 0.00 , 0.00 ,66.43M,26.00 
2020-08-10 03:48:16, 0.00 , 0.00 , 0.00 , 0.00 ,66.43M,26.00 
2020-08-10 03:48:17, 0.00 , 0.00 , 0.00 , 0.00 ,66.43M,26.00 
2020-08-10 03:48:18, 0.00 , 0.00 , 0.00 , 0.00 ,66.43M,26.00 
2020-08-10 03:48:19, 0.00 , 0.00 , 0.00 , 0.00 ,66.43M,26.00 
2020-08-10 03:48:20, 0.00 , 0.00 , 0.00 , 0.00 ,66.43M,26.00 
2020-08-10 03:48:21, 0.00 , 0.00 , 0.00 , 0.00 ,66.43M,26.00 
2020-08-10 03:48:22, 0.00 , 0.00 , 0.00 , 0.00 ,66.43M,26.00 
2020-08-10 03:48:23, 0.00 , 0.00 , 0.00 , 0.00 ,66.43M,26.00 
2020-08-10 03:48:24, 0.00 , 0.00 , 0.00 , 0.00 ,66.43M,26.00 
2020-08-10 03:48:25, 0.00 , 0.00 , 0.00 , 0.00 ,66.43M,26.00 
2020-08-10 03:48:26, 0.00 , 0.00 , 0.00 , 0.00 ,66.43M,26.00 
2020-08-10 03:48:27, 0.00 , 0.00 , 0.00 , 0.00 ,66.43M,26.00 
2020-08-10 03:48:28, 0.00 , 0.00 , 0.00 , 0.00 ,66.43M,26.00 
2020-08-10 03:48:29, 0.00 , 0.00 , 0.00 , 0.00 ,66.43M,26.00 
2020-08-10 03:48:30, 0.00 , 0.00 , 0.00 , 0.00 ,66.43M,26.00 
2020-08-10 03:48:31, 0.00 , 0.00 , 0.00 , 0.00 ,66.43M,26.00 
2020-08-10 03:48:32, 0.00 , 0.00 , 0.00 , 0.00 ,66.43M,26.00 
2020-08-10 03:48:33, 0.00 , 0.00 , 0.00 , 0.00 ,66.43M,26.00 
2020-08-10 03:48:34, 0.00 , 0.00 , 0.00 , 0.00 ,66.43M,26.00 
2020-08-10 03:48:35, 0.00 , 0.00 , 0.00 , 0.00 ,66.43M,26.00 
2020-08-10 03:48:36, 0.00 , 0.00 , 0.00 , 0.00 ,66.43M,26.00 
2020-08-10 03:48:37, 0.00 , 0.00 , 0.00 , 0.00 ,66.43M,26.00 
2020-08-10 03:48:38, 0.00 , 0.00 , 0.00 , 0.00 ,66.43M,26.00 
2020-08-10 03:48:39, 0.00 , 0.00 , 0.00 , 0.00 ,66.43M,26.00 
2020-08-10 03:48:40, 0.00 , 0.00 , 0.00 , 0.00 ,66.43M,26.00 
2020-08-10 03:48:41, 0.00 , 0.00 , 0.00 , 0.00 ,66.43M,26.00 
2020-08-10 03:48:42, 0.00 , 0.00 , 0.00 , 0.00 ,66.43M,26.00 
2020-08-10 03:48:43, 0.00 , 0.00 , 0.00 , 0.00 ,66.43M,26.00 
2020-08-10 03:48:44, 0.00 , 0.00 , 0.00 , 0.00 ,66.43M,26.00 
2020-08-10 03:48:45, 0.00 , 0.00 , 0.00 , 0.00 ,66.43M,26.00 
2020-08-10 03:48:46, 0.00 , 0.00 , 0.00 , 0.00 ,66.43M,26.00 
2020-08-10 03:48:47, 0.00 , 0.00 , 0.00 , 0.00 ,66.43M,26.00 
2020-08-10 03:48:48, 0.00 , 0.00 , 0.00 , 0.00 ,66.43M,26.00 
2020-08-10 03:48:49, 0.00 , 0.00 , 0.00 , 0.00 ,66.43M,26.00 
2020-08-10 03:48:50, 0.00 , 0.00 , 0.00 , 0.00 ,66.43M,26.00 
2020-08-10 03:48:51, 0.00 , 0.00 , 0.00 , 0.00 ,66.43M,26.00 
2020-08-10 03:48:52, 0.00 , 0.00 , 0.00 , 0.00 ,66.43M,26.00 
2020-08-10 03:48:53, 0.00 , 0.00 , 0.00 , 0.00 ,66.43M,26.00 
2020-08-10 03:48:54, 0.00 , 0.00 , 0.00 , 0.00 ,66.43M,26.00 
2020-08-10 03:48:55, 0.00 , 0.00 , 0.00 , 0.00 ,66.43M,26.00 
2020-08-10 03:48:56, 0.00 , 0.00 , 0.00 , 0.00 ,66.43M,26.00 
2020-08-10 03:48:57, 0.00 , 0.00 , 0.00 , 0.00 ,66.43M,26.00 
2020-08-10 03:48:58, 0.00 , 0.00 , 0.00 , 0.00 ,66.43M,26.00 
2020-08-10 03:48:59, 0.00 , 0.00 , 0.00 , 0.00 ,66.43M,26.00 
2020-08-10 03:49:00, 0.00 , 0.00 , 0.00 , 0.00 ,66.43M,26.00 
2020-08-10 03:49:01, 0.00 , 0.00 , 0.00 , 0.00 ,66.43M,26.00 
2020-08-10 03:49:02, 0.00 , 0.00 , 0.00 , 0.00 ,66.43M,26.00 
2020-08-10 03:49:03, 0.00 , 0.00 , 0.00 , 0.00 ,66.43M,26.00 
2020-08-10 03:49:04, 0.00 , 0.00 , 0.00 , 0.00 ,66.43M,26.00 
2020-08-10 03:49:05, 0.00 , 0.00 , 0.00 , 0.00 ,66.43M,26.00 
2020-08-10 03:49:06, 0.00 , 0.00 , 0.00 , 0.00 ,66.43M,26.00 
2020-08-10 03:49:07, 0.00 , 0.00 , 0.00 , 0.00 ,66.43M,26.00 
2020-08-10 03:49:08, 0.00 , 0.00 , 0.00 , 0.00 ,66.43M,26.00 
2020-08-10 03:49:09, 0.00 , 0.00 , 0.00 , 0.00 ,66.43M,26.00 
2020-08-10 03:49:10, 0.00 , 0.00 , 0.00 , 0.00 ,66.43M,26.00 
2020-08-10 03:49:11, 0.00 , 0.00 , 0.00 , 0.00 ,66.43M,26.00 
2020-08-10 03:49:12, 0.00 , 0.00 , 0.00 , 0.00 ,66.43M,26.00 
2020-08-10 03:49:13, 0.00 , 0.00 , 0.00 , 0.00 ,66.43M,26.00 
2020-08-10 03:49:14, 0.00 , 0.00 , 0.00 , 0.00 ,66.43M,26.00 
2020-08-10 03:49:15, 0.00 , 0.00 , 0.00 , 0.00 ,66.43M,26.00 
2020-08-10 03:49:16, 0.00 , 0.00 , 0.00 , 0.00 ,66.43M,26.00 
2020-08-10 03:49:17, 0.00 , 0.00 , 0.00 , 0.00 ,66.43M,26.00 
2020-08-10 03:49:18, 0.00 , 0.00 , 0.00 , 0.00 ,66.43M,26.00 
2020-08-10 03:49:19, 0.00 , 0.00 , 0.00 , 0.00 ,66.43M,26.00 
2020-08-10 03:49:20, 0.00 , 0.00 , 0.00 , 0.00 ,66.43M,26.00 
2020-08-10 03:49:21, 0.00 , 0.00 , 0.00 , 0.00 ,66.43M,26.00 
2020-08-10 03:49:22, 0.00 , 0.00 , 0.00 , 0.00 ,66.43M,26.00 
2020-08-10 03:49:23, 0.00 , 0.00 , 0.00 , 0.00 ,66.43M,26.00 
2020-08-10 03:49:24, 0.00 , 0.00 , 0.00 , 0.00 ,66.43M,26.00 
2020-08-10 03:49:25, 0.00 , 0.00 , 0.00 , 0.00 ,66.43M,26.00 
2020-08-10 03:49:26, 0.00 , 0.00 , 0.00 , 0.00 ,66.43M,26.00 
2020-08-10 03:49:27, 0.00 , 0.00 , 0.00 , 0.00 ,66.43M,26.00 
2020-08-10 03:49:28, 0.00 , 0.00 , 0.00 , 0.00 ,66.43M,26.00 
2020-08-10 03:49:29, 0.00 , 0.00 , 0.00 , 0.00 ,66.43M,26.00 
2020-08-10 03:49:30, 0.00 , 0.00 , 0.00 , 0.00 ,66.43M,26.00 
2020-08-10 03:49:31, 0.00 , 0.00 , 0.00 , 0.00 ,66.43M,26.00 
2020-08-10 03:49:32, 0.00 , 0.00 , 0.00 , 0.00 ,66.43M,26.00 
2020-08-10 03:49:33, 0.00 , 0.00 , 0.00 , 0.00 ,66.43M,26.00 
2020-08-10 03:49:34, 0.00 , 0.00 , 0.00 , 0.00 ,66.43M,26.00 
2020-08-10 03:49:35, 0.00 , 0.00 , 0.00 , 0.00 ,66.43M,26.00 
2020-08-10 03:49:36, 0.00 , 0.00 , 0.00 , 0.00 ,66.43M,26.00 
2020-08-10 03:49:37, 0.00 , 0.00 , 0.00 , 0.00 ,66.43M,26.00 
2020-08-10 03:49:38, 0.00 , 0.00 , 0.00 , 0.00 ,66.43M,26.00 
2020-08-10 03:49:39, 0.00 , 0.00 , 0.00 , 0.00 ,66.43M,26.00 
2020-08-10 03:49:40, 0.00 , 0.00 , 0.00 , 0.00 ,66.43M,26.00 
2020-08-10 03:49:41, 0.00 , 0.00 , 0.00 , 0.00 ,66.43M,26.00 
2020-08-10 03:49:42, 0.00 , 0.00 , 0.00 , 0.00 ,66.43M,26.00 
2020-08-10 03:49:43, 0.00 , 0.00 , 0.00 , 0.00 ,66.43M,26.00 
2020-08-10 03:49:44, 0.00 , 0.00 , 0.00 , 0.00 ,66.43M,26.00 
2020-08-10 03:49:45, 0.00 , 0.00 , 0.00 , 0.00 ,66.43M,26.00 
2020-08-10 03:49:46, 0.00 , 0.00 , 0.00 , 0.00 ,66.43M,26.00 
2020-08-10 03:49:47, 0.00 , 0.00 , 0.00 , 0.00 ,66.43M,26.00 
2020-08-10 03:49:48, 0.00 , 0.00 , 0.00 , 0.00 ,66.43M,26.00 
2020-08-10 03:49:49, 0.00 , 0.00 , 0.00 , 0.00 ,66.43M,26.00 
2020-08-10 03:49:50, 0.00 , 0.00 , 0.00 , 0.00 ,66.43M,26.00 
2020-08-10 03:49:51, 0.00 , 0.00 , 0.00 , 0.00 ,66.43M,26.00 
2020-08-10 03:49:52, 0.00 , 0.00 , 0.00 , 0.00 ,66.43M,26.00 
2020-08-10 03:49:53, 0.00 , 0.00 , 0.00 , 0.00 ,66.43M,26.00 
2020-08-10 03:49:54, 0.00 , 0.00 , 0.00 , 0.00 ,66.43M,26.00 
2020-08-10 03:49:55, 0.00 , 0.00 , 0.00 , 0.00 ,66.43M,26.00 
2020-08-10 03:49:56, 0.00 , 0.00 , 0.00 , 0.00 ,66.43M,26.00 
2020-08-10 03:49:57, 0.00 , 0.00 , 0.00 , 0.00 ,66.43M,26.00 
2020-08-10 03:49:58, 0.00 , 0.00 , 0.00 , 0.00 ,66.43M,26.00 
2020-08-10 03:49:59, 0.00 , 0.00 , 0.00 , 0.00 ,66.43M,26.00 
2020-08-10 03:50:00, 0.00 , 0.00 , 0.00 , 0.00 ,66.43M,26.00 
2020-08-10 03:50:01, 0.00 , 0.00 , 0.00 , 0.00 ,66.43M,26.00 
2020-08-10 03:50:02, 0.00 , 0.00 , 0.00 , 0.00 ,66.43M,26.00 
2020-08-10 03:50:03, 0.00 , 0.00 , 0.00 , 0.00 ,66.43M,26.00 
2020-08-10 03:50:04, 0.00 , 0.00 , 0.00 , 0.00 ,66.43M,26.00 
2020-08-10 03:50:05, 0.00 , 0.00 , 0.00 , 0.00 ,66.43M,26.00 
2020-08-10 03:50:06, 0.00 , 0.00 , 0.00 , 0.00 ,66.43M,26.00 
2020-08-10 03:50:07, 0.00 , 0.00 , 0.00 , 0.00 ,66.43M,26.00 
2020-08-10 03:50:08, 0.00 , 0.00 , 0.00 , 0.00 ,66.43M,26.00 
2020-08-10 03:50:09, 0.00 , 0.00 , 0.00 , 0.00 ,66.43M,26.00 
2020-08-10 03:50:10, 0.00 , 0.00 , 0.00 , 0.00 ,66.43M,26.00 
2020-08-10 03:50:11, 0.00 , 0.00 , 0.00 , 0.00 ,66.43M,26.00 
2020-08-10 03:50:12, 0.00 , 0.00 , 0.00 , 0.00 ,66.43M,26.00 
2020-08-10 03:50:13, 0.00 , 0.00 , 0.00 , 0.00 ,66.43M,26.00 
2020-08-10 03:50:14, 0.00 , 0.00 , 0.00 , 0.00 ,66.43M,26.00 
2020-08-10 03:50:15, 0.00 , 0.00 , 0.00 , 0.00 ,66.43M,26.00 
2020-08-10 03:50:16, 0.00 , 0.00 , 0.00 , 0.00 ,66.43M,26.00 
2020-08-10 03:50:17, 0.00 , 0.00 , 0.00 , 0.00 ,66.43M,26.00 
2020-08-10 03:50:18, 0.00 , 0.00 , 0.00 , 0.00 ,66.43M,26.00 
2020-08-10 03:50:19, 0.00 , 0.00 , 0.00 , 0.00 ,66.43M,26.00 
2020-08-10 03:50:20, 0.00 , 0.00 , 0.00 , 0.00 ,66.43M,26.00 
2020-08-10 03:50:21, 0.00 , 0.00 , 0.00 , 0.00 ,66.43M,26.00 
2020-08-10 03:50:22, 0.00 , 0.00 , 0.00 , 0.00 ,66.43M,26.00 
2020-08-10 03:50:23, 0.00 , 0.00 , 0.00 , 0.00 ,66.43M,26.00 
2020-08-10 03:50:24, 0.00 , 0.00 , 0.00 , 0.00 ,66.43M,26.00 
2020-08-10 03:50:25, 0.00 , 0.00 , 0.00 , 0.00 ,66.43M,26.00 
2020-08-10 03:50:26, 0.00 , 0.00 , 0.00 , 0.00 ,66.43M,26.00 
2020-08-10 03:50:27, 0.00 , 0.00 , 0.00 , 0.00 ,66.43M,26.00 
2020-08-10 03:50:28, 0.00 , 0.00 , 0.00 , 0.00 ,66.43M,26.00 
2020-08-10 03:50:29, 0.00 , 0.00 , 0.00 , 0.00 ,66.43M,26.00 
2020-08-10 03:50:30, 0.00 , 0.00 , 0.00 , 0.00 ,66.43M,26.00 
2020-08-10 03:50:31, 0.00 , 0.00 , 0.00 , 0.00 ,66.43M,26.00 
2020-08-10 03:50:32, 0.00 , 0.00 , 0.00 , 0.00 ,66.43M,26.00 
2020-08-10 03:50:33, 0.00 , 0.00 , 0.00 , 0.00 ,66.43M,26.00 
2020-08-10 03:50:34, 0.00 , 0.00 , 0.00 , 0.00 ,66.43M,26.00 
2020-08-10 03:50:35, 0.00 , 0.00 , 0.00 , 0.00 ,66.43M,26.00 
2020-08-10 03:50:36, 0.00 , 0.00 , 0.00 , 0.00 ,66.43M,26.00 
2020-08-10 03:50:37, 0.00 , 0.00 , 0.00 , 0.00 ,66.43M,26.00 
2020-08-10 03:50:38, 0.00 , 0.00 , 0.00 , 0.00 ,66.43M,26.00 
2020-08-10 03:50:39, 0.00 , 0.00 , 0.00 , 0.00 ,66.43M,26.00 
2020-08-10 03:50:40, 0.00 , 0.00 , 0.00 , 0.00 ,66.43M,26.00 
2020-08-10 03:50:41, 0.00 , 0.00 , 0.00 , 0.00 ,66.43M,26.00 
2020-08-10 03:50:42, 0.00 , 0.00 , 0.00 , 0.00 ,66.43M,26.00 
2020-08-10 03:50:43, 0.00 , 0.00 , 0.00 , 0.00 ,66.43M,26.00 
2020-08-10 03:50:44, 0.00 , 0.00 , 0.00 , 0.00 ,66.43M,26.00 
2020-08-10 03:50:45, 0.00 , 0.00 , 0.00 , 0.00 ,66.43M,26.00 
2020-08-10 03:50:46, 0.00 , 0.00 , 0.00 , 0.00 ,66.43M,26.00 
2020-08-10 03:50:47, 0.00 , 0.00 , 0.00 , 0.00 ,66.43M,26.00 
2020-08-10 03:50:48, 0.00 , 0.00 , 0.00 , 0.00 ,66.43M,26.00 
2020-08-10 03:50:49, 0.00 , 0.00 , 0.00 , 0.00 ,66.43M,26.00 
2020-08-10 03:50:50, 0.00 , 0.00 , 0.00 , 0.00 ,66.43M,26.00 
2020-08-10 03:50:51, 0.00 , 0.00 , 0.00 , 0.00 ,66.43M,26.00 
2020-08-10 03:50:52, 0.00 , 0.00 , 0.00 , 0.00 ,66.43M,26.00 
2020-08-10 03:50:53, 0.00 , 0.00 , 0.00 , 0.00 ,66.43M,26.00 
2020-08-10 03:50:54, 0.00 , 0.00 , 0.00 , 0.00 ,66.43M,26.00 
2020-08-10 03:50:55, 0.00 , 0.00 , 0.00 , 0.00 ,66.43M,26.00 
2020-08-10 03:50:56, 0.00 , 0.00 , 0.00 , 0.00 ,66.43M,26.00 
2020-08-10 03:50:57, 0.00 , 0.00 , 0.00 , 0.00 ,66.43M,26.00 
2020-08-10 03:50:58, 0.00 , 0.00 , 0.00 , 0.00 ,66.43M,26.00 
2020-08-10 03:50:59, 0.00 , 0.00 , 0.00 , 0.00 ,66.43M,26.00 
2020-08-10 03:51:00, 0.00 , 0.00 , 0.00 , 0.00 ,66.43M,26.00 
2020-08-10 03:51:01, 0.00 , 0.00 , 0.00 , 0.00 ,66.43M,26.00 
2020-08-10 03:51:02, 0.00 , 0.00 , 0.00 , 0.00 ,66.43M,26.00 
2020-08-10 03:51:03, 0.00 , 0.00 , 0.00 , 0.00 ,66.43M,26.00 
2020-08-10 03:51:04, 0.00 , 0.00 , 0.00 , 0.00 ,66.43M,26.00 
2020-08-10 03:51:05, 0.00 , 0.00 , 0.00 , 0.00 ,66.43M,26.00 
2020-08-10 03:51:06, 0.00 , 0.00 , 0.00 , 0.00 ,66.43M,26.00 
2020-08-10 03:51:07, 0.00 , 0.00 , 0.00 , 0.00 ,66.43M,26.00 
2020-08-10 03:51:08, 0.00 , 0.00 , 0.00 , 0.00 ,66.43M,26.00 
2020-08-10 03:51:09, 0.00 , 0.00 , 0.00 , 0.00 ,66.43M,26.00 
2020-08-10 03:51:10, 0.00 , 0.00 , 0.00 , 0.00 ,66.43M,26.00 
2020-08-10 03:51:11, 0.00 , 0.00 , 0.00 , 0.00 ,66.43M,26.00 
2020-08-10 03:51:12, 0.00 , 0.00 , 0.00 , 0.00 ,66.43M,26.00 
2020-08-10 03:51:13, 0.00 , 0.00 , 0.00 , 0.00 ,66.43M,26.00 
2020-08-10 03:51:14, 0.00 , 0.00 , 0.00 , 0.00 ,66.43M,26.00 
2020-08-10 03:51:15, 0.00 , 0.00 , 0.00 , 0.00 ,66.43M,26.00 
2020-08-10 03:51:16, 0.00 , 0.00 , 0.00 , 0.00 ,66.43M,26.00 
2020-08-10 03:51:17, 0.00 , 0.00 , 0.00 , 0.00 ,66.43M,26.00 
2020-08-10 03:51:18, 0.00 , 0.00 , 0.00 , 0.00 ,66.43M,26.00 
2020-08-10 03:51:19, 0.00 , 0.00 , 0.00 , 0.00 ,66.43M,26.00 
2020-08-10 03:51:20, 0.00 , 0.00 , 0.00 , 0.00 ,66.43M,26.00 
2020-08-10 03:51:21, 0.00 , 0.00 , 0.00 , 0.00 ,66.43M,26.00 
2020-08-10 03:51:22, 0.00 , 0.00 , 0.00 , 0.00 ,66.43M,26.00 
2020-08-10 03:51:23, 0.00 , 0.00 , 0.00 , 0.00 ,66.43M,26.00 
2020-08-10 03:51:24, 0.00 , 0.00 , 0.00 , 0.00 ,66.43M,26.00 
2020-08-10 03:51:25, 0.00 , 0.00 , 0.00 , 0.00 ,66.43M,26.00 
2020-08-10 03:51:26, 0.00 , 0.00 , 0.00 , 0.00 ,66.43M,26.00 
2020-08-10 03:51:27, 0.00 , 0.00 , 0.00 , 0.00 ,66.43M,26.00 
2020-08-10 03:51:28, 0.00 , 0.00 , 0.00 , 0.00 ,66.43M,26.00 
2020-08-10 03:51:29, 0.00 , 0.00 , 0.00 , 0.00 ,66.43M,26.00 
2020-08-10 03:51:30, 0.00 , 0.00 , 0.00 , 0.00 ,66.43M,26.00 
2020-08-10 03:51:31, 0.00 , 0.00 , 0.00 , 0.00 ,66.43M,26.00 
2020-08-10 03:51:32, 0.00 , 0.00 , 0.00 , 0.00 ,66.43M,26.00 
2020-08-10 03:51:33, 0.00 , 0.00 , 0.00 , 0.00 ,66.43M,26.00 
2020-08-10 03:51:34, 0.00 , 0.00 , 0.00 , 0.00 ,66.43M,26.00 
2020-08-10 03:51:35, 0.00 , 0.00 , 0.00 , 0.00 ,66.43M,26.00 
2020-08-10 03:51:36, 0.00 , 0.00 , 0.00 , 0.00 ,66.43M,26.00 
2020-08-10 03:51:37, 0.00 , 0.00 , 0.00 , 0.00 ,66.43M,26.00 
2020-08-10 03:51:38, 0.00 , 0.00 , 0.00 , 0.00 ,66.43M,26.00 
2020-08-10 03:51:39, 0.00 , 0.00 , 0.00 , 0.00 ,66.43M,26.00 
2020-08-10 03:51:40, 0.00 , 0.00 , 0.00 , 0.00 ,66.43M,26.00 
2020-08-10 03:51:41, 0.00 , 0.00 , 0.00 , 0.00 ,66.43M,26.00 
2020-08-10 03:51:42, 0.00 , 0.00 , 0.00 , 0.00 ,66.43M,26.00 
2020-08-10 03:51:43, 0.00 , 0.00 , 0.00 , 0.00 ,66.43M,26.00 
2020-08-10 03:51:44, 0.00 , 0.00 , 0.00 , 0.00 ,66.43M,26.00 
2020-08-10 03:51:45, 0.00 , 0.00 , 0.00 , 0.00 ,66.43M,26.00 
2020-08-10 03:51:46, 0.00 , 0.00 , 0.00 , 0.00 ,66.43M,26.00 
2020-08-10 03:51:47, 0.00 , 0.00 , 0.00 , 0.00 ,66.43M,26.00 
2020-08-10 03:51:48, 0.00 , 0.00 , 0.00 , 0.00 ,66.43M,26.00 
2020-08-10 03:51:49, 0.00 , 0.00 , 0.00 , 0.00 ,66.43M,26.00 
2020-08-10 03:51:50, 0.00 , 0.00 , 0.00 , 0.00 ,66.43M,26.00 
2020-08-10 03:51:51, 0.00 , 0.00 , 0.00 , 0.00 ,66.43M,26.00 
2020-08-10 03:51:52, 0.00 , 0.00 , 0.00 , 0.00 ,66.43M,26.00 
2020-08-10 03:51:53, 0.00 , 0.00 , 0.00 , 0.00 ,66.43M,26.00 
2020-08-10 03:51:54, 0.00 , 0.00 , 0.00 , 0.00 ,66.43M,26.00 
2020-08-10 03:51:55, 0.00 , 0.00 , 0.00 , 0.00 ,66.43M,26.00 
2020-08-10 03:51:56, 0.00 , 0.00 , 0.00 , 0.00 ,66.43M,26.00 
2020-08-10 03:51:57, 0.00 , 0.00 , 0.00 , 0.00 ,66.43M,26.00 
2020-08-10 03:51:58, 0.00 , 0.00 , 0.00 , 0.00 ,66.43M,26.00 
2020-08-10 03:51:59, 0.00 , 0.00 , 0.00 , 0.00 ,66.43M,26.00 
2020-08-10 03:52:00, 0.00 , 0.00 , 0.00 , 0.00 ,66.43M,26.00 
2020-08-10 03:52:01, 0.00 , 0.00 , 0.00 , 0.00 ,66.43M,26.00 
2020-08-10 03:52:02, 0.00 , 0.00 , 0.00 , 0.00 ,66.43M,26.00 
2020-08-10 03:52:03, 0.00 , 0.00 , 0.00 , 0.00 ,66.43M,26.00 
2020-08-10 03:52:04, 0.00 , 0.00 , 0.00 , 0.00 ,66.43M,26.00 
2020-08-10 03:52:05, 0.00 , 0.00 , 0.00 , 0.00 ,66.43M,26.00 
2020-08-10 03:52:06, 0.00 , 0.00 , 0.00 , 0.00 ,66.43M,26.00 
2020-08-10 03:52:07, 0.00 , 0.00 , 0.00 , 0.00 ,66.43M,26.00 
2020-08-10 03:52:08, 0.00 , 0.00 , 0.00 , 0.00 ,66.43M,26.00 
2020-08-10 03:52:09, 0.00 , 0.00 , 0.00 , 0.00 ,66.43M,26.00 
2020-08-10 03:52:10, 0.00 , 0.00 , 0.00 , 0.00 ,66.43M,26.00 
2020-08-10 03:52:11, 0.00 , 0.00 , 0.00 , 0.00 ,66.43M,26.00 
2020-08-10 03:52:12, 0.00 , 0.00 , 0.00 , 0.00 ,66.43M,26.00 
2020-08-10 03:52:13, 0.00 , 0.00 , 0.00 , 0.00 ,66.43M,26.00 
2020-08-10 03:52:14, 0.00 , 0.00 , 0.00 , 0.00 ,66.43M,26.00 
2020-08-10 03:52:15, 0.00 , 0.00 , 0.00 , 0.00 ,66.43M,26.00 
2020-08-10 03:52:16, 0.00 , 0.00 , 0.00 , 0.00 ,66.43M,26.00 
2020-08-10 03:52:17, 0.00 , 0.00 , 0.00 , 0.00 ,66.43M,26.00 
2020-08-10 03:52:18, 0.00 , 0.00 , 0.00 , 0.00 ,66.43M,26.00 
2020-08-10 03:52:19, 0.00 , 0.00 , 0.00 , 0.00 ,66.43M,26.00 
2020-08-10 03:52:20, 0.00 , 0.00 , 0.00 , 0.00 ,66.43M,26.00 
2020-08-10 03:52:21, 0.00 , 0.00 , 0.00 , 0.00 ,66.43M,26.00 
2020-08-10 03:52:22, 0.00 , 0.00 , 0.00 , 0.00 ,66.43M,26.00 
2020-08-10 03:52:23, 0.00 , 0.00 , 0.00 , 0.00 ,66.43M,26.00 
2020-08-10 03:52:24, 0.00 , 0.00 , 0.00 , 0.00 ,66.43M,26.00 
2020-08-10 03:52:25, 0.00 , 0.00 , 0.00 , 0.00 ,66.43M,26.00 
2020-08-10 03:52:26, 0.00 , 0.00 , 0.00 , 0.00 ,66.43M,26.00 
2020-08-10 03:52:27, 0.00 , 0.00 , 0.00 , 0.00 ,66.43M,26.00 
2020-08-10 03:52:28, 0.00 , 0.00 , 0.00 , 0.00 ,66.43M,26.00 
2020-08-10 03:52:29, 0.00 , 0.00 , 0.00 , 0.00 ,66.43M,26.00 
2020-08-10 03:52:30, 0.00 , 0.00 , 0.00 , 0.00 ,66.43M,26.00 
2020-08-10 03:52:31, 0.00 , 0.00 , 0.00 , 0.00 ,66.43M,26.00 
2020-08-10 03:52:32, 0.00 , 0.00 , 0.00 , 0.00 ,66.43M,26.00 
2020-08-10 03:52:33, 0.00 , 0.00 , 0.00 , 0.00 ,66.43M,26.00 
2020-08-10 03:52:34, 0.00 , 0.00 , 0.00 , 0.00 ,66.43M,26.00 
2020-08-10 03:52:35, 0.00 , 0.00 , 0.00 , 0.00 ,66.43M,26.00 
2020-08-10 03:52:36, 0.00 , 0.00 , 0.00 , 0.00 ,66.43M,26.00 
2020-08-10 03:52:37, 0.00 , 0.00 , 0.00 , 0.00 ,66.43M,26.00 
2020-08-10 03:52:38, 0.00 , 0.00 , 0.00 , 0.00 ,66.43M,26.00 
2020-08-10 03:52:39, 0.00 , 0.00 , 0.00 , 0.00 ,66.43M,26.00 
2020-08-10 03:52:40, 0.00 , 0.00 , 0.00 , 0.00 ,66.43M,26.00 
2020-08-10 03:52:41, 0.00 , 0.00 , 0.00 , 0.00 ,66.43M,26.00 
2020-08-10 03:52:42, 0.00 , 0.00 , 0.00 , 0.00 ,66.43M,26.00 
2020-08-10 03:52:43, 0.00 , 0.00 , 0.00 , 0.00 ,66.43M,26.00 
2020-08-10 03:52:44, 0.00 , 0.00 , 0.00 , 0.00 ,66.43M,26.00 
2020-08-10 03:52:45, 0.00 , 0.00 , 0.00 , 0.00 ,66.43M,26.00 
2020-08-10 03:52:46, 0.00 , 0.00 , 0.00 , 0.00 ,66.43M,26.00 
2020-08-10 03:52:47, 0.00 , 0.00 , 0.00 , 0.00 ,66.43M,26.00 
2020-08-10 03:52:48, 0.00 , 0.00 , 0.00 , 0.00 ,66.43M,26.00 
2020-08-10 03:52:49, 0.00 , 0.00 , 0.00 , 0.00 ,66.43M,26.00 
2020-08-10 03:52:50, 0.00 , 0.00 , 0.00 , 0.00 ,66.43M,26.00 
2020-08-10 03:52:51, 0.00 , 0.00 , 0.00 , 0.00 ,66.43M,26.00 
2020-08-10 03:52:52, 0.00 , 0.00 , 0.00 , 0.00 ,66.43M,26.00 
2020-08-10 03:52:53, 0.00 , 0.00 , 0.00 , 0.00 ,66.43M,26.00 
2020-08-10 03:52:54, 0.00 , 0.00 , 0.00 , 0.00 ,66.43M,26.00 
2020-08-10 03:52:55, 0.00 , 0.00 , 0.00 , 0.00 ,66.43M,26.00 
2020-08-10 03:52:56, 0.00 , 0.00 , 0.00 , 0.00 ,66.43M,26.00 
2020-08-10 03:52:57, 0.00 , 0.00 , 0.00 , 0.00 ,66.43M,26.00 
2020-08-10 03:52:58, 0.00 , 0.00 , 0.00 , 0.00 ,66.43M,26.00 
2020-08-10 03:52:59, 0.00 , 0.00 , 0.00 , 0.00 ,66.43M,26.00 
2020-08-10 03:53:00, 0.00 , 0.00 , 0.00 , 0.00 ,66.43M,26.00 
2020-08-10 03:53:01, 0.00 , 0.00 , 0.00 , 0.00 ,66.43M,26.00 
