[ 1] local::disk.partitions.write["vdb1"]
[ 2] local::disk.partitions.write_bytes["vdb1"]
[ 3] local::disk.partitions.read["vdb1"]
[ 4] local::disk.partitions.read_bytes["vdb1"]
[ 5] local::filesys.used["/dev/vdb1"]
[ 6] local::filesys.usedfiles["/dev/vdb1"]

             Column,     1,     2,     3,     4,     5,     6
             Source,local:,local:,local:,local:,local:,local:
             Metric, write,_bytes,  read,_bytes,  used,dfiles
               Inst,  vdb1,  vdb1,  vdb1,  vdb1,/dev/v,/dev/v
              Units,   c/s,   b/s,   c/s,   b/s,     b,  none
2020-08-10 06:58:11,     ?,     ?,     ?,     ?,66.41M,26.00 
2020-08-10 06:58:12, 0.00 , 0.00 , 0.00 , 0.00 ,66.41M,26.00 
2020-08-10 06:58:13, 0.00 , 0.00 , 0.00 , 0.00 ,66.41M,26.00 
2020-08-10 06:58:14, 0.00 , 0.00 , 0.00 , 0.00 ,66.41M,26.00 
2020-08-10 06:58:15, 0.00 , 0.00 , 0.00 , 0.00 ,66.41M,26.00 
2020-08-10 06:58:16, 0.00 , 0.00 , 0.00 , 0.00 ,66.41M,26.00 
2020-08-10 06:58:17, 0.00 , 0.00 , 0.00 , 0.00 ,66.41M,26.00 
2020-08-10 06:58:18, 0.00 , 0.00 , 0.00 , 0.00 ,66.41M,26.00 
2020-08-10 06:58:19, 0.00 , 0.00 , 0.00 , 0.00 ,66.41M,26.00 
2020-08-10 06:58:20, 0.00 , 0.00 , 0.00 , 0.00 ,66.41M,26.00 
2020-08-10 06:58:21, 0.00 , 0.00 , 0.00 , 0.00 ,66.41M,26.00 
2020-08-10 06:58:22, 0.00 , 0.00 , 0.00 , 0.00 ,66.41M,26.00 
2020-08-10 06:58:23, 0.00 , 0.00 , 0.00 , 0.00 ,66.41M,26.00 
2020-08-10 06:58:24, 0.00 , 0.00 , 0.00 , 0.00 ,66.41M,26.00 
2020-08-10 06:58:25, 0.00 , 0.00 , 0.00 , 0.00 ,66.41M,26.00 
2020-08-10 06:58:26, 0.00 , 0.00 , 0.00 , 0.00 ,66.41M,26.00 
2020-08-10 06:58:27, 0.00 , 0.00 , 0.00 , 0.00 ,66.41M,26.00 
2020-08-10 06:58:28, 0.00 , 0.00 , 0.00 , 0.00 ,66.41M,26.00 
2020-08-10 06:58:29, 0.00 , 0.00 , 0.00 , 0.00 ,66.41M,26.00 
2020-08-10 06:58:30, 0.00 , 0.00 , 0.00 , 0.00 ,66.41M,26.00 
2020-08-10 06:58:31, 0.00 , 0.00 , 0.00 , 0.00 ,66.41M,26.00 
2020-08-10 06:58:32, 0.00 , 0.00 , 0.00 , 0.00 ,66.44M,34.00 
2020-08-10 06:58:33, 0.00 , 0.00 , 0.00 , 0.00 ,66.44M,34.00 
2020-08-10 06:58:34, 0.00 , 0.00 , 0.00 , 0.00 ,66.44M,34.00 
2020-08-10 06:58:35, 0.00 , 0.00 , 0.00 , 0.00 ,66.44M,34.00 
2020-08-10 06:58:36, 0.00 , 0.00 , 0.00 , 0.00 ,66.44M,34.00 
2020-08-10 06:58:37, 9.00 ,69.67K, 0.00 , 0.00 ,66.44M,34.00 
2020-08-10 06:58:38, 0.00 , 0.00 , 0.00 , 0.00 ,66.44M,34.00 
2020-08-10 06:58:39, 0.00 , 0.00 , 0.00 , 0.00 ,66.44M,34.00 
2020-08-10 06:58:40, 0.00 , 0.00 , 0.00 , 0.00 ,66.44M,34.00 
2020-08-10 06:58:41, 0.00 , 0.00 , 0.00 , 0.00 ,66.44M,34.00 
2020-08-10 06:58:42, 7.00 ,40.95K, 0.00 , 0.00 ,66.44M,34.00 
2020-08-10 06:58:43, 0.00 , 0.00 , 0.00 , 0.00 ,66.44M,34.00 
2020-08-10 06:58:44, 0.00 , 0.00 , 0.00 , 0.00 ,66.44M,34.00 
2020-08-10 06:58:45, 0.00 , 0.00 , 0.00 , 0.00 ,66.44M,34.00 
2020-08-10 06:58:46, 0.00 , 0.00 , 0.00 , 0.00 ,66.44M,34.00 
2020-08-10 06:58:47, 3.00 ,12.29K, 0.00 , 0.00 ,66.44M,34.00 
2020-08-10 06:58:48, 0.00 , 0.00 , 0.00 , 0.00 ,66.44M,34.00 
2020-08-10 06:58:49, 0.00 , 0.00 , 0.00 , 0.00 ,66.44M,34.00 
2020-08-10 06:58:50, 0.00 , 0.00 , 0.00 , 0.00 ,66.44M,34.00 
2020-08-10 06:58:51, 0.00 , 0.00 , 0.00 , 0.00 ,66.44M,34.00 
2020-08-10 06:58:52, 0.00 , 0.00 , 0.00 , 0.00 ,66.44M,34.00 
2020-08-10 06:58:53, 0.00 , 0.00 , 0.00 , 0.00 ,66.44M,34.00 
2020-08-10 06:58:54, 0.00 , 0.00 , 0.00 , 0.00 ,66.44M,34.00 
2020-08-10 06:58:55, 0.00 , 0.00 , 0.00 , 0.00 ,66.44M,34.00 
2020-08-10 06:58:56, 0.00 , 0.00 , 0.00 , 0.00 ,66.44M,34.00 
2020-08-10 06:58:57, 0.00 , 0.00 , 0.00 , 0.00 ,66.44M,34.00 
2020-08-10 06:58:58, 0.00 , 0.00 , 0.00 , 0.00 ,66.44M,34.00 
2020-08-10 06:58:59, 0.00 , 0.00 , 0.00 , 0.00 ,66.44M,34.00 
2020-08-10 06:59:00, 0.00 , 0.00 , 0.00 , 0.00 ,66.44M,34.00 
2020-08-10 06:59:01, 0.00 , 0.00 , 0.00 , 0.00 ,66.44M,34.00 
2020-08-10 06:59:02, 0.00 , 0.00 , 0.00 , 0.00 ,66.44M,34.00 
2020-08-10 06:59:03, 0.00 , 0.00 , 0.00 , 0.00 ,66.44M,34.00 
2020-08-10 06:59:04, 0.00 , 0.00 , 0.00 , 0.00 ,66.44M,34.00 
2020-08-10 06:59:05, 0.00 , 0.00 , 0.00 , 0.00 ,66.44M,34.00 
2020-08-10 06:59:06, 0.00 , 0.00 , 0.00 , 0.00 ,66.44M,34.00 
2020-08-10 06:59:07, 0.00 , 0.00 , 0.00 , 0.00 ,66.44M,34.00 
2020-08-10 06:59:08, 0.00 , 0.00 , 0.00 , 0.00 ,66.44M,34.00 
2020-08-10 06:59:09, 0.00 , 0.00 , 0.00 , 0.00 ,66.44M,34.00 
2020-08-10 06:59:10, 0.00 , 0.00 , 0.00 , 0.00 ,66.44M,34.00 
2020-08-10 06:59:11, 0.00 , 0.00 , 0.00 , 0.00 ,66.44M,34.00 
2020-08-10 06:59:12, 0.00 , 0.00 , 0.00 , 0.00 ,66.44M,34.00 
2020-08-10 06:59:13, 0.00 , 0.00 , 0.00 , 0.00 ,66.44M,34.00 
2020-08-10 06:59:14, 0.00 , 0.00 , 0.00 , 0.00 ,66.44M,34.00 
2020-08-10 06:59:15, 0.00 , 0.00 , 0.00 , 0.00 ,66.44M,34.00 
2020-08-10 06:59:16, 0.00 , 0.00 , 0.00 , 0.00 ,66.44M,34.00 
2020-08-10 06:59:17, 0.00 , 0.00 , 0.00 , 0.00 ,66.45M,34.00 
2020-08-10 06:59:18, 0.00 , 0.00 , 0.00 , 0.00 ,66.51M,34.00 
2020-08-10 06:59:19, 1.00 , 0.10M, 0.00 , 0.00 ,66.42M,27.00 
2020-08-10 06:59:20, 0.00 , 0.00 , 0.00 , 0.00 ,66.42M,27.00 
2020-08-10 06:59:21, 0.00 , 0.00 , 0.00 , 0.00 ,66.42M,27.00 
2020-08-10 06:59:22, 0.00 , 0.00 , 0.00 , 0.00 ,66.42M,27.00 
2020-08-10 06:59:23, 2.00 ,36.86K, 0.00 , 0.00 ,66.42M,27.00 
2020-08-10 06:59:24, 0.00 , 0.00 , 0.00 , 0.00 ,66.42M,27.00 
2020-08-10 06:59:25, 0.00 , 0.00 , 0.00 , 0.00 ,66.42M,27.00 
2020-08-10 06:59:26, 0.00 , 0.00 , 0.00 , 0.00 ,66.42M,27.00 
2020-08-10 06:59:27, 0.00 , 0.00 , 0.00 , 0.00 ,66.42M,27.00 
2020-08-10 06:59:28, 7.00 ,28.66K, 0.00 , 0.00 ,66.42M,27.00 
2020-08-10 06:59:29, 0.00 , 0.00 , 0.00 , 0.00 ,66.42M,27.00 
2020-08-10 06:59:30, 0.00 , 0.00 , 0.00 , 0.00 ,66.42M,27.00 
2020-08-10 06:59:31, 0.00 , 0.00 , 0.00 , 0.00 ,66.42M,27.00 
2020-08-10 06:59:32, 0.00 , 0.00 , 0.00 , 0.00 ,66.42M,27.00 
2020-08-10 06:59:33, 0.00 , 0.00 , 0.00 , 0.00 ,66.42M,27.00 
2020-08-10 06:59:34, 0.00 , 0.00 , 0.00 , 0.00 ,66.42M,27.00 
2020-08-10 06:59:35, 0.00 , 0.00 , 0.00 , 0.00 ,66.42M,27.00 
2020-08-10 06:59:36, 0.00 , 0.00 , 0.00 , 0.00 ,66.42M,27.00 
2020-08-10 06:59:37, 0.00 , 0.00 , 0.00 , 0.00 ,66.42M,27.00 
2020-08-10 06:59:38, 0.00 , 0.00 , 0.00 , 0.00 ,66.42M,27.00 
2020-08-10 06:59:39, 0.00 , 0.00 , 0.00 , 0.00 ,66.42M,27.00 
2020-08-10 06:59:40, 0.00 , 0.00 , 0.00 , 0.00 ,66.42M,27.00 
2020-08-10 06:59:41, 0.00 , 0.00 , 0.00 , 0.00 ,66.42M,27.00 
2020-08-10 06:59:42, 0.00 , 0.00 , 0.00 , 0.00 ,66.42M,27.00 
2020-08-10 06:59:43, 0.00 , 0.00 , 0.00 , 0.00 ,66.42M,27.00 
2020-08-10 06:59:44, 0.00 , 0.00 , 0.00 , 0.00 ,66.42M,27.00 
2020-08-10 06:59:45, 0.00 , 0.00 , 0.00 , 0.00 ,66.42M,27.00 
2020-08-10 06:59:46, 0.00 , 0.00 , 0.00 , 0.00 ,66.42M,27.00 
2020-08-10 06:59:47, 0.00 , 0.00 , 0.00 , 0.00 ,66.42M,27.00 
2020-08-10 06:59:48, 0.00 , 0.00 , 0.00 , 0.00 ,66.42M,27.00 
2020-08-10 06:59:49, 0.00 , 0.00 , 0.00 , 0.00 ,66.42M,27.00 
2020-08-10 06:59:50, 0.00 , 0.00 , 0.00 , 0.00 ,66.42M,27.00 
2020-08-10 06:59:51, 0.00 , 0.00 , 0.00 , 0.00 ,66.42M,27.00 
2020-08-10 06:59:52, 0.00 , 0.00 , 0.00 , 0.00 ,66.42M,27.00 
2020-08-10 06:59:53, 0.00 , 0.00 , 0.00 , 0.00 ,66.42M,27.00 
2020-08-10 06:59:54, 0.00 , 0.00 , 0.00 , 0.00 ,66.42M,27.00 
2020-08-10 06:59:55, 0.00 , 0.00 , 0.00 , 0.00 ,66.42M,27.00 
2020-08-10 06:59:56, 0.00 , 0.00 , 0.00 , 0.00 ,66.42M,27.00 
2020-08-10 06:59:57, 0.00 , 0.00 , 0.00 , 0.00 ,66.42M,27.00 
2020-08-10 06:59:58, 0.00 , 0.00 , 0.00 , 0.00 ,66.42M,27.00 
2020-08-10 06:59:59, 0.00 , 0.00 , 0.00 , 0.00 ,66.42M,27.00 
2020-08-10 07:00:00, 0.00 , 0.00 , 0.00 , 0.00 ,66.42M,27.00 
2020-08-10 07:00:01, 0.00 , 0.00 , 0.00 , 0.00 ,66.42M,27.00 
2020-08-10 07:00:02, 0.00 , 0.00 , 0.00 , 0.00 ,66.42M,27.00 
2020-08-10 07:00:03, 0.00 , 0.00 , 0.00 , 0.00 ,66.42M,27.00 
2020-08-10 07:00:04, 0.00 , 0.00 , 0.00 , 0.00 ,66.42M,27.00 
2020-08-10 07:00:05, 0.00 , 0.00 , 0.00 , 0.00 ,66.42M,27.00 
2020-08-10 07:00:06, 0.00 , 0.00 , 0.00 , 0.00 ,66.42M,27.00 
2020-08-10 07:00:07, 0.00 , 0.00 , 0.00 , 0.00 ,66.42M,27.00 
2020-08-10 07:00:08, 0.00 , 0.00 , 0.00 , 0.00 ,66.42M,27.00 
2020-08-10 07:00:09, 0.00 , 0.00 , 0.00 , 0.00 ,66.42M,27.00 
2020-08-10 07:00:10, 0.00 , 0.00 , 0.00 , 0.00 ,66.42M,27.00 
2020-08-10 07:00:11, 0.00 , 0.00 , 0.00 , 0.00 ,66.42M,27.00 
2020-08-10 07:00:12, 0.00 , 0.00 , 0.00 , 0.00 ,66.42M,27.00 
2020-08-10 07:00:13, 0.00 , 0.00 , 0.00 , 0.00 ,66.42M,27.00 
2020-08-10 07:00:14, 0.00 , 0.00 , 0.00 , 0.00 ,66.42M,27.00 
2020-08-10 07:00:15, 0.00 , 0.00 , 0.00 , 0.00 ,66.42M,27.00 
2020-08-10 07:00:16, 0.00 , 0.00 , 0.00 , 0.00 ,66.42M,27.00 
2020-08-10 07:00:17, 0.00 , 0.00 , 0.00 , 0.00 ,66.42M,27.00 
2020-08-10 07:00:18, 0.00 , 0.00 , 0.00 , 0.00 ,66.42M,27.00 
2020-08-10 07:00:19, 0.00 , 0.00 , 0.00 , 0.00 ,66.42M,27.00 
2020-08-10 07:00:20, 0.00 , 0.00 , 0.00 , 0.00 ,66.42M,27.00 
2020-08-10 07:00:21, 0.00 , 0.00 , 0.00 , 0.00 ,66.42M,27.00 
2020-08-10 07:00:22, 0.00 , 0.00 , 0.00 , 0.00 ,66.42M,27.00 
2020-08-10 07:00:23, 0.00 , 0.00 , 0.00 , 0.00 ,66.42M,27.00 
2020-08-10 07:00:24, 0.00 , 0.00 , 0.00 , 0.00 ,66.42M,27.00 
2020-08-10 07:00:25, 0.00 , 0.00 , 0.00 , 0.00 ,66.42M,27.00 
2020-08-10 07:00:26, 0.00 , 0.00 , 0.00 , 0.00 ,66.42M,27.00 
2020-08-10 07:00:27, 0.00 , 0.00 , 0.00 , 0.00 ,66.42M,27.00 
2020-08-10 07:00:28, 0.00 , 0.00 , 0.00 , 0.00 ,66.42M,27.00 
2020-08-10 07:00:29, 0.00 , 0.00 , 0.00 , 0.00 ,66.42M,27.00 
2020-08-10 07:00:30, 0.00 , 0.00 , 0.00 , 0.00 ,66.42M,27.00 
2020-08-10 07:00:31, 0.00 , 0.00 , 0.00 , 0.00 ,66.42M,27.00 
2020-08-10 07:00:32, 0.00 , 0.00 , 0.00 , 0.00 ,66.42M,27.00 
2020-08-10 07:00:33, 0.00 , 0.00 , 0.00 , 0.00 ,66.42M,27.00 
2020-08-10 07:00:34, 0.00 , 0.00 , 0.00 , 0.00 ,66.42M,27.00 
2020-08-10 07:00:35, 0.00 , 0.00 , 0.00 , 0.00 ,66.42M,27.00 
2020-08-10 07:00:36, 0.00 , 0.00 , 0.00 , 0.00 ,66.42M,27.00 
2020-08-10 07:00:37, 0.00 , 0.00 , 0.00 , 0.00 ,66.42M,27.00 
2020-08-10 07:00:38, 0.00 , 0.00 , 0.00 , 0.00 ,66.42M,27.00 
