nohup: ignoring input
[ 1] local::disk.dev.write["sdb"]
[ 2] local::disk.dev.write_bytes["sdb"]
[ 3] local::disk.dev.read["sdb"]
[ 4] local::disk.dev.read_bytes["sdb"]
[ 5] local::filesys.used["/dev/sdb"]
[ 6] local::filesys.usedfiles["/dev/sdb"]

             Column,     1,     2,     3,     4,     5,     6
             Source,local:,local:,local:,local:,local:,local:
             Metric, write,_bytes,  read,_bytes,  used,dfiles
               Inst,   sdb,   sdb,   sdb,   sdb,/dev/s,/dev/s
              Units,   c/s,   b/s,   c/s,   b/s,     b,  none
2020-07-17 10:48:40,     ?,     ?,     ?,     ?, 0.74G,35.66K
2020-07-17 10:48:41, 4.00 ,49.15K, 0.00 , 0.00 , 0.74G,35.66K
2020-07-17 10:48:42, 2.00 ,24.54K, 0.00 , 0.00 , 0.74G,35.66K
2020-07-17 10:48:43, 0.00 , 0.00 , 0.00 , 0.00 , 0.74G,35.66K
2020-07-17 10:48:44, 0.00 , 0.00 , 0.00 , 0.00 , 0.74G,35.66K
2020-07-17 10:48:45, 0.00 , 0.00 , 0.00 , 0.00 , 0.74G,35.66K
2020-07-17 10:48:46, 0.00 , 0.00 , 0.00 , 0.00 , 0.74G,35.66K
2020-07-17 10:48:47, 5.00 ,20.49K, 0.00 , 0.00 , 0.74G,35.67K
2020-07-17 10:48:48, 0.00 , 0.00 , 0.00 , 0.00 , 0.74G,35.67K
2020-07-17 10:48:49, 0.00 , 0.00 , 0.00 , 0.00 , 0.74G,35.67K
2020-07-17 10:48:50, 0.00 , 0.00 , 0.00 , 0.00 , 0.74G,35.67K
2020-07-17 10:48:51, 0.00 , 0.00 , 0.00 , 0.00 , 0.74G,35.67K
2020-07-17 10:48:52, 7.00 ,73.77K, 0.00 , 0.00 , 0.74G,35.67K
2020-07-17 10:48:53, 0.00 , 0.00 , 0.00 , 0.00 , 0.74G,35.67K
2020-07-17 10:48:54, 0.00 , 0.00 , 0.00 , 0.00 , 0.74G,35.67K
2020-07-17 10:48:55, 0.00 , 0.00 , 0.00 , 0.00 , 0.74G,35.67K
2020-07-17 10:48:56, 1.00 , 4.09K, 0.00 , 0.00 , 0.74G,35.67K
2020-07-17 10:48:57,16.00 ,98.32K, 0.00 , 0.00 , 0.74G,35.67K
2020-07-17 10:48:58, 0.00 , 0.00 , 0.00 , 0.00 , 0.74G,35.67K
2020-07-17 10:48:59, 0.00 , 0.00 , 0.00 , 0.00 , 0.74G,35.67K
2020-07-17 10:49:00, 0.00 , 0.00 , 0.00 , 0.00 , 0.74G,35.67K
2020-07-17 10:49:01, 0.00 , 0.00 , 0.00 , 0.00 , 0.74G,35.67K
2020-07-17 10:49:02, 9.00 , 0.11M, 0.00 , 0.00 , 0.74G,35.67K
2020-07-17 10:49:03, 0.00 , 0.00 , 0.00 , 0.00 , 0.74G,35.67K
2020-07-17 10:49:04, 0.00 , 0.00 , 0.00 , 0.00 , 0.74G,35.67K
2020-07-17 10:49:05, 0.00 , 0.00 , 0.00 , 0.00 , 0.74G,35.67K
2020-07-17 10:49:06, 0.00 , 0.00 , 0.00 , 0.00 , 0.74G,35.67K
2020-07-17 10:49:07,11.98 ,53.17K, 0.00 , 0.00 , 0.74G,35.68K
2020-07-17 10:49:08, 0.00 , 0.00 , 0.00 , 0.00 , 0.74G,35.68K
2020-07-17 10:49:09, 2.00 ,53.27K, 0.00 , 0.00 , 0.74G,35.68K
2020-07-17 10:49:10, 0.00 , 0.00 , 0.00 , 0.00 , 0.74G,35.68K
2020-07-17 10:49:11, 0.00 , 0.00 , 0.00 , 0.00 , 0.74G,35.68K
2020-07-17 10:49:12, 0.00 , 0.00 , 0.00 , 0.00 , 0.74G,35.68K
2020-07-17 10:49:13, 0.00 , 0.00 , 0.00 , 0.00 , 0.74G,35.68K
2020-07-17 10:49:14,10.02 ,41.04K, 0.00 , 0.00 , 0.74G,35.68K
2020-07-17 10:49:15, 0.00 , 0.00 , 0.00 , 0.00 , 0.74G,35.68K
2020-07-17 10:49:16, 0.00 , 0.00 , 0.00 , 0.00 , 0.74G,35.68K
2020-07-17 10:49:17, 0.00 , 0.00 , 0.00 , 0.00 , 0.74G,35.68K
2020-07-17 10:49:18, 2.00 ,40.92K, 0.00 , 0.00 , 0.74G,35.68K
2020-07-17 10:49:19, 0.00 , 0.00 , 0.00 , 0.00 , 0.74G,35.68K
2020-07-17 10:49:20, 0.00 , 0.00 , 0.00 , 0.00 , 0.74G,35.68K
2020-07-17 10:49:21, 0.00 , 0.00 , 0.00 , 0.00 , 0.74G,35.69K
2020-07-17 10:49:22, 0.00 , 0.00 , 0.00 , 0.00 , 0.74G,35.69K
2020-07-17 10:49:23,13.01 , 0.10M, 0.00 , 0.00 , 0.74G,35.69K
2020-07-17 10:49:24, 0.00 , 0.00 , 0.00 , 0.00 , 0.74G,35.69K
2020-07-17 10:49:25, 0.00 , 0.00 , 0.00 , 0.00 , 0.74G,35.69K
2020-07-17 10:49:26, 0.00 , 0.00 , 0.00 , 0.00 , 0.74G,35.69K
2020-07-17 10:49:27, 0.00 , 0.00 , 0.00 , 0.00 , 0.74G,35.69K
2020-07-17 10:49:28,11.00 ,86.02K, 0.00 , 0.00 , 0.74G,35.69K
2020-07-17 10:49:29, 0.00 , 0.00 , 0.00 , 0.00 , 0.74G,35.69K
2020-07-17 10:49:30, 0.00 , 0.00 , 0.00 , 0.00 , 0.74G,35.69K
2020-07-17 10:49:31, 0.00 , 0.00 , 0.00 , 0.00 , 0.74G,35.69K
2020-07-17 10:49:32, 0.00 , 0.00 , 0.00 , 0.00 , 0.74G,35.69K
2020-07-17 10:49:33,10.00 ,40.96K, 0.00 , 0.00 , 0.74G,35.69K
2020-07-17 10:49:34, 0.00 , 0.00 , 0.00 , 0.00 , 0.74G,35.69K
2020-07-17 10:49:35, 0.00 , 0.00 , 0.00 , 0.00 , 0.74G,35.69K
2020-07-17 10:49:36, 0.00 , 0.00 , 0.00 , 0.00 , 0.74G,35.69K
2020-07-17 10:49:37, 0.00 , 0.00 , 0.00 , 0.00 , 0.74G,35.69K
2020-07-17 10:49:38, 0.00 , 0.00 , 0.00 , 0.00 , 0.74G,35.69K
2020-07-17 10:49:39, 0.00 , 0.00 , 0.00 , 0.00 , 0.74G,35.69K
2020-07-17 10:49:40, 0.00 , 0.00 , 0.00 , 0.00 , 0.74G,35.69K
2020-07-17 10:49:41, 0.00 , 0.00 , 0.00 , 0.00 , 0.74G,35.69K
2020-07-17 10:49:42, 0.00 , 0.00 , 0.00 , 0.00 , 0.74G,35.69K
2020-07-17 10:49:43, 0.00 , 0.00 , 0.00 , 0.00 , 0.74G,35.69K
2020-07-17 10:49:44, 0.00 , 0.00 , 0.00 , 0.00 , 0.74G,35.69K
2020-07-17 10:49:45, 0.00 , 0.00 , 0.00 , 0.00 , 0.74G,35.69K
2020-07-17 10:49:46, 0.00 , 0.00 , 0.00 , 0.00 , 0.74G,35.69K
2020-07-17 10:49:47, 0.00 , 0.00 , 0.00 , 0.00 , 0.74G,35.69K
2020-07-17 10:49:48, 0.00 , 0.00 , 0.00 , 0.00 , 0.74G,35.69K
2020-07-17 10:49:49, 0.00 , 0.00 , 0.00 , 0.00 , 0.74G,35.69K
2020-07-17 10:49:50, 0.00 , 0.00 , 0.00 , 0.00 , 0.74G,35.69K
2020-07-17 10:49:51, 0.00 , 0.00 , 0.00 , 0.00 , 0.74G,35.69K
2020-07-17 10:49:52, 0.00 , 0.00 , 0.00 , 0.00 , 0.74G,35.69K
2020-07-17 10:49:53, 5.00 ,69.63K, 0.00 , 0.00 , 0.74G,35.69K
2020-07-17 10:49:54, 0.00 , 0.00 , 0.00 , 0.00 , 0.74G,35.69K
2020-07-17 10:49:55, 0.00 , 0.00 , 0.00 , 0.00 , 0.74G,35.69K
2020-07-17 10:49:56, 0.00 , 0.00 , 0.00 , 0.00 , 0.74G,35.69K
2020-07-17 10:49:57, 0.00 , 0.00 , 0.00 , 0.00 , 0.74G,35.69K
2020-07-17 10:49:58, 8.00 ,81.91K, 0.00 , 0.00 , 0.74G,35.69K
2020-07-17 10:49:59, 0.00 , 0.00 , 0.00 , 0.00 , 0.74G,35.69K
2020-07-17 10:50:00, 0.00 , 0.00 , 0.00 , 0.00 , 0.74G,35.69K
2020-07-17 10:50:01, 0.00 , 0.00 , 0.00 , 0.00 , 0.74G,35.69K
2020-07-17 10:50:02, 0.00 , 0.00 , 0.00 , 0.00 , 0.74G,35.69K
2020-07-17 10:50:03, 5.00 ,20.48K, 0.00 , 0.00 , 0.74G,35.69K
2020-07-17 10:50:04, 0.00 , 0.00 , 0.00 , 0.00 , 0.74G,35.69K
2020-07-17 10:50:05, 0.00 , 0.00 , 0.00 , 0.00 , 0.74G,35.69K
2020-07-17 10:50:06, 0.00 , 0.00 , 0.00 , 0.00 , 0.74G,35.69K
2020-07-17 10:50:07, 0.00 , 0.00 , 0.00 , 0.00 , 0.74G,35.69K
2020-07-17 10:50:08, 0.00 , 0.00 , 0.00 , 0.00 , 0.74G,35.69K
2020-07-17 10:50:09, 0.00 , 0.00 , 0.00 , 0.00 , 0.74G,35.69K
2020-07-17 10:50:10, 0.00 , 0.00 , 0.00 , 0.00 , 0.74G,35.69K
2020-07-17 10:50:11, 0.00 , 0.00 , 0.00 , 0.00 , 0.74G,35.69K
2020-07-17 10:50:12, 5.00 ,53.26K, 0.00 , 0.00 , 0.74G,35.69K
2020-07-17 10:50:13, 0.00 , 0.00 , 0.00 , 0.00 , 0.74G,35.69K
2020-07-17 10:50:14, 0.00 , 0.00 , 0.00 , 0.00 , 0.74G,35.69K
2020-07-17 10:50:15, 0.00 , 0.00 , 0.00 , 0.00 , 0.74G,35.69K
2020-07-17 10:50:16, 0.00 , 0.00 , 0.00 , 0.00 , 0.74G,35.69K
2020-07-17 10:50:17,13.00 ,90.13K, 0.00 , 0.00 , 0.74G,35.69K
2020-07-17 10:50:18, 0.00 , 0.00 , 0.00 , 0.00 , 0.74G,35.69K
2020-07-17 10:50:19, 0.00 , 0.00 , 0.00 , 0.00 , 0.74G,35.69K
2020-07-17 10:50:20, 0.00 , 0.00 , 0.00 , 0.00 , 0.74G,35.69K
2020-07-17 10:50:21, 0.00 , 0.00 , 0.00 , 0.00 , 0.74G,35.69K
2020-07-17 10:50:22, 0.00 , 0.00 , 0.00 , 0.00 , 0.74G,35.69K
2020-07-17 10:50:23, 2.00 ,24.56K, 0.00 , 0.00 , 0.74G,35.69K
2020-07-17 10:50:24, 0.00 , 0.00 , 0.00 , 0.00 , 0.74G,35.69K
2020-07-17 10:50:25, 0.00 , 0.00 , 0.00 , 0.00 , 0.74G,35.69K
2020-07-17 10:50:26, 1.00 , 4.09K, 0.00 , 0.00 , 0.74G,35.69K
2020-07-17 10:50:27, 0.00 , 0.00 , 0.00 , 0.00 , 0.74G,35.69K
2020-07-17 10:50:28,18.02 , 0.13M, 0.00 , 0.00 , 0.74G,35.69K
2020-07-17 10:50:29, 0.00 , 0.00 , 0.00 , 0.00 , 0.74G,35.69K
2020-07-17 10:50:30, 0.00 , 0.00 , 0.00 , 0.00 , 0.74G,35.69K
2020-07-17 10:50:31, 0.00 , 0.00 , 0.00 , 0.00 , 0.74G,35.69K
2020-07-17 10:50:32, 2.00 ,45.04K, 0.00 , 0.00 , 0.74G,35.69K
2020-07-17 10:50:33, 0.00 , 0.00 , 0.00 , 0.00 , 0.74G,35.69K
2020-07-17 10:50:34, 0.00 , 0.00 , 0.00 , 0.00 , 0.74G,35.69K
2020-07-17 10:50:35, 0.00 , 0.00 , 0.00 , 0.00 , 0.74G,35.69K
2020-07-17 10:50:36, 0.00 , 0.00 , 0.00 , 0.00 , 0.74G,35.69K
2020-07-17 10:50:37, 7.00 ,36.88K, 0.00 , 0.00 , 0.74G,35.69K
2020-07-17 10:50:38, 0.00 , 0.00 , 0.00 , 0.00 , 0.74G,35.69K
2020-07-17 10:50:39, 0.00 , 0.00 , 0.00 , 0.00 , 0.74G,35.69K
2020-07-17 10:50:40, 0.00 , 0.00 , 0.00 , 0.00 , 0.74G,35.69K
2020-07-17 10:50:41, 0.00 , 0.00 , 0.00 , 0.00 , 0.74G,35.69K
2020-07-17 10:50:42, 0.00 , 0.00 , 0.00 , 0.00 , 0.74G,35.69K
2020-07-17 10:50:43, 0.00 , 0.00 , 0.00 , 0.00 , 0.74G,35.69K
2020-07-17 10:50:44, 0.00 , 0.00 , 0.00 , 0.00 , 0.74G,35.69K
2020-07-17 10:50:45, 0.00 , 0.00 , 0.00 , 0.00 , 0.74G,35.69K
2020-07-17 10:50:46, 0.00 , 0.00 , 0.00 , 0.00 , 0.74G,35.69K
2020-07-17 10:50:47, 5.00 ,73.73K, 0.00 , 0.00 , 0.74G,35.69K
2020-07-17 10:50:48, 0.00 , 0.00 , 0.00 , 0.00 , 0.74G,35.69K
2020-07-17 10:50:49, 0.00 , 0.00 , 0.00 , 0.00 , 0.74G,35.69K
2020-07-17 10:50:50, 0.00 , 0.00 , 0.00 , 0.00 , 0.74G,35.69K
2020-07-17 10:50:51, 0.00 , 0.00 , 0.00 , 0.00 , 0.74G,35.69K
2020-07-17 10:50:52, 5.00 ,24.58K, 0.00 , 0.00 , 0.74G,35.69K
2020-07-17 10:50:53, 0.00 , 0.00 , 0.00 , 0.00 , 0.74G,35.69K
2020-07-17 10:50:54, 0.00 , 0.00 , 0.00 , 0.00 , 0.74G,35.69K
2020-07-17 10:50:55, 0.00 , 0.00 , 0.00 , 0.00 , 0.74G,35.69K
2020-07-17 10:50:56, 0.00 , 0.00 , 0.00 , 0.00 , 0.74G,35.69K
2020-07-17 10:50:57, 0.00 , 0.00 , 0.00 , 0.00 , 0.74G,35.69K
2020-07-17 10:50:58, 0.00 , 0.00 , 0.00 , 0.00 , 0.74G,35.69K
2020-07-17 10:50:59, 0.00 , 0.00 , 0.00 , 0.00 , 0.74G,35.69K
2020-07-17 10:51:00, 0.00 , 0.00 , 0.00 , 0.00 , 0.74G,35.69K
2020-07-17 10:51:01, 0.00 , 0.00 , 0.00 , 0.00 , 0.74G,35.69K
2020-07-17 10:51:02, 0.00 , 0.00 , 0.00 , 0.00 , 0.74G,35.69K
2020-07-17 10:51:03, 0.00 , 0.00 , 0.00 , 0.00 , 0.74G,35.69K
2020-07-17 10:51:04, 0.00 , 0.00 , 0.00 , 0.00 , 0.74G,35.69K
2020-07-17 10:51:05, 0.00 , 0.00 , 0.00 , 0.00 , 0.74G,35.69K
2020-07-17 10:51:06, 0.00 , 0.00 , 0.00 , 0.00 , 0.74G,35.69K
2020-07-17 10:51:07, 0.00 , 0.00 , 0.00 , 0.00 , 0.74G,35.69K
2020-07-17 10:51:08, 0.00 , 0.00 , 0.00 , 0.00 , 0.74G,35.69K
2020-07-17 10:51:09, 0.00 , 0.00 , 0.00 , 0.00 , 0.74G,35.69K
2020-07-17 10:51:10, 0.00 , 0.00 , 0.00 , 0.00 , 0.74G,35.69K
2020-07-17 10:51:11, 0.00 , 0.00 , 0.00 , 0.00 , 0.74G,35.69K
2020-07-17 10:51:12, 0.00 , 0.00 , 0.00 , 0.00 , 0.74G,35.69K
2020-07-17 10:51:13, 0.00 , 0.00 , 0.00 , 0.00 , 0.74G,35.69K
2020-07-17 10:51:14, 0.00 , 0.00 , 0.00 , 0.00 , 0.74G,35.69K
2020-07-17 10:51:15, 0.00 , 0.00 , 0.00 , 0.00 , 0.74G,35.69K
2020-07-17 10:51:16, 0.00 , 0.00 , 0.00 , 0.00 , 0.74G,35.69K
2020-07-17 10:51:17, 0.00 , 0.00 , 0.00 , 0.00 , 0.74G,35.69K
2020-07-17 10:51:18, 0.00 , 0.00 , 0.00 , 0.00 , 0.74G,35.69K
2020-07-17 10:51:19, 0.00 , 0.00 , 0.00 , 0.00 , 0.74G,35.69K
2020-07-17 10:51:20, 0.00 , 0.00 , 0.00 , 0.00 , 0.74G,35.69K
2020-07-17 10:51:21, 0.00 , 0.00 , 0.00 , 0.00 , 0.74G,35.69K
2020-07-17 10:51:22, 0.00 , 0.00 , 0.00 , 0.00 , 0.74G,35.69K
2020-07-17 10:51:23, 0.00 , 0.00 , 0.00 , 0.00 , 0.74G,35.69K
2020-07-17 10:51:24, 0.00 , 0.00 , 0.00 , 0.00 , 0.74G,35.69K
2020-07-17 10:51:25, 0.00 , 0.00 , 0.00 , 0.00 , 0.74G,35.69K
2020-07-17 10:51:26, 0.00 , 0.00 , 0.00 , 0.00 , 0.74G,35.69K
2020-07-17 10:51:27, 0.00 , 0.00 , 0.00 , 0.00 , 0.74G,35.69K
2020-07-17 10:51:28, 0.00 , 0.00 , 0.00 , 0.00 , 0.74G,35.69K
2020-07-17 10:51:29, 0.00 , 0.00 , 0.00 , 0.00 , 0.74G,35.69K
2020-07-17 10:51:30, 0.00 , 0.00 , 0.00 , 0.00 , 0.74G,35.69K
2020-07-17 10:51:31, 0.00 , 0.00 , 0.00 , 0.00 , 0.74G,35.69K
2020-07-17 10:51:32, 0.00 , 0.00 , 0.00 , 0.00 , 0.74G,35.69K
2020-07-17 10:51:33, 6.00 ,69.65K, 0.00 , 0.00 , 0.74G,35.69K
2020-07-17 10:51:34, 0.00 , 0.00 , 0.00 , 0.00 , 0.74G,35.69K
2020-07-17 10:51:35, 0.00 , 0.00 , 0.00 , 0.00 , 0.74G,35.69K
2020-07-17 10:51:36, 0.00 , 0.00 , 0.00 , 0.00 , 0.74G,35.69K
2020-07-17 10:51:37, 0.00 , 0.00 , 0.00 , 0.00 , 0.74G,35.69K
2020-07-17 10:51:38, 9.01 ,81.99K, 0.00 , 0.00 , 0.74G,35.69K
2020-07-17 10:51:39, 0.00 , 0.00 , 0.00 , 0.00 , 0.74G,35.69K
2020-07-17 10:51:40, 0.00 , 0.00 , 0.00 , 0.00 , 0.74G,35.69K
2020-07-17 10:51:41, 0.00 , 0.00 , 0.00 , 0.00 , 0.74G,35.69K
2020-07-17 10:51:42, 0.00 , 0.00 , 0.00 , 0.00 , 0.74G,35.69K
2020-07-17 10:51:43, 5.00 ,20.48K, 0.00 , 0.00 , 0.74G,35.69K
2020-07-17 10:51:44, 0.00 , 0.00 , 0.00 , 0.00 , 0.74G,35.69K
2020-07-17 10:51:45, 0.00 , 0.00 , 0.00 , 0.00 , 0.74G,35.69K
2020-07-17 10:51:46, 0.00 , 0.00 , 0.00 , 0.00 , 0.74G,35.69K
2020-07-17 10:51:47, 0.00 , 0.00 , 0.00 , 0.00 , 0.74G,35.69K
2020-07-17 10:51:48, 0.00 , 0.00 , 0.00 , 0.00 , 0.74G,35.69K
2020-07-17 10:51:49, 0.00 , 0.00 , 0.00 , 0.00 , 0.74G,35.69K
2020-07-17 10:51:50, 0.00 , 0.00 , 0.00 , 0.00 , 0.74G,35.69K
2020-07-17 10:51:51, 0.00 , 0.00 , 0.00 , 0.00 , 0.74G,35.71K
2020-07-17 10:51:52, 0.00 , 0.00 , 0.00 , 0.00 , 0.74G,35.71K
2020-07-17 10:51:53, 0.00 , 0.00 , 0.00 , 0.00 , 0.74G,35.71K
2020-07-17 10:51:54, 0.00 , 0.00 , 0.00 , 0.00 , 0.74G,35.75K
2020-07-17 10:51:55, 0.00 , 0.00 , 0.00 , 0.00 , 0.74G,35.76K
2020-07-17 10:51:56,58.96 , 0.53M, 0.00 , 0.00 , 0.74G,35.77K
2020-07-17 10:51:57, 0.00 , 0.00 , 0.00 , 0.00 , 0.74G,35.80K
2020-07-17 10:51:58, 0.00 , 0.00 , 0.00 , 0.00 , 0.74G,35.82K
2020-07-17 10:51:59, 0.00 , 0.00 , 0.00 , 0.00 , 0.74G,35.84K
2020-07-17 10:52:00, 0.00 , 0.00 , 0.00 , 0.00 , 0.74G,35.84K
2020-07-17 10:52:01, 0.14K, 0.98M, 0.00 , 0.00 , 0.74G,35.87K
2020-07-17 10:52:02, 0.00 , 0.00 , 0.00 , 0.00 , 0.74G,35.89K
2020-07-17 10:52:03, 0.00 , 0.00 , 0.00 , 0.00 , 0.74G,35.90K
2020-07-17 10:52:04, 0.00 , 0.00 , 0.00 , 0.00 , 0.74G,35.95K
2020-07-17 10:52:05, 0.00 , 0.00 , 0.00 , 0.00 , 0.74G,35.96K
2020-07-17 10:52:06, 0.14K, 1.16M, 0.00 , 0.00 , 0.74G,35.97K
2020-07-17 10:52:07, 0.00 , 0.00 , 0.00 , 0.00 , 0.74G,36.01K
2020-07-17 10:52:08, 0.00 , 0.00 , 0.00 , 0.00 , 0.74G,36.01K
2020-07-17 10:52:09, 0.00 , 0.00 , 0.00 , 0.00 , 0.74G,36.02K
2020-07-17 10:52:10, 0.00 , 0.00 , 0.00 , 0.00 , 0.74G,36.05K
2020-07-17 10:52:11, 0.20K, 1.69M, 0.00 , 0.00 , 0.74G,36.07K
2020-07-17 10:52:12, 0.00 , 0.00 , 0.00 , 0.00 , 0.74G,36.08K
2020-07-17 10:52:13, 0.00 , 0.00 , 0.00 , 0.00 , 0.74G,36.10K
2020-07-17 10:52:14, 0.00 , 0.00 , 0.00 , 0.00 , 0.74G,36.13K
2020-07-17 10:52:15, 0.00 , 0.00 , 0.00 , 0.00 , 0.74G,36.15K
2020-07-17 10:52:16, 0.18K, 1.25M, 0.00 , 0.00 , 0.74G,36.18K
2020-07-17 10:52:17, 0.00 , 0.00 , 0.00 , 0.00 , 0.74G,36.20K
2020-07-17 10:52:18, 0.00 , 0.00 , 0.00 , 0.00 , 0.74G,36.22K
2020-07-17 10:52:19, 0.00 , 0.00 , 0.00 , 0.00 , 0.74G,36.23K
2020-07-17 10:52:20, 0.00 , 0.00 , 0.00 , 0.00 , 0.74G,36.24K
2020-07-17 10:52:21, 0.19K, 1.36M, 0.00 , 0.00 , 0.74G,36.26K
2020-07-17 10:52:22, 0.00 , 0.00 , 0.00 , 0.00 , 0.74G,36.27K
2020-07-17 10:52:23, 0.00 , 0.00 , 0.00 , 0.00 , 0.74G,36.28K
2020-07-17 10:52:24, 0.00 , 0.00 , 0.00 , 0.00 , 0.74G,36.28K
2020-07-17 10:52:25, 0.00 , 0.00 , 0.00 , 0.00 , 0.74G,36.29K
2020-07-17 10:52:26,88.96 , 0.72M, 0.00 , 0.00 , 0.74G,36.29K
2020-07-17 10:52:27, 0.00 , 0.00 , 0.00 , 0.00 , 0.74G,36.29K
2020-07-17 10:52:28, 0.00 , 0.00 , 0.00 , 0.00 , 0.74G,36.30K
2020-07-17 10:52:29, 0.00 , 0.00 , 0.00 , 0.00 , 0.74G,36.30K
2020-07-17 10:52:30, 0.00 , 0.00 , 0.00 , 0.00 , 0.74G,36.30K
2020-07-17 10:52:31,11.00 , 0.14M, 0.00 , 0.00 , 0.74G,36.30K
2020-07-17 10:52:32, 0.00 , 0.00 , 0.00 , 0.00 , 0.74G,36.30K
2020-07-17 10:52:33, 0.00 , 0.00 , 0.00 , 0.00 , 0.74G,36.30K
2020-07-17 10:52:34, 0.00 , 0.00 , 0.00 , 0.00 , 0.74G,36.30K
2020-07-17 10:52:35, 0.00 , 0.00 , 0.00 , 0.00 , 0.74G,36.30K
2020-07-17 10:52:36,15.97 ,98.15K, 0.00 , 0.00 , 0.74G,36.30K
2020-07-17 10:52:37, 0.00 , 0.00 , 0.00 , 0.00 , 0.74G,36.30K
2020-07-17 10:52:38, 0.00 , 0.00 , 0.00 , 0.00 , 0.74G,36.30K
2020-07-17 10:52:39, 0.00 , 0.00 , 0.00 , 0.00 , 0.74G,36.30K
2020-07-17 10:52:40, 0.00 , 0.00 , 0.00 , 0.00 , 0.74G,36.30K
2020-07-17 10:52:41, 5.01 ,20.50K, 0.00 , 0.00 , 0.74G,36.30K
2020-07-17 10:52:42, 0.00 , 0.00 , 0.00 , 0.00 , 0.74G,36.30K
2020-07-17 10:52:43, 0.00 , 0.00 , 0.00 , 0.00 , 0.74G,36.30K
2020-07-17 10:52:44, 2.00 ,40.95K, 0.00 , 0.00 , 0.74G,36.30K
2020-07-17 10:52:45, 0.00 , 0.00 , 0.00 , 0.00 , 0.74G,36.30K
2020-07-17 10:52:46, 0.00 , 0.00 , 0.00 , 0.00 , 0.74G,36.30K
2020-07-17 10:52:47, 0.00 , 0.00 , 0.00 , 0.00 , 0.74G,36.30K
2020-07-17 10:52:48, 0.00 , 0.00 , 0.00 , 0.00 , 0.74G,36.30K
2020-07-17 10:52:49, 7.99 ,32.74K, 0.00 , 0.00 , 0.74G,36.30K
2020-07-17 10:52:50, 0.00 , 0.00 , 0.00 , 0.00 , 0.74G,36.30K
2020-07-17 10:52:51, 0.00 , 0.00 , 0.00 , 0.00 , 0.74G,36.30K
2020-07-17 10:52:52, 0.00 , 0.00 , 0.00 , 0.00 , 0.74G,36.30K
2020-07-17 10:52:53, 0.00 , 0.00 , 0.00 , 0.00 , 0.74G,36.30K
2020-07-17 10:52:54, 0.00 , 0.00 , 0.00 , 0.00 , 0.74G,36.30K
2020-07-17 10:52:55, 0.00 , 0.00 , 0.00 , 0.00 , 0.74G,36.30K
2020-07-17 10:52:56, 0.00 , 0.00 , 0.00 , 0.00 , 0.74G,36.30K
2020-07-17 10:52:57, 0.00 , 0.00 , 0.00 , 0.00 , 0.74G,36.30K
2020-07-17 10:52:58, 0.00 , 0.00 , 0.00 , 0.00 , 0.74G,36.30K
2020-07-17 10:52:59, 0.00 , 0.00 , 0.00 , 0.00 , 0.74G,36.30K
2020-07-17 10:53:00, 0.00 , 0.00 , 0.00 , 0.00 , 0.74G,36.30K
2020-07-17 10:53:01, 0.00 , 0.00 , 0.00 , 0.00 , 0.74G,36.30K
2020-07-17 10:53:02, 0.00 , 0.00 , 0.00 , 0.00 , 0.74G,36.30K
2020-07-17 10:53:03, 0.00 , 0.00 , 0.00 , 0.00 , 0.74G,36.30K
2020-07-17 10:53:04, 0.00 , 0.00 , 0.00 , 0.00 , 0.74G,36.30K
2020-07-17 10:53:05, 0.00 , 0.00 , 0.00 , 0.00 , 0.74G,36.30K
2020-07-17 10:53:06, 0.00 , 0.00 , 0.00 , 0.00 , 0.74G,36.30K
2020-07-17 10:53:07, 0.00 , 0.00 , 0.00 , 0.00 , 0.74G,36.30K
2020-07-17 10:53:08, 0.00 , 0.00 , 0.00 , 0.00 , 0.74G,36.30K
2020-07-17 10:53:09, 0.00 , 0.00 , 0.00 , 0.00 , 0.74G,36.30K
2020-07-17 10:53:10, 0.00 , 0.00 , 0.00 , 0.00 , 0.74G,36.30K
2020-07-17 10:53:11, 0.00 , 0.00 , 0.00 , 0.00 , 0.74G,36.30K
2020-07-17 10:53:12, 0.00 , 0.00 , 0.00 , 0.00 , 0.74G,36.30K
2020-07-17 10:53:13, 5.00 ,57.34K, 0.00 , 0.00 , 0.74G,36.30K
2020-07-17 10:53:14, 0.00 , 0.00 , 0.00 , 0.00 , 0.74G,36.30K
2020-07-17 10:53:15, 0.00 , 0.00 , 0.00 , 0.00 , 0.74G,36.30K
2020-07-17 10:53:16, 0.00 , 0.00 , 0.00 , 0.00 , 0.74G,36.30K
2020-07-17 10:53:17, 0.00 , 0.00 , 0.00 , 0.00 , 0.74G,36.30K
2020-07-17 10:53:18, 2.00 ,24.56K, 0.00 , 0.00 , 0.74G,36.30K
2020-07-17 10:53:19, 0.00 , 0.00 , 0.00 , 0.00 , 0.74G,36.30K
2020-07-17 10:53:20, 0.00 , 0.00 , 0.00 , 0.00 , 0.74G,36.30K
2020-07-17 10:53:21, 0.00 , 0.00 , 0.00 , 0.00 , 0.74G,36.30K
2020-07-17 10:53:22, 4.00 ,49.14K, 0.00 , 0.00 , 0.74G,36.30K
2020-07-17 10:53:23, 0.00 , 0.00 , 0.00 , 0.00 , 0.74G,36.30K
2020-07-17 10:53:24, 0.00 , 0.00 , 0.00 , 0.00 , 0.74G,36.30K
2020-07-17 10:53:25, 0.00 , 0.00 , 0.00 , 0.00 , 0.74G,36.30K
2020-07-17 10:53:26, 1.00 , 4.10K, 0.00 , 0.00 , 0.74G,36.30K
2020-07-17 10:53:27, 2.00 ,53.25K, 0.00 , 0.00 , 0.74G,36.30K
2020-07-17 10:53:28, 0.00 , 0.00 , 0.00 , 0.00 , 0.74G,36.30K
2020-07-17 10:53:29, 0.00 , 0.00 , 0.00 , 0.00 , 0.74G,36.30K
2020-07-17 10:53:30, 0.00 , 0.00 , 0.00 , 0.00 , 0.74G,36.30K
2020-07-17 10:53:31,13.00 ,98.28K, 0.00 , 0.00 , 0.74G,36.30K
2020-07-17 10:53:32, 0.00 , 0.00 , 0.00 , 0.00 , 0.74G,36.30K
2020-07-17 10:53:33, 0.00 , 0.00 , 0.00 , 0.00 , 0.74G,36.30K
2020-07-17 10:53:34, 0.00 , 0.00 , 0.00 , 0.00 , 0.74G,36.30K
2020-07-17 10:53:35, 0.00 , 0.00 , 0.00 , 0.00 , 0.74G,36.30K
2020-07-17 10:53:36, 2.00 ,28.64K, 0.00 , 0.00 , 0.74G,36.30K
2020-07-17 10:53:37, 0.00 , 0.00 , 0.00 , 0.00 , 0.74G,36.30K
2020-07-17 10:53:38, 0.00 , 0.00 , 0.00 , 0.00 , 0.74G,36.30K
2020-07-17 10:53:39, 0.00 , 0.00 , 0.00 , 0.00 , 0.74G,36.30K
2020-07-17 10:53:40, 0.00 , 0.00 , 0.00 , 0.00 , 0.74G,36.30K
2020-07-17 10:53:41, 9.00 ,86.05K, 0.00 , 0.00 , 0.74G,36.30K
2020-07-17 10:53:42, 0.00 , 0.00 , 0.00 , 0.00 , 0.74G,36.30K
2020-07-17 10:53:43, 0.00 , 0.00 , 0.00 , 0.00 , 0.74G,36.30K
2020-07-17 10:53:44, 0.00 , 0.00 , 0.00 , 0.00 , 0.74G,36.30K
2020-07-17 10:53:45, 0.00 , 0.00 , 0.00 , 0.00 , 0.74G,36.30K
2020-07-17 10:53:46, 4.00 ,16.38K, 0.00 , 0.00 , 0.74G,36.30K
2020-07-17 10:53:47, 6.01 ,24.63K, 0.00 , 0.00 , 0.74G,36.30K
2020-07-17 10:53:48, 9.99 ,40.94K, 0.00 , 0.00 , 0.74G,36.30K
2020-07-17 10:53:49,15.00 ,61.42K, 0.00 , 0.00 , 0.74G,36.30K
2020-07-17 10:53:50,12.99 ,53.20K, 0.00 , 0.00 , 0.74G,36.30K
2020-07-17 10:53:51,13.02 ,53.33K, 0.00 , 0.00 , 0.74G,36.30K
2020-07-17 10:53:52, 0.59K, 5.20M, 0.00 , 0.00 , 0.74G,36.30K
2020-07-17 10:53:53,13.97 ,57.23K, 0.00 , 0.00 , 0.74G,36.30K
2020-07-17 10:53:54, 8.98 ,36.80K, 0.00 , 0.00 , 0.75G,36.30K
2020-07-17 10:53:55, 0.00 , 0.00 , 0.00 , 0.00 , 0.75G,36.30K
2020-07-17 10:53:56, 0.00 , 0.00 , 0.00 , 0.00 , 0.75G,36.30K
