[ 1] local::disk.partitions.write["vdb1"]
[ 2] local::disk.partitions.write_bytes["vdb1"]
[ 3] local::disk.partitions.read["vdb1"]
[ 4] local::disk.partitions.read_bytes["vdb1"]
[ 5] local::filesys.used["/dev/vdb1"]
[ 6] local::filesys.usedfiles["/dev/vdb1"]

             Column,     1,     2,     3,     4,     5,     6
             Source,local:,local:,local:,local:,local:,local:
             Metric, write,_bytes,  read,_bytes,  used,dfiles
               Inst,  vdb1,  vdb1,  vdb1,  vdb1,/dev/v,/dev/v
              Units,   c/s,   b/s,   c/s,   b/s,     b,  none
2020-08-09 22:16:28,     ?,     ?,     ?,     ?,66.41M,26.00 
2020-08-09 22:16:29, 0.00 , 0.00 , 0.00 , 0.00 ,66.41M,26.00 
2020-08-09 22:16:30, 0.00 , 0.00 , 0.00 , 0.00 ,66.42M,30.00 
2020-08-09 22:16:31, 0.00 , 0.00 , 0.00 , 0.00 ,66.42M,30.00 
2020-08-09 22:16:32, 0.00 , 0.00 , 0.00 , 0.00 ,66.42M,30.00 
2020-08-09 22:16:33, 0.00 , 0.00 , 0.00 , 0.00 ,66.42M,30.00 
2020-08-09 22:16:34, 0.00 , 0.00 , 0.00 , 0.00 ,66.42M,30.00 
2020-08-09 22:16:35, 5.00 ,53.27K, 0.00 , 0.00 ,66.42M,30.00 
2020-08-09 22:16:36, 0.00 , 0.00 , 0.00 , 0.00 ,66.42M,30.00 
2020-08-09 22:16:37, 0.00 , 0.00 , 0.00 , 0.00 ,66.42M,30.00 
2020-08-09 22:16:38, 0.00 , 0.00 , 0.00 , 0.00 ,66.42M,30.00 
2020-08-09 22:16:39, 0.00 , 0.00 , 0.00 , 0.00 ,66.42M,30.00 
2020-08-09 22:16:40, 5.00 ,20.48K, 0.00 , 0.00 ,66.42M,30.00 
2020-08-09 22:16:41, 2.00 ,20.47K, 0.00 , 0.00 ,66.42M,30.00 
2020-08-09 22:16:42, 0.00 , 0.00 , 0.00 , 0.00 ,66.42M,30.00 
2020-08-09 22:16:43, 0.00 , 0.00 , 0.00 , 0.00 ,66.42M,30.00 
2020-08-09 22:16:44, 0.00 , 0.00 , 0.00 , 0.00 ,66.42M,30.00 
2020-08-09 22:16:45, 0.00 , 0.00 , 0.00 , 0.00 ,66.42M,30.00 
2020-08-09 22:16:46, 3.00 ,12.30K, 0.00 , 0.00 ,66.42M,30.00 
2020-08-09 22:16:47, 0.00 , 0.00 , 0.00 , 0.00 ,66.42M,30.00 
2020-08-09 22:16:48, 0.00 , 0.00 , 0.00 , 0.00 ,66.42M,30.00 
2020-08-09 22:16:49, 0.00 , 0.00 , 0.00 , 0.00 ,66.42M,30.00 
2020-08-09 22:16:50, 0.00 , 0.00 , 0.00 , 0.00 ,66.42M,30.00 
2020-08-09 22:16:51, 0.00 , 0.00 , 0.00 , 0.00 ,66.42M,30.00 
2020-08-09 22:16:52, 0.00 , 0.00 , 0.00 , 0.00 ,66.42M,30.00 
2020-08-09 22:16:53, 0.00 , 0.00 , 0.00 , 0.00 ,66.42M,30.00 
2020-08-09 22:16:54, 0.00 , 0.00 , 0.00 , 0.00 ,66.42M,30.00 
2020-08-09 22:16:55, 0.00 , 0.00 , 0.00 , 0.00 ,66.42M,30.00 
2020-08-09 22:16:56, 0.00 , 0.00 , 0.00 , 0.00 ,66.42M,30.00 
2020-08-09 22:16:57, 0.00 , 0.00 , 0.00 , 0.00 ,66.42M,30.00 
2020-08-09 22:16:58, 0.00 , 0.00 , 0.00 , 0.00 ,66.42M,30.00 
2020-08-09 22:16:59, 0.00 , 0.00 , 0.00 , 0.00 ,66.42M,30.00 
2020-08-09 22:17:00, 0.00 , 0.00 , 0.00 , 0.00 ,66.42M,30.00 
2020-08-09 22:17:01, 0.00 , 0.00 , 0.00 , 0.00 ,66.42M,30.00 
2020-08-09 22:17:02, 0.00 , 0.00 , 0.00 , 0.00 ,66.42M,30.00 
2020-08-09 22:17:03, 0.00 , 0.00 , 0.00 , 0.00 ,66.42M,30.00 
2020-08-09 22:17:04, 0.00 , 0.00 , 0.00 , 0.00 ,66.42M,30.00 
2020-08-09 22:17:05, 0.00 , 0.00 , 0.00 , 0.00 ,66.42M,30.00 
2020-08-09 22:17:06, 0.00 , 0.00 , 0.00 , 0.00 ,66.42M,30.00 
2020-08-09 22:17:07, 0.00 , 0.00 , 0.00 , 0.00 ,66.42M,30.00 
2020-08-09 22:17:08, 0.00 , 0.00 , 0.00 , 0.00 ,66.42M,30.00 
2020-08-09 22:17:09, 0.00 , 0.00 , 0.00 , 0.00 ,66.42M,30.00 
2020-08-09 22:17:10, 0.00 , 0.00 , 0.00 , 0.00 ,66.42M,30.00 
2020-08-09 22:17:11, 0.00 , 0.00 , 0.00 , 0.00 ,66.42M,30.00 
2020-08-09 22:17:12, 0.00 , 0.00 , 0.00 , 0.00 ,66.42M,30.00 
2020-08-09 22:17:13, 0.00 , 0.00 , 0.00 , 0.00 ,66.42M,30.00 
2020-08-09 22:17:14, 0.00 , 0.00 , 0.00 , 0.00 ,66.42M,30.00 
2020-08-09 22:17:15, 0.00 , 0.00 , 0.00 , 0.00 ,66.42M,30.00 
2020-08-09 22:17:16, 0.00 , 0.00 , 0.00 , 0.00 ,66.42M,30.00 
2020-08-09 22:17:17, 0.00 , 0.00 , 0.00 , 0.00 ,66.42M,30.00 
2020-08-09 22:17:18, 0.00 , 0.00 , 0.00 , 0.00 ,66.42M,30.00 
2020-08-09 22:17:19, 0.00 , 0.00 , 0.00 , 0.00 ,66.42M,30.00 
2020-08-09 22:17:20, 0.00 , 0.00 , 0.00 , 0.00 ,66.42M,30.00 
2020-08-09 22:17:21, 0.00 , 0.00 , 0.00 , 0.00 ,66.42M,30.00 
2020-08-09 22:17:22, 0.00 , 0.00 , 0.00 , 0.00 ,66.42M,30.00 
2020-08-09 22:17:23, 0.00 , 0.00 , 0.00 , 0.00 ,66.42M,30.00 
2020-08-09 22:17:24, 0.00 , 0.00 , 0.00 , 0.00 ,66.42M,30.00 
2020-08-09 22:17:25, 0.00 , 0.00 , 0.00 , 0.00 ,66.42M,30.00 
2020-08-09 22:17:26, 0.00 , 0.00 , 0.00 , 0.00 ,66.42M,30.00 
2020-08-09 22:17:27, 0.00 , 0.00 , 0.00 , 0.00 ,66.42M,30.00 
2020-08-09 22:17:28, 0.00 , 0.00 , 0.00 , 0.00 ,66.42M,30.00 
2020-08-09 22:17:29, 0.00 , 0.00 , 0.00 , 0.00 ,66.42M,30.00 
2020-08-09 22:17:30, 0.00 , 0.00 , 0.00 , 0.00 ,66.42M,30.00 
2020-08-09 22:17:31, 0.00 , 0.00 , 0.00 , 0.00 ,66.42M,30.00 
2020-08-09 22:17:32, 0.00 , 0.00 , 0.00 , 0.00 ,66.42M,30.00 
2020-08-09 22:17:33, 0.00 , 0.00 , 0.00 , 0.00 ,66.42M,30.00 
2020-08-09 22:17:34, 0.00 , 0.00 , 0.00 , 0.00 ,66.42M,30.00 
2020-08-09 22:17:35, 0.00 , 0.00 , 0.00 , 0.00 ,66.42M,30.00 
2020-08-09 22:17:36, 0.00 , 0.00 , 0.00 , 0.00 ,66.42M,30.00 
2020-08-09 22:17:37, 0.00 , 0.00 , 0.00 , 0.00 ,66.42M,30.00 
2020-08-09 22:17:38, 0.00 , 0.00 , 0.00 , 0.00 ,66.42M,30.00 
2020-08-09 22:17:39, 0.00 , 0.00 , 0.00 , 0.00 ,66.42M,30.00 
2020-08-09 22:17:40, 0.00 , 0.00 , 0.00 , 0.00 ,66.42M,30.00 
2020-08-09 22:17:41, 0.00 , 0.00 , 0.00 , 0.00 ,66.42M,30.00 
2020-08-09 22:17:42, 0.00 , 0.00 , 0.00 , 0.00 ,66.42M,30.00 
2020-08-09 22:17:43, 0.00 , 0.00 , 0.00 , 0.00 ,66.42M,30.00 
2020-08-09 22:17:44, 0.00 , 0.00 , 0.00 , 0.00 ,66.42M,30.00 
2020-08-09 22:17:45, 0.00 , 0.00 , 0.00 , 0.00 ,66.42M,30.00 
2020-08-09 22:17:46, 0.00 , 0.00 , 0.00 , 0.00 ,66.42M,30.00 
2020-08-09 22:17:47, 0.00 , 0.00 , 0.00 , 0.00 ,66.42M,30.00 
2020-08-09 22:17:48, 0.00 , 0.00 , 0.00 , 0.00 ,66.42M,30.00 
2020-08-09 22:17:49, 0.00 , 0.00 , 0.00 , 0.00 ,66.42M,30.00 
2020-08-09 22:17:50, 0.00 , 0.00 , 0.00 , 0.00 ,66.44M,33.00 
2020-08-09 22:17:51, 0.00 , 0.00 , 0.00 , 0.00 ,66.44M,33.00 
2020-08-09 22:17:52, 0.00 , 0.00 , 0.00 , 0.00 ,66.44M,33.00 
2020-08-09 22:17:53, 0.00 , 0.00 , 0.00 , 0.00 ,66.44M,33.00 
2020-08-09 22:17:54, 0.00 , 0.00 , 0.00 , 0.00 ,66.44M,33.00 
2020-08-09 22:17:55, 5.00 ,45.07K, 0.00 , 0.00 ,66.44M,33.00 
2020-08-09 22:17:56, 0.00 , 0.00 , 0.00 , 0.00 ,66.44M,33.00 
2020-08-09 22:17:57, 0.00 , 0.00 , 0.00 , 0.00 ,66.44M,33.00 
2020-08-09 22:17:58, 0.00 , 0.00 , 0.00 , 0.00 ,66.44M,33.00 
2020-08-09 22:17:59, 0.00 , 0.00 , 0.00 , 0.00 ,66.44M,33.00 
2020-08-09 22:18:00, 6.01 ,24.60K, 0.00 , 0.00 ,66.44M,33.00 
2020-08-09 22:18:01, 0.00 , 0.00 , 0.00 , 0.00 ,66.44M,33.00 
2020-08-09 22:18:02, 0.00 , 0.00 , 0.00 , 0.00 ,66.44M,33.00 
2020-08-09 22:18:03, 0.00 , 0.00 , 0.00 , 0.00 ,66.44M,33.00 
2020-08-09 22:18:04, 0.00 , 0.00 , 0.00 , 0.00 ,66.44M,33.00 
2020-08-09 22:18:05, 0.00 , 0.00 , 0.00 , 0.00 ,66.44M,33.00 
2020-08-09 22:18:06, 0.00 , 0.00 , 0.00 , 0.00 ,66.44M,33.00 
2020-08-09 22:18:07, 0.00 , 0.00 , 0.00 , 0.00 ,66.44M,33.00 
2020-08-09 22:18:08, 0.00 , 0.00 , 0.00 , 0.00 ,66.44M,33.00 
2020-08-09 22:18:09, 0.00 , 0.00 , 0.00 , 0.00 ,66.44M,33.00 
2020-08-09 22:18:10, 0.00 , 0.00 , 0.00 , 0.00 ,66.44M,33.00 
2020-08-09 22:18:11, 0.00 , 0.00 , 0.00 , 0.00 ,66.44M,33.00 
2020-08-09 22:18:12, 0.00 , 0.00 , 0.00 , 0.00 ,66.44M,33.00 
2020-08-09 22:18:13, 0.00 , 0.00 , 0.00 , 0.00 ,66.44M,33.00 
2020-08-09 22:18:14, 0.00 , 0.00 , 0.00 , 0.00 ,66.44M,33.00 
2020-08-09 22:18:15, 0.00 , 0.00 , 0.00 , 0.00 ,66.44M,33.00 
2020-08-09 22:18:16, 0.00 , 0.00 , 0.00 , 0.00 ,66.44M,33.00 
2020-08-09 22:18:17, 0.00 , 0.00 , 0.00 , 0.00 ,66.44M,33.00 
2020-08-09 22:18:18, 0.00 , 0.00 , 0.00 , 0.00 ,66.44M,33.00 
2020-08-09 22:18:19, 0.00 , 0.00 , 0.00 , 0.00 ,66.44M,33.00 
2020-08-09 22:18:20, 0.00 , 0.00 , 0.00 , 0.00 ,66.44M,33.00 
2020-08-09 22:18:21, 0.00 , 0.00 , 0.00 , 0.00 ,66.44M,33.00 
2020-08-09 22:18:22, 0.00 , 0.00 , 0.00 , 0.00 ,66.44M,33.00 
2020-08-09 22:18:23, 0.00 , 0.00 , 0.00 , 0.00 ,66.44M,33.00 
2020-08-09 22:18:24, 0.00 , 0.00 , 0.00 , 0.00 ,66.44M,33.00 
2020-08-09 22:18:25, 0.00 , 0.00 , 0.00 , 0.00 ,66.44M,33.00 
2020-08-09 22:18:26, 0.00 , 0.00 , 0.00 , 0.00 ,66.44M,33.00 
2020-08-09 22:18:27, 0.00 , 0.00 , 0.00 , 0.00 ,66.44M,33.00 
2020-08-09 22:18:28, 0.00 , 0.00 , 0.00 , 0.00 ,66.44M,33.00 
2020-08-09 22:18:29, 0.00 , 0.00 , 0.00 , 0.00 ,66.44M,33.00 
2020-08-09 22:18:30, 0.00 , 0.00 , 0.00 , 0.00 ,66.44M,33.00 
2020-08-09 22:18:31, 0.00 , 0.00 , 0.00 , 0.00 ,66.44M,33.00 
2020-08-09 22:18:32, 0.00 , 0.00 , 0.00 , 0.00 ,66.44M,33.00 
2020-08-09 22:18:33, 0.00 , 0.00 , 0.00 , 0.00 ,66.44M,33.00 
2020-08-09 22:18:34, 0.00 , 0.00 , 0.00 , 0.00 ,66.44M,33.00 
2020-08-09 22:18:35, 0.00 , 0.00 , 0.00 , 0.00 ,66.44M,33.00 
2020-08-09 22:18:36, 0.00 , 0.00 , 0.00 , 0.00 ,66.44M,33.00 
2020-08-09 22:18:37, 0.00 , 0.00 , 0.00 , 0.00 ,66.44M,33.00 
2020-08-09 22:18:38, 0.00 , 0.00 , 0.00 , 0.00 ,66.44M,33.00 
2020-08-09 22:18:39, 0.00 , 0.00 , 0.00 , 0.00 ,66.44M,33.00 
2020-08-09 22:18:40, 0.00 , 0.00 , 0.00 , 0.00 ,66.44M,33.00 
2020-08-09 22:18:41, 0.00 , 0.00 , 0.00 , 0.00 ,66.44M,33.00 
2020-08-09 22:18:42, 0.00 , 0.00 , 0.00 , 0.00 ,66.44M,33.00 
2020-08-09 22:18:43, 0.00 , 0.00 , 0.00 , 0.00 ,66.44M,33.00 
2020-08-09 22:18:44, 0.00 , 0.00 , 0.00 , 0.00 ,66.44M,33.00 
2020-08-09 22:18:45, 0.00 , 0.00 , 0.00 , 0.00 ,66.44M,33.00 
2020-08-09 22:18:46, 0.00 , 0.00 , 0.00 , 0.00 ,66.44M,33.00 
2020-08-09 22:18:47, 0.00 , 0.00 , 0.00 , 0.00 ,66.44M,33.00 
2020-08-09 22:18:48, 0.00 , 0.00 , 0.00 , 0.00 ,66.44M,33.00 
2020-08-09 22:18:49, 0.00 , 0.00 , 0.00 , 0.00 ,66.44M,33.00 
2020-08-09 22:18:50, 0.00 , 0.00 , 0.00 , 0.00 ,66.44M,33.00 
2020-08-09 22:18:51, 0.00 , 0.00 , 0.00 , 0.00 ,66.44M,33.00 
2020-08-09 22:18:52, 0.00 , 0.00 , 0.00 , 0.00 ,66.44M,33.00 
2020-08-09 22:18:53, 0.00 , 0.00 , 0.00 , 0.00 ,66.44M,33.00 
2020-08-09 22:18:54, 0.00 , 0.00 , 0.00 , 0.00 ,66.44M,33.00 
2020-08-09 22:18:55, 0.00 , 0.00 , 0.00 , 0.00 ,66.44M,33.00 
2020-08-09 22:18:56, 0.00 , 0.00 , 0.00 , 0.00 ,66.44M,33.00 
2020-08-09 22:18:57, 0.00 , 0.00 , 0.00 , 0.00 ,66.44M,33.00 
2020-08-09 22:18:58, 0.00 , 0.00 , 0.00 , 0.00 ,66.44M,33.00 
2020-08-09 22:18:59, 0.00 , 0.00 , 0.00 , 0.00 ,66.44M,33.00 
2020-08-09 22:19:00, 0.00 , 0.00 , 0.00 , 0.00 ,66.44M,33.00 
2020-08-09 22:19:01, 0.00 , 0.00 , 0.00 , 0.00 ,66.44M,33.00 
2020-08-09 22:19:02, 0.00 , 0.00 , 0.00 , 0.00 ,66.44M,33.00 
2020-08-09 22:19:03, 0.00 , 0.00 , 0.00 , 0.00 ,66.44M,33.00 
2020-08-09 22:19:04, 0.00 , 0.00 , 0.00 , 0.00 ,66.44M,33.00 
2020-08-09 22:19:05, 0.00 , 0.00 , 0.00 , 0.00 ,66.44M,33.00 
2020-08-09 22:19:06, 0.00 , 0.00 , 0.00 , 0.00 ,66.44M,33.00 
2020-08-09 22:19:07, 0.00 , 0.00 , 0.00 , 0.00 ,66.44M,33.00 
2020-08-09 22:19:08, 0.00 , 0.00 , 0.00 , 0.00 ,66.44M,33.00 
2020-08-09 22:19:09, 0.00 , 0.00 , 0.00 , 0.00 ,66.44M,33.00 
2020-08-09 22:19:10, 0.00 , 0.00 , 0.00 , 0.00 ,66.44M,33.00 
2020-08-09 22:19:11, 0.00 , 0.00 , 0.00 , 0.00 ,66.44M,33.00 
2020-08-09 22:19:12, 0.00 , 0.00 , 0.00 , 0.00 ,66.44M,33.00 
2020-08-09 22:19:13, 0.00 , 0.00 , 0.00 , 0.00 ,66.44M,33.00 
2020-08-09 22:19:14, 0.00 , 0.00 , 0.00 , 0.00 ,66.44M,33.00 
2020-08-09 22:19:15, 0.00 , 0.00 , 0.00 , 0.00 ,66.44M,33.00 
2020-08-09 22:19:16, 0.00 , 0.00 , 0.00 , 0.00 ,66.44M,33.00 
2020-08-09 22:19:17, 0.00 , 0.00 , 0.00 , 0.00 ,66.44M,33.00 
2020-08-09 22:19:18, 0.00 , 0.00 , 0.00 , 0.00 ,66.44M,33.00 
2020-08-09 22:19:19, 0.00 , 0.00 , 0.00 , 0.00 ,66.44M,33.00 
2020-08-09 22:19:20, 0.00 , 0.00 , 0.00 , 0.00 ,66.44M,33.00 
2020-08-09 22:19:21, 0.00 , 0.00 , 0.00 , 0.00 ,66.44M,33.00 
2020-08-09 22:19:22, 0.00 , 0.00 , 0.00 , 0.00 ,66.44M,33.00 
2020-08-09 22:19:23, 0.00 , 0.00 , 0.00 , 0.00 ,66.44M,33.00 
2020-08-09 22:19:24, 0.00 , 0.00 , 0.00 , 0.00 ,66.44M,33.00 
2020-08-09 22:19:25, 0.00 , 0.00 , 0.00 , 0.00 ,66.44M,33.00 
2020-08-09 22:19:26, 0.00 , 0.00 , 0.00 , 0.00 ,66.44M,33.00 
2020-08-09 22:19:27, 0.00 , 0.00 , 0.00 , 0.00 ,66.44M,33.00 
2020-08-09 22:19:28, 0.00 , 0.00 , 0.00 , 0.00 ,66.44M,33.00 
2020-08-09 22:19:29, 0.00 , 0.00 , 0.00 , 0.00 ,66.44M,33.00 
2020-08-09 22:19:30, 0.00 , 0.00 , 0.00 , 0.00 ,66.44M,33.00 
2020-08-09 22:19:31, 0.00 , 0.00 , 0.00 , 0.00 ,66.44M,33.00 
2020-08-09 22:19:32, 0.00 , 0.00 , 0.00 , 0.00 ,66.44M,33.00 
2020-08-09 22:19:33, 0.00 , 0.00 , 0.00 , 0.00 ,66.44M,33.00 
2020-08-09 22:19:34, 0.00 , 0.00 , 0.00 , 0.00 ,66.44M,33.00 
2020-08-09 22:19:35, 0.00 , 0.00 , 0.00 , 0.00 ,66.44M,33.00 
2020-08-09 22:19:36, 0.00 , 0.00 , 0.00 , 0.00 ,66.44M,33.00 
2020-08-09 22:19:37, 0.00 , 0.00 , 0.00 , 0.00 ,66.44M,33.00 
2020-08-09 22:19:38, 0.00 , 0.00 , 0.00 , 0.00 ,66.44M,33.00 
2020-08-09 22:19:39, 0.00 , 0.00 , 0.00 , 0.00 ,66.44M,33.00 
2020-08-09 22:19:40, 0.00 , 0.00 , 0.00 , 0.00 ,66.44M,33.00 
2020-08-09 22:19:41, 0.00 , 0.00 , 0.00 , 0.00 ,66.44M,33.00 
2020-08-09 22:19:42, 0.00 , 0.00 , 0.00 , 0.00 ,66.44M,33.00 
2020-08-09 22:19:43, 0.00 , 0.00 , 0.00 , 0.00 ,66.44M,33.00 
2020-08-09 22:19:44, 0.00 , 0.00 , 0.00 , 0.00 ,66.44M,33.00 
2020-08-09 22:19:45, 0.00 , 0.00 , 0.00 , 0.00 ,66.44M,33.00 
2020-08-09 22:19:46, 0.00 , 0.00 , 0.00 , 0.00 ,66.44M,33.00 
2020-08-09 22:19:47, 0.00 , 0.00 , 0.00 , 0.00 ,66.44M,33.00 
2020-08-09 22:19:48, 0.00 , 0.00 , 0.00 , 0.00 ,66.44M,33.00 
2020-08-09 22:19:49, 0.00 , 0.00 , 0.00 , 0.00 ,66.44M,33.00 
2020-08-09 22:19:50, 0.00 , 0.00 , 0.00 , 0.00 ,66.44M,33.00 
2020-08-09 22:19:51, 0.00 , 0.00 , 0.00 , 0.00 ,66.44M,33.00 
2020-08-09 22:19:52, 0.00 , 0.00 , 0.00 , 0.00 ,66.44M,33.00 
2020-08-09 22:19:53, 0.00 , 0.00 , 0.00 , 0.00 ,66.44M,33.00 
2020-08-09 22:19:54, 0.00 , 0.00 , 0.00 , 0.00 ,66.44M,33.00 
2020-08-09 22:19:55, 0.00 , 0.00 , 0.00 , 0.00 ,66.44M,33.00 
2020-08-09 22:19:56, 0.00 , 0.00 , 0.00 , 0.00 ,66.44M,33.00 
2020-08-09 22:19:57, 0.00 , 0.00 , 0.00 , 0.00 ,66.44M,33.00 
2020-08-09 22:19:58, 0.00 , 0.00 , 0.00 , 0.00 ,66.44M,33.00 
2020-08-09 22:19:59, 0.00 , 0.00 , 0.00 , 0.00 ,66.44M,33.00 
2020-08-09 22:20:00, 0.00 , 0.00 , 0.00 , 0.00 ,66.44M,33.00 
2020-08-09 22:20:01, 0.00 , 0.00 , 0.00 , 0.00 ,66.44M,33.00 
2020-08-09 22:20:02, 0.00 , 0.00 , 0.00 , 0.00 ,66.44M,33.00 
2020-08-09 22:20:03, 0.00 , 0.00 , 0.00 , 0.00 ,66.44M,33.00 
2020-08-09 22:20:04, 0.00 , 0.00 , 0.00 , 0.00 ,66.44M,33.00 
2020-08-09 22:20:05, 0.00 , 0.00 , 0.00 , 0.00 ,66.44M,33.00 
2020-08-09 22:20:06, 0.00 , 0.00 , 0.00 , 0.00 ,66.44M,33.00 
2020-08-09 22:20:07, 0.00 , 0.00 , 0.00 , 0.00 ,66.44M,33.00 
2020-08-09 22:20:08, 0.00 , 0.00 , 0.00 , 0.00 ,66.44M,33.00 
2020-08-09 22:20:09, 0.00 , 0.00 , 0.00 , 0.00 ,66.44M,33.00 
2020-08-09 22:20:10, 0.00 , 0.00 , 0.00 , 0.00 ,66.44M,33.00 
2020-08-09 22:20:11, 0.00 , 0.00 , 0.00 , 0.00 ,66.44M,33.00 
2020-08-09 22:20:12, 0.00 , 0.00 , 0.00 , 0.00 ,66.44M,33.00 
2020-08-09 22:20:13, 0.00 , 0.00 , 0.00 , 0.00 ,66.44M,33.00 
2020-08-09 22:20:14, 0.00 , 0.00 , 0.00 , 0.00 ,66.44M,33.00 
2020-08-09 22:20:15, 0.00 , 0.00 , 0.00 , 0.00 ,66.44M,33.00 
2020-08-09 22:20:16, 0.00 , 0.00 , 0.00 , 0.00 ,66.44M,33.00 
2020-08-09 22:20:17, 0.00 , 0.00 , 0.00 , 0.00 ,66.44M,33.00 
2020-08-09 22:20:18, 0.00 , 0.00 , 0.00 , 0.00 ,66.44M,33.00 
2020-08-09 22:20:19, 0.00 , 0.00 , 0.00 , 0.00 ,66.44M,33.00 
2020-08-09 22:20:20, 0.00 , 0.00 , 0.00 , 0.00 ,66.44M,33.00 
2020-08-09 22:20:21, 0.00 , 0.00 , 0.00 , 0.00 ,66.44M,33.00 
2020-08-09 22:20:22, 0.00 , 0.00 , 0.00 , 0.00 ,66.44M,33.00 
2020-08-09 22:20:23, 0.00 , 0.00 , 0.00 , 0.00 ,66.44M,33.00 
2020-08-09 22:20:24, 0.00 , 0.00 , 0.00 , 0.00 ,66.44M,33.00 
2020-08-09 22:20:25, 0.00 , 0.00 , 0.00 , 0.00 ,66.44M,33.00 
2020-08-09 22:20:26, 0.00 , 0.00 , 0.00 , 0.00 ,66.44M,33.00 
2020-08-09 22:20:27, 0.00 , 0.00 , 0.00 , 0.00 ,66.44M,33.00 
2020-08-09 22:20:28, 0.00 , 0.00 , 0.00 , 0.00 ,66.44M,33.00 
2020-08-09 22:20:29, 0.00 , 0.00 , 0.00 , 0.00 ,66.44M,33.00 
2020-08-09 22:20:30, 0.00 , 0.00 , 0.00 , 0.00 ,66.44M,33.00 
2020-08-09 22:20:31, 0.00 , 0.00 , 0.00 , 0.00 ,66.44M,33.00 
2020-08-09 22:20:32, 0.00 , 0.00 , 0.00 , 0.00 ,66.44M,33.00 
2020-08-09 22:20:33, 0.00 , 0.00 , 0.00 , 0.00 ,66.44M,33.00 
2020-08-09 22:20:34, 0.00 , 0.00 , 0.00 , 0.00 ,66.44M,33.00 
2020-08-09 22:20:35, 0.00 , 0.00 , 0.00 , 0.00 ,66.44M,33.00 
2020-08-09 22:20:36, 0.00 , 0.00 , 0.00 , 0.00 ,66.44M,33.00 
2020-08-09 22:20:37, 0.00 , 0.00 , 0.00 , 0.00 ,66.44M,33.00 
2020-08-09 22:20:38, 0.00 , 0.00 , 0.00 , 0.00 ,66.44M,33.00 
2020-08-09 22:20:39, 0.00 , 0.00 , 0.00 , 0.00 ,66.44M,33.00 
2020-08-09 22:20:40, 0.00 , 0.00 , 0.00 , 0.00 ,66.44M,33.00 
2020-08-09 22:20:41, 0.00 , 0.00 , 0.00 , 0.00 ,66.44M,33.00 
2020-08-09 22:20:42, 0.00 , 0.00 , 0.00 , 0.00 ,66.44M,33.00 
2020-08-09 22:20:43, 0.00 , 0.00 , 0.00 , 0.00 ,66.44M,33.00 
2020-08-09 22:20:44, 0.00 , 0.00 , 0.00 , 0.00 ,66.44M,33.00 
2020-08-09 22:20:45, 0.00 , 0.00 , 0.00 , 0.00 ,66.44M,33.00 
2020-08-09 22:20:46, 0.00 , 0.00 , 0.00 , 0.00 ,66.44M,33.00 
2020-08-09 22:20:47, 0.00 , 0.00 , 0.00 , 0.00 ,66.44M,33.00 
2020-08-09 22:20:48, 0.00 , 0.00 , 0.00 , 0.00 ,66.44M,33.00 
2020-08-09 22:20:49, 0.00 , 0.00 , 0.00 , 0.00 ,66.44M,33.00 
2020-08-09 22:20:50, 0.00 , 0.00 , 0.00 , 0.00 ,66.44M,33.00 
2020-08-09 22:20:51, 0.00 , 0.00 , 0.00 , 0.00 ,66.44M,33.00 
2020-08-09 22:20:52, 0.00 , 0.00 , 0.00 , 0.00 ,66.44M,33.00 
2020-08-09 22:20:53, 0.00 , 0.00 , 0.00 , 0.00 ,66.44M,33.00 
2020-08-09 22:20:54, 0.00 , 0.00 , 0.00 , 0.00 ,66.44M,33.00 
2020-08-09 22:20:55, 0.00 , 0.00 , 0.00 , 0.00 ,66.44M,33.00 
2020-08-09 22:20:56, 0.00 , 0.00 , 0.00 , 0.00 ,66.44M,33.00 
2020-08-09 22:20:57, 0.00 , 0.00 , 0.00 , 0.00 ,66.44M,33.00 
2020-08-09 22:20:58, 0.00 , 0.00 , 0.00 , 0.00 ,66.44M,33.00 
2020-08-09 22:20:59, 0.00 , 0.00 , 0.00 , 0.00 ,66.44M,33.00 
2020-08-09 22:21:00, 0.00 , 0.00 , 0.00 , 0.00 ,66.44M,33.00 
2020-08-09 22:21:01, 0.00 , 0.00 , 0.00 , 0.00 ,66.44M,33.00 
2020-08-09 22:21:02, 0.00 , 0.00 , 0.00 , 0.00 ,66.44M,33.00 
2020-08-09 22:21:03, 0.00 , 0.00 , 0.00 , 0.00 ,66.44M,33.00 
2020-08-09 22:21:04, 0.00 , 0.00 , 0.00 , 0.00 ,66.44M,33.00 
2020-08-09 22:21:05, 0.00 , 0.00 , 0.00 , 0.00 ,66.44M,33.00 
2020-08-09 22:21:06, 0.00 , 0.00 , 0.00 , 0.00 ,66.44M,33.00 
2020-08-09 22:21:07, 0.00 , 0.00 , 0.00 , 0.00 ,66.44M,33.00 
2020-08-09 22:21:08, 0.00 , 0.00 , 0.00 , 0.00 ,66.44M,33.00 
2020-08-09 22:21:09, 0.00 , 0.00 , 0.00 , 0.00 ,66.44M,33.00 
2020-08-09 22:21:10, 0.00 , 0.00 , 0.00 , 0.00 ,66.44M,33.00 
2020-08-09 22:21:11, 0.00 , 0.00 , 0.00 , 0.00 ,66.44M,33.00 
2020-08-09 22:21:12, 0.00 , 0.00 , 0.00 , 0.00 ,66.44M,33.00 
2020-08-09 22:21:13, 0.00 , 0.00 , 0.00 , 0.00 ,66.44M,33.00 
2020-08-09 22:21:14, 0.00 , 0.00 , 0.00 , 0.00 ,66.44M,33.00 
2020-08-09 22:21:15, 0.00 , 0.00 , 0.00 , 0.00 ,66.44M,33.00 
2020-08-09 22:21:16, 0.00 , 0.00 , 0.00 , 0.00 ,66.44M,33.00 
2020-08-09 22:21:17, 0.00 , 0.00 , 0.00 , 0.00 ,66.44M,33.00 
2020-08-09 22:21:18, 0.00 , 0.00 , 0.00 , 0.00 ,66.44M,33.00 
2020-08-09 22:21:19, 0.00 , 0.00 , 0.00 , 0.00 ,66.44M,33.00 
2020-08-09 22:21:20, 0.00 , 0.00 , 0.00 , 0.00 ,66.44M,33.00 
2020-08-09 22:21:21, 0.00 , 0.00 , 0.00 , 0.00 ,66.44M,33.00 
2020-08-09 22:21:22, 0.00 , 0.00 , 0.00 , 0.00 ,66.44M,33.00 
2020-08-09 22:21:23, 0.00 , 0.00 , 0.00 , 0.00 ,66.44M,33.00 
2020-08-09 22:21:24, 0.00 , 0.00 , 0.00 , 0.00 ,66.44M,33.00 
2020-08-09 22:21:25, 0.00 , 0.00 , 0.00 , 0.00 ,66.44M,33.00 
2020-08-09 22:21:26, 0.00 , 0.00 , 0.00 , 0.00 ,66.44M,33.00 
2020-08-09 22:21:27, 0.00 , 0.00 , 0.00 , 0.00 ,66.44M,33.00 
2020-08-09 22:21:28, 0.00 , 0.00 , 0.00 , 0.00 ,66.44M,33.00 
2020-08-09 22:21:29, 0.00 , 0.00 , 0.00 , 0.00 ,66.44M,33.00 
2020-08-09 22:21:30, 0.00 , 0.00 , 0.00 , 0.00 ,66.44M,33.00 
2020-08-09 22:21:31, 0.00 , 0.00 , 0.00 , 0.00 ,66.44M,33.00 
2020-08-09 22:21:32, 0.00 , 0.00 , 0.00 , 0.00 ,66.44M,33.00 
2020-08-09 22:21:33, 0.00 , 0.00 , 0.00 , 0.00 ,66.44M,33.00 
2020-08-09 22:21:34, 0.00 , 0.00 , 0.00 , 0.00 ,66.44M,33.00 
2020-08-09 22:21:35, 1.00 ,49.13K, 0.00 , 0.00 ,66.42M,30.00 
2020-08-09 22:21:36, 0.00 , 0.00 , 0.00 , 0.00 ,66.42M,30.00 
2020-08-09 22:21:37, 0.00 , 0.00 , 0.00 , 0.00 ,66.42M,30.00 
2020-08-09 22:21:38, 0.00 , 0.00 , 0.00 , 0.00 ,66.42M,30.00 
2020-08-09 22:21:39, 0.00 , 0.00 , 0.00 , 0.00 ,66.42M,30.00 
2020-08-09 22:21:40, 0.00 , 0.00 , 0.00 , 0.00 ,66.42M,30.00 
2020-08-09 22:21:41, 2.00 ,45.07K, 0.00 , 0.00 ,66.42M,30.00 
2020-08-09 22:21:42, 0.00 , 0.00 , 0.00 , 0.00 ,66.42M,30.00 
2020-08-09 22:21:43, 0.00 , 0.00 , 0.00 , 0.00 ,66.42M,30.00 
2020-08-09 22:21:44, 0.00 , 0.00 , 0.00 , 0.00 ,66.42M,30.00 
2020-08-09 22:21:45, 0.00 , 0.00 , 0.00 , 0.00 ,66.42M,30.00 
2020-08-09 22:21:46, 0.00 , 0.00 , 0.00 , 0.00 ,66.42M,30.00 
2020-08-09 22:21:47, 0.00 , 0.00 , 0.00 , 0.00 ,66.42M,30.00 
2020-08-09 22:21:48, 0.00 , 0.00 , 0.00 , 0.00 ,66.42M,30.00 
2020-08-09 22:21:49, 0.00 , 0.00 , 0.00 , 0.00 ,66.42M,30.00 
2020-08-09 22:21:50, 0.00 , 0.00 , 0.00 , 0.00 ,66.42M,30.00 
2020-08-09 22:21:51, 0.00 , 0.00 , 0.00 , 0.00 ,66.42M,30.00 
2020-08-09 22:21:52, 0.00 , 0.00 , 0.00 , 0.00 ,66.42M,30.00 
2020-08-09 22:21:53, 0.00 , 0.00 , 0.00 , 0.00 ,66.42M,30.00 
2020-08-09 22:21:54, 0.00 , 0.00 , 0.00 , 0.00 ,66.42M,30.00 
2020-08-09 22:21:55, 0.00 , 0.00 , 0.00 , 0.00 ,66.42M,30.00 
2020-08-09 22:21:56, 0.00 , 0.00 , 0.00 , 0.00 ,66.42M,30.00 
2020-08-09 22:21:57, 0.00 , 0.00 , 0.00 , 0.00 ,66.42M,30.00 
2020-08-09 22:21:58, 0.00 , 0.00 , 0.00 , 0.00 ,66.42M,30.00 
2020-08-09 22:21:59, 0.00 , 0.00 , 0.00 , 0.00 ,66.42M,30.00 
2020-08-09 22:22:00, 0.00 , 0.00 , 0.00 , 0.00 ,66.42M,30.00 
2020-08-09 22:22:01, 0.00 , 0.00 , 0.00 , 0.00 ,66.42M,30.00 
2020-08-09 22:22:02, 0.00 , 0.00 , 0.00 , 0.00 ,66.42M,30.00 
2020-08-09 22:22:03, 0.00 , 0.00 , 0.00 , 0.00 ,66.42M,30.00 
2020-08-09 22:22:04, 0.00 , 0.00 , 0.00 , 0.00 ,66.42M,30.00 
2020-08-09 22:22:05, 0.00 , 0.00 , 0.00 , 0.00 ,66.42M,30.00 
2020-08-09 22:22:06, 0.00 , 0.00 , 0.00 , 0.00 ,66.42M,30.00 
2020-08-09 22:22:07, 0.00 , 0.00 , 0.00 , 0.00 ,66.42M,30.00 
2020-08-09 22:22:08, 0.00 , 0.00 , 0.00 , 0.00 ,66.42M,30.00 
2020-08-09 22:22:09, 0.00 , 0.00 , 0.00 , 0.00 ,66.42M,30.00 
2020-08-09 22:22:10, 0.00 , 0.00 , 0.00 , 0.00 ,66.42M,30.00 
2020-08-09 22:22:11, 0.00 , 0.00 , 0.00 , 0.00 ,66.42M,30.00 
2020-08-09 22:22:12, 0.00 , 0.00 , 0.00 , 0.00 ,66.42M,30.00 
2020-08-09 22:22:13, 0.00 , 0.00 , 0.00 , 0.00 ,66.42M,30.00 
2020-08-09 22:22:14, 0.00 , 0.00 , 0.00 , 0.00 ,66.42M,30.00 
2020-08-09 22:22:15, 8.00 ,36.86K, 0.00 , 0.00 ,66.42M,30.00 
2020-08-09 22:22:16, 0.00 , 0.00 , 0.00 , 0.00 ,66.42M,30.00 
2020-08-09 22:22:17, 0.00 , 0.00 , 0.00 , 0.00 ,66.42M,30.00 
2020-08-09 22:22:18, 0.00 , 0.00 , 0.00 , 0.00 ,66.42M,30.00 
2020-08-09 22:22:19, 0.00 , 0.00 , 0.00 , 0.00 ,66.42M,30.00 
2020-08-09 22:22:20, 0.00 , 0.00 , 0.00 , 0.00 ,66.42M,30.00 
2020-08-09 22:22:21, 0.00 , 0.00 , 0.00 , 0.00 ,66.42M,30.00 
2020-08-09 22:22:22, 0.00 , 0.00 , 0.00 , 0.00 ,66.42M,30.00 
2020-08-09 22:22:23, 0.00 , 0.00 , 0.00 , 0.00 ,66.42M,30.00 
2020-08-09 22:22:24, 0.00 , 0.00 , 0.00 , 0.00 ,66.42M,30.00 
2020-08-09 22:22:25, 0.00 , 0.00 , 0.00 , 0.00 ,66.42M,30.00 
2020-08-09 22:22:26, 0.00 , 0.00 , 0.00 , 0.00 ,66.42M,30.00 
2020-08-09 22:22:27, 0.00 , 0.00 , 0.00 , 0.00 ,66.42M,30.00 
2020-08-09 22:22:28, 0.00 , 0.00 , 0.00 , 0.00 ,66.42M,30.00 
2020-08-09 22:22:29, 0.00 , 0.00 , 0.00 , 0.00 ,66.42M,30.00 
2020-08-09 22:22:30, 0.00 , 0.00 , 0.00 , 0.00 ,66.42M,30.00 
2020-08-09 22:22:31, 0.00 , 0.00 , 0.00 , 0.00 ,66.42M,30.00 
2020-08-09 22:22:32, 0.00 , 0.00 , 0.00 , 0.00 ,66.42M,30.00 
2020-08-09 22:22:33, 0.00 , 0.00 , 0.00 , 0.00 ,66.42M,30.00 
2020-08-09 22:22:34, 0.00 , 0.00 , 0.00 , 0.00 ,66.42M,30.00 
2020-08-09 22:22:35, 0.00 , 0.00 , 0.00 , 0.00 ,66.42M,30.00 
2020-08-09 22:22:36, 0.00 , 0.00 , 0.00 , 0.00 ,66.42M,30.00 
2020-08-09 22:22:37, 0.00 , 0.00 , 0.00 , 0.00 ,66.42M,30.00 
2020-08-09 22:22:38, 0.00 , 0.00 , 0.00 , 0.00 ,66.42M,30.00 
2020-08-09 22:22:39, 0.00 , 0.00 , 0.00 , 0.00 ,66.42M,30.00 
2020-08-09 22:22:40, 0.00 , 0.00 , 0.00 , 0.00 ,66.42M,30.00 
2020-08-09 22:22:41, 0.00 , 0.00 , 0.00 , 0.00 ,66.42M,30.00 
2020-08-09 22:22:42, 0.00 , 0.00 , 0.00 , 0.00 ,66.42M,30.00 
2020-08-09 22:22:43, 0.00 , 0.00 , 0.00 , 0.00 ,66.42M,30.00 
2020-08-09 22:22:44, 0.00 , 0.00 , 0.00 , 0.00 ,66.42M,30.00 
2020-08-09 22:22:45, 0.00 , 0.00 , 0.00 , 0.00 ,66.42M,30.00 
2020-08-09 22:22:46, 0.00 , 0.00 , 0.00 , 0.00 ,66.42M,30.00 
2020-08-09 22:22:47, 0.00 , 0.00 , 0.00 , 0.00 ,66.42M,30.00 
2020-08-09 22:22:48, 0.00 , 0.00 , 0.00 , 0.00 ,66.42M,30.00 
2020-08-09 22:22:49, 0.00 , 0.00 , 0.00 , 0.00 ,66.42M,30.00 
2020-08-09 22:22:50, 0.00 , 0.00 , 0.00 , 0.00 ,66.42M,30.00 
2020-08-09 22:22:51, 0.00 , 0.00 , 0.00 , 0.00 ,66.42M,30.00 
2020-08-09 22:22:52, 0.00 , 0.00 , 0.00 , 0.00 ,66.42M,30.00 
2020-08-09 22:22:53, 0.00 , 0.00 , 0.00 , 0.00 ,66.42M,30.00 
2020-08-09 22:22:54, 0.00 , 0.00 , 0.00 , 0.00 ,66.42M,30.00 
2020-08-09 22:22:55, 1.00 ,65.55K, 0.00 , 0.00 ,66.41M,27.00 
2020-08-09 22:22:56, 0.00 , 0.00 , 0.00 , 0.00 ,66.41M,27.00 
2020-08-09 22:22:57, 0.00 , 0.00 , 0.00 , 0.00 ,66.41M,27.00 
2020-08-09 22:22:58, 0.00 , 0.00 , 0.00 , 0.00 ,66.41M,27.00 
2020-08-09 22:22:59, 0.00 , 0.00 , 0.00 , 0.00 ,66.41M,27.00 
2020-08-09 22:23:00, 0.00 , 0.00 , 0.00 , 0.00 ,66.41M,27.00 
2020-08-09 22:23:01, 2.00 ,36.86K, 0.00 , 0.00 ,66.41M,27.00 
2020-08-09 22:23:02, 0.00 , 0.00 , 0.00 , 0.00 ,66.41M,27.00 
2020-08-09 22:23:03, 0.00 , 0.00 , 0.00 , 0.00 ,66.41M,27.00 
2020-08-09 22:23:04, 0.00 , 0.00 , 0.00 , 0.00 ,66.41M,27.00 
2020-08-09 22:23:05, 0.00 , 0.00 , 0.00 , 0.00 ,66.41M,27.00 
