[ 1] local::disk.partitions.write["vdb1"]
[ 2] local::disk.partitions.write_bytes["vdb1"]
[ 3] local::disk.partitions.read["vdb1"]
[ 4] local::disk.partitions.read_bytes["vdb1"]
[ 5] local::filesys.used["/dev/vdb1"]
[ 6] local::filesys.usedfiles["/dev/vdb1"]

             Column,     1,     2,     3,     4,     5,     6
             Source,local:,local:,local:,local:,local:,local:
             Metric, write,_bytes,  read,_bytes,  used,dfiles
               Inst,  vdb1,  vdb1,  vdb1,  vdb1,/dev/v,/dev/v
              Units,   c/s,   b/s,   c/s,   b/s,     b,  none
2020-08-10 05:38:34,     ?,     ?,     ?,     ?,66.40M,26.00 
2020-08-10 05:38:35, 0.00 , 0.00 , 0.00 , 0.00 ,66.40M,26.00 
2020-08-10 05:38:36, 0.00 , 0.00 , 0.00 , 0.00 ,66.40M,26.00 
2020-08-10 05:38:37, 0.00 , 0.00 , 0.00 , 0.00 ,66.40M,26.00 
2020-08-10 05:38:38, 0.00 , 0.00 , 0.00 , 0.00 ,66.40M,26.00 
2020-08-10 05:38:39, 0.00 , 0.00 , 0.00 , 0.00 ,66.40M,26.00 
2020-08-10 05:38:40, 0.00 , 0.00 , 0.00 , 0.00 ,66.40M,26.00 
2020-08-10 05:38:41, 0.00 , 0.00 , 0.00 , 0.00 ,66.40M,26.00 
2020-08-10 05:38:42, 0.00 , 0.00 , 0.00 , 0.00 ,66.40M,26.00 
2020-08-10 05:38:43, 0.00 , 0.00 , 0.00 , 0.00 ,66.40M,26.00 
2020-08-10 05:38:44, 0.00 , 0.00 , 0.00 , 0.00 ,66.40M,26.00 
2020-08-10 05:38:45, 0.00 , 0.00 , 0.00 , 0.00 ,66.40M,26.00 
2020-08-10 05:38:46, 0.00 , 0.00 , 0.00 , 0.00 ,66.40M,26.00 
2020-08-10 05:38:47, 0.00 , 0.00 , 0.00 , 0.00 ,66.40M,26.00 
2020-08-10 05:38:48, 0.00 , 0.00 , 0.00 , 0.00 ,66.40M,26.00 
2020-08-10 05:38:49, 0.00 , 0.00 , 0.00 , 0.00 ,66.40M,26.00 
2020-08-10 05:38:50, 0.00 , 0.00 , 0.00 , 0.00 ,66.40M,26.00 
2020-08-10 05:38:51, 0.00 , 0.00 , 0.00 , 0.00 ,66.40M,26.00 
2020-08-10 05:38:52, 0.00 , 0.00 , 0.00 , 0.00 ,66.40M,26.00 
2020-08-10 05:38:53, 0.00 , 0.00 , 0.00 , 0.00 ,66.40M,26.00 
2020-08-10 05:38:54, 0.00 , 0.00 , 0.00 , 0.00 ,66.40M,26.00 
2020-08-10 05:38:55, 0.00 , 0.00 , 0.00 , 0.00 ,66.42M,30.00 
2020-08-10 05:38:56, 0.00 , 0.00 , 0.00 , 0.00 ,66.42M,30.00 
2020-08-10 05:38:57, 0.00 , 0.00 , 0.00 , 0.00 ,66.42M,30.00 
2020-08-10 05:38:58, 0.00 , 0.00 , 0.00 , 0.00 ,66.42M,30.00 
2020-08-10 05:38:59, 0.00 , 0.00 , 0.00 , 0.00 ,66.42M,30.00 
2020-08-10 05:39:00, 5.00 ,57.33K, 0.00 , 0.00 ,66.42M,30.00 
2020-08-10 05:39:01, 0.00 , 0.00 , 0.00 , 0.00 ,66.42M,30.00 
2020-08-10 05:39:02, 0.00 , 0.00 , 0.00 , 0.00 ,66.42M,30.00 
2020-08-10 05:39:03, 0.00 , 0.00 , 0.00 , 0.00 ,66.42M,30.00 
2020-08-10 05:39:04, 0.00 , 0.00 , 0.00 , 0.00 ,66.42M,30.00 
2020-08-10 05:39:05, 7.97 ,36.73K, 0.00 , 0.00 ,66.42M,30.00 
2020-08-10 05:39:06, 0.00 , 0.00 , 0.00 , 0.00 ,66.42M,30.00 
2020-08-10 05:39:07, 0.00 , 0.00 , 0.00 , 0.00 ,66.42M,30.00 
2020-08-10 05:39:08, 0.00 , 0.00 , 0.00 , 0.00 ,66.42M,30.00 
2020-08-10 05:39:09, 0.00 , 0.00 , 0.00 , 0.00 ,66.42M,30.00 
2020-08-10 05:39:10, 0.00 , 0.00 , 0.00 , 0.00 ,66.42M,30.00 
2020-08-10 05:39:11, 0.00 , 0.00 , 0.00 , 0.00 ,66.42M,30.00 
2020-08-10 05:39:12, 0.00 , 0.00 , 0.00 , 0.00 ,66.42M,30.00 
2020-08-10 05:39:13, 0.00 , 0.00 , 0.00 , 0.00 ,66.42M,30.00 
2020-08-10 05:39:14, 0.00 , 0.00 , 0.00 , 0.00 ,66.42M,30.00 
2020-08-10 05:39:15, 0.00 , 0.00 , 0.00 , 0.00 ,66.42M,30.00 
2020-08-10 05:39:16, 0.00 , 0.00 , 0.00 , 0.00 ,66.42M,30.00 
2020-08-10 05:39:17, 0.00 , 0.00 , 0.00 , 0.00 ,66.42M,30.00 
2020-08-10 05:39:18, 0.00 , 0.00 , 0.00 , 0.00 ,66.42M,30.00 
2020-08-10 05:39:19, 0.00 , 0.00 , 0.00 , 0.00 ,66.42M,30.00 
2020-08-10 05:39:20, 0.00 , 0.00 , 0.00 , 0.00 ,66.42M,30.00 
2020-08-10 05:39:21, 0.00 , 0.00 , 0.00 , 0.00 ,66.42M,30.00 
2020-08-10 05:39:22, 0.00 , 0.00 , 0.00 , 0.00 ,66.42M,30.00 
2020-08-10 05:39:23, 0.00 , 0.00 , 0.00 , 0.00 ,66.42M,30.00 
2020-08-10 05:39:24, 0.00 , 0.00 , 0.00 , 0.00 ,66.42M,30.00 
2020-08-10 05:39:25, 0.00 , 0.00 , 0.00 , 0.00 ,66.42M,30.00 
2020-08-10 05:39:26, 0.00 , 0.00 , 0.00 , 0.00 ,66.42M,30.00 
2020-08-10 05:39:27, 0.00 , 0.00 , 0.00 , 0.00 ,66.42M,30.00 
2020-08-10 05:39:28, 0.00 , 0.00 , 0.00 , 0.00 ,66.42M,30.00 
2020-08-10 05:39:29, 0.00 , 0.00 , 0.00 , 0.00 ,66.42M,30.00 
2020-08-10 05:39:30, 0.00 , 0.00 , 0.00 , 0.00 ,66.42M,30.00 
2020-08-10 05:39:31, 0.00 , 0.00 , 0.00 , 0.00 ,66.42M,30.00 
2020-08-10 05:39:32, 0.00 , 0.00 , 0.00 , 0.00 ,66.42M,30.00 
2020-08-10 05:39:33, 0.00 , 0.00 , 0.00 , 0.00 ,66.42M,30.00 
2020-08-10 05:39:34, 0.00 , 0.00 , 0.00 , 0.00 ,66.42M,30.00 
2020-08-10 05:39:35, 0.00 , 0.00 , 0.00 , 0.00 ,66.48M,30.00 
2020-08-10 05:39:36, 1.00 ,90.14K, 0.00 , 0.00 ,66.42M,30.00 
2020-08-10 05:39:37, 0.00 , 0.00 , 0.00 , 0.00 ,66.42M,30.00 
2020-08-10 05:39:38, 0.00 , 0.00 , 0.00 , 0.00 ,66.42M,30.00 
2020-08-10 05:39:39, 0.00 , 0.00 , 0.00 , 0.00 ,66.42M,30.00 
2020-08-10 05:39:40, 5.00 ,65.48K, 0.00 , 0.00 ,66.42M,30.00 
2020-08-10 05:39:41, 0.00 , 0.00 , 0.00 , 0.00 ,66.42M,30.00 
2020-08-10 05:39:42, 0.00 , 0.00 , 0.00 , 0.00 ,66.42M,30.00 
2020-08-10 05:39:43, 0.00 , 0.00 , 0.00 , 0.00 ,66.42M,30.00 
2020-08-10 05:39:44, 0.00 , 0.00 , 0.00 , 0.00 ,66.42M,30.00 
2020-08-10 05:39:45, 9.00 ,45.04K, 0.00 , 0.00 ,66.42M,30.00 
2020-08-10 05:39:46, 0.00 , 0.00 , 0.00 , 0.00 ,66.42M,30.00 
2020-08-10 05:39:47, 0.00 , 0.00 , 0.00 , 0.00 ,66.42M,30.00 
2020-08-10 05:39:48, 0.00 , 0.00 , 0.00 , 0.00 ,66.42M,30.00 
2020-08-10 05:39:49, 0.00 , 0.00 , 0.00 , 0.00 ,66.42M,30.00 
2020-08-10 05:39:50, 0.00 , 0.00 , 0.00 , 0.00 ,66.42M,30.00 
2020-08-10 05:39:51, 0.00 , 0.00 , 0.00 , 0.00 ,66.42M,30.00 
2020-08-10 05:39:52, 0.00 , 0.00 , 0.00 , 0.00 ,66.42M,30.00 
2020-08-10 05:39:53, 0.00 , 0.00 , 0.00 , 0.00 ,66.42M,30.00 
2020-08-10 05:39:54, 0.00 , 0.00 , 0.00 , 0.00 ,66.42M,30.00 
2020-08-10 05:39:55, 0.00 , 0.00 , 0.00 , 0.00 ,66.42M,30.00 
2020-08-10 05:39:56, 0.00 , 0.00 , 0.00 , 0.00 ,66.42M,30.00 
2020-08-10 05:39:57, 0.00 , 0.00 , 0.00 , 0.00 ,66.42M,30.00 
2020-08-10 05:39:58, 0.00 , 0.00 , 0.00 , 0.00 ,66.42M,30.00 
2020-08-10 05:39:59, 0.00 , 0.00 , 0.00 , 0.00 ,66.42M,30.00 
2020-08-10 05:40:00, 0.00 , 0.00 , 0.00 , 0.00 ,66.42M,30.00 
2020-08-10 05:40:01, 0.00 , 0.00 , 0.00 , 0.00 ,66.42M,30.00 
2020-08-10 05:40:02, 0.00 , 0.00 , 0.00 , 0.00 ,66.42M,30.00 
2020-08-10 05:40:03, 0.00 , 0.00 , 0.00 , 0.00 ,66.42M,30.00 
2020-08-10 05:40:04, 0.00 , 0.00 , 0.00 , 0.00 ,66.42M,30.00 
2020-08-10 05:40:05, 0.00 , 0.00 , 0.00 , 0.00 ,66.42M,30.00 
2020-08-10 05:40:06, 0.00 , 0.00 , 0.00 , 0.00 ,66.42M,30.00 
2020-08-10 05:40:07, 0.00 , 0.00 , 0.00 , 0.00 ,66.42M,30.00 
2020-08-10 05:40:08, 0.00 , 0.00 , 0.00 , 0.00 ,66.42M,30.00 
2020-08-10 05:40:09, 0.00 , 0.00 , 0.00 , 0.00 ,66.42M,30.00 
2020-08-10 05:40:10, 0.00 , 0.00 , 0.00 , 0.00 ,66.42M,30.00 
2020-08-10 05:40:11, 0.00 , 0.00 , 0.00 , 0.00 ,66.42M,30.00 
2020-08-10 05:40:12, 0.00 , 0.00 , 0.00 , 0.00 ,66.42M,30.00 
2020-08-10 05:40:13, 0.00 , 0.00 , 0.00 , 0.00 ,66.42M,30.00 
2020-08-10 05:40:14, 0.00 , 0.00 , 0.00 , 0.00 ,66.42M,30.00 
2020-08-10 05:40:15, 0.00 , 0.00 , 0.00 , 0.00 ,66.42M,30.00 
2020-08-10 05:40:16, 0.00 , 0.00 , 0.00 , 0.00 ,66.42M,30.00 
2020-08-10 05:40:17, 0.00 , 0.00 , 0.00 , 0.00 ,66.42M,30.00 
2020-08-10 05:40:18, 0.00 , 0.00 , 0.00 , 0.00 ,66.42M,30.00 
2020-08-10 05:40:19, 0.00 , 0.00 , 0.00 , 0.00 ,66.42M,30.00 
2020-08-10 05:40:20, 0.00 , 0.00 , 0.00 , 0.00 ,66.49M,30.00 
2020-08-10 05:40:21, 1.00 ,90.15K, 0.00 , 0.00 ,66.40M,27.00 
2020-08-10 05:40:22, 0.00 , 0.00 , 0.00 , 0.00 ,66.40M,27.00 
2020-08-10 05:40:23, 0.00 , 0.00 , 0.00 , 0.00 ,66.40M,27.00 
2020-08-10 05:40:24, 0.00 , 0.00 , 0.00 , 0.00 ,66.40M,27.00 
2020-08-10 05:40:25, 2.00 ,40.96K, 0.00 , 0.00 ,66.40M,27.00 
2020-08-10 05:40:26, 0.00 , 0.00 , 0.00 , 0.00 ,66.40M,27.00 
2020-08-10 05:40:27, 0.00 , 0.00 , 0.00 , 0.00 ,66.40M,27.00 
2020-08-10 05:40:28, 0.00 , 0.00 , 0.00 , 0.00 ,66.40M,27.00 
2020-08-10 05:40:29, 0.00 , 0.00 , 0.00 , 0.00 ,66.40M,27.00 
2020-08-10 05:40:30, 6.99 ,32.74K, 0.00 , 0.00 ,66.40M,27.00 
2020-08-10 05:40:31, 0.00 , 0.00 , 0.00 , 0.00 ,66.40M,27.00 
