[ 1] local::disk.partitions.write["vdb1"]
[ 2] local::disk.partitions.write_bytes["vdb1"]
[ 3] local::disk.partitions.read["vdb1"]
[ 4] local::disk.partitions.read_bytes["vdb1"]
[ 5] local::filesys.used["/dev/vdb1"]
[ 6] local::filesys.usedfiles["/dev/vdb1"]

             Column,     1,     2,     3,     4,     5,     6
             Source,local:,local:,local:,local:,local:,local:
             Metric, write,_bytes,  read,_bytes,  used,dfiles
               Inst,  vdb1,  vdb1,  vdb1,  vdb1,/dev/v,/dev/v
              Units,   c/s,   b/s,   c/s,   b/s,     b,  none
2020-08-10 05:04:39,     ?,     ?,     ?,     ?,66.29M,26.00 
2020-08-10 05:04:40, 0.00 , 0.00 , 0.00 , 0.00 ,66.29M,26.00 
2020-08-10 05:04:41, 0.00 , 0.00 , 0.00 , 0.00 ,66.29M,26.00 
2020-08-10 05:04:42, 0.00 , 0.00 , 0.00 , 0.00 ,66.29M,26.00 
2020-08-10 05:04:43, 0.00 , 0.00 , 0.00 , 0.00 ,66.30M,30.00 
2020-08-10 05:04:44, 0.00 , 0.00 , 0.00 , 0.00 ,66.30M,30.00 
2020-08-10 05:04:45, 1.00 ,32.75K, 0.00 , 0.00 ,66.29M,27.00 
2020-08-10 05:04:46, 0.00 , 0.00 , 0.00 , 0.00 ,66.29M,27.00 
2020-08-10 05:04:47, 0.00 , 0.00 , 0.00 , 0.00 ,66.29M,27.00 
2020-08-10 05:04:48, 2.00 ,53.27K, 0.00 , 0.00 ,66.29M,27.00 
2020-08-10 05:04:49, 0.00 , 0.00 , 0.00 , 0.00 ,66.29M,27.00 
2020-08-10 05:04:50, 0.00 , 0.00 , 0.00 , 0.00 ,66.29M,27.00 
2020-08-10 05:04:51, 0.00 , 0.00 , 0.00 , 0.00 ,66.29M,27.00 
2020-08-10 05:04:52, 0.00 , 0.00 , 0.00 , 0.00 ,66.29M,27.00 
2020-08-10 05:04:53,10.00 ,45.05K, 0.00 , 0.00 ,66.29M,27.00 
2020-08-10 05:04:54, 0.00 , 0.00 , 0.00 , 0.00 ,66.29M,27.00 
2020-08-10 05:04:55, 0.00 , 0.00 , 0.00 , 0.00 ,66.29M,27.00 
2020-08-10 05:04:56, 0.00 , 0.00 , 0.00 , 0.00 ,66.29M,27.00 
2020-08-10 05:04:57, 0.00 , 0.00 , 0.00 , 0.00 ,66.29M,27.00 
2020-08-10 05:04:58, 0.00 , 0.00 , 0.00 , 0.00 ,66.29M,27.00 
2020-08-10 05:04:59, 0.00 , 0.00 , 0.00 , 0.00 ,66.29M,27.00 
2020-08-10 05:05:00, 0.00 , 0.00 , 0.00 , 0.00 ,66.29M,27.00 
2020-08-10 05:05:01, 0.00 , 0.00 , 0.00 , 0.00 ,66.29M,27.00 
2020-08-10 05:05:02, 0.00 , 0.00 , 0.00 , 0.00 ,66.29M,27.00 
2020-08-10 05:05:03, 0.00 , 0.00 , 0.00 , 0.00 ,66.29M,27.00 
2020-08-10 05:05:04, 0.00 , 0.00 , 0.00 , 0.00 ,66.29M,27.00 
2020-08-10 05:05:05, 0.00 , 0.00 , 0.00 , 0.00 ,66.29M,27.00 
2020-08-10 05:05:06, 0.00 , 0.00 , 0.00 , 0.00 ,66.29M,27.00 
2020-08-10 05:05:07, 0.00 , 0.00 , 0.00 , 0.00 ,66.29M,27.00 
2020-08-10 05:05:08, 0.00 , 0.00 , 0.00 , 0.00 ,66.29M,27.00 
2020-08-10 05:05:09, 0.00 , 0.00 , 0.00 , 0.00 ,66.29M,27.00 
2020-08-10 05:05:10, 0.00 , 0.00 , 0.00 , 0.00 ,66.29M,27.00 
2020-08-10 05:05:11, 0.00 , 0.00 , 0.00 , 0.00 ,66.29M,27.00 
2020-08-10 05:05:12, 0.00 , 0.00 , 0.00 , 0.00 ,66.29M,27.00 
2020-08-10 05:05:13, 0.00 , 0.00 , 0.00 , 0.00 ,66.29M,27.00 
2020-08-10 05:05:14, 0.00 , 0.00 , 0.00 , 0.00 ,66.29M,27.00 
2020-08-10 05:05:15, 0.00 , 0.00 , 0.00 , 0.00 ,66.29M,27.00 
2020-08-10 05:05:16, 0.00 , 0.00 , 0.00 , 0.00 ,66.29M,27.00 
2020-08-10 05:05:17, 0.00 , 0.00 , 0.00 , 0.00 ,66.29M,27.00 
2020-08-10 05:05:18, 0.00 , 0.00 , 0.00 , 0.00 ,66.29M,27.00 
2020-08-10 05:05:19, 0.00 , 0.00 , 0.00 , 0.00 ,66.29M,27.00 
2020-08-10 05:05:20, 0.00 , 0.00 , 0.00 , 0.00 ,66.29M,27.00 
2020-08-10 05:05:21, 0.00 , 0.00 , 0.00 , 0.00 ,66.29M,27.00 
2020-08-10 05:05:22, 0.00 , 0.00 , 0.00 , 0.00 ,66.29M,27.00 
2020-08-10 05:05:23, 0.00 , 0.00 , 0.00 , 0.00 ,66.29M,27.00 
2020-08-10 05:05:24, 0.00 , 0.00 , 0.00 , 0.00 ,66.29M,27.00 
2020-08-10 05:05:25, 0.00 , 0.00 , 0.00 , 0.00 ,66.29M,27.00 
2020-08-10 05:05:26, 0.00 , 0.00 , 0.00 , 0.00 ,66.29M,27.00 
2020-08-10 05:05:27, 0.00 , 0.00 , 0.00 , 0.00 ,66.29M,27.00 
2020-08-10 05:05:28, 0.00 , 0.00 , 0.00 , 0.00 ,66.29M,27.00 
2020-08-10 05:05:29, 0.00 , 0.00 , 0.00 , 0.00 ,66.29M,27.00 
2020-08-10 05:05:30, 0.00 , 0.00 , 0.00 , 0.00 ,66.29M,27.00 
2020-08-10 05:05:31, 0.00 , 0.00 , 0.00 , 0.00 ,66.29M,27.00 
2020-08-10 05:05:32, 0.00 , 0.00 , 0.00 , 0.00 ,66.29M,27.00 
2020-08-10 05:05:33, 0.00 , 0.00 , 0.00 , 0.00 ,66.29M,27.00 
2020-08-10 05:05:34, 0.00 , 0.00 , 0.00 , 0.00 ,66.29M,27.00 
2020-08-10 05:05:35, 0.00 , 0.00 , 0.00 , 0.00 ,66.29M,27.00 
2020-08-10 05:05:36, 0.00 , 0.00 , 0.00 , 0.00 ,66.29M,27.00 
2020-08-10 05:05:37, 0.00 , 0.00 , 0.00 , 0.00 ,66.29M,27.00 
2020-08-10 05:05:38, 0.00 , 0.00 , 0.00 , 0.00 ,66.29M,27.00 
2020-08-10 05:05:39, 0.00 , 0.00 , 0.00 , 0.00 ,66.29M,27.00 
2020-08-10 05:05:40, 0.00 , 0.00 , 0.00 , 0.00 ,66.29M,27.00 
2020-08-10 05:05:41, 0.00 , 0.00 , 0.00 , 0.00 ,66.29M,27.00 
2020-08-10 05:05:42, 0.00 , 0.00 , 0.00 , 0.00 ,66.29M,27.00 
2020-08-10 05:05:43, 0.00 , 0.00 , 0.00 , 0.00 ,66.29M,27.00 
2020-08-10 05:05:44, 0.00 , 0.00 , 0.00 , 0.00 ,66.29M,27.00 
2020-08-10 05:05:45, 0.00 , 0.00 , 0.00 , 0.00 ,66.29M,27.00 
2020-08-10 05:05:46, 0.00 , 0.00 , 0.00 , 0.00 ,66.29M,27.00 
2020-08-10 05:05:47, 0.00 , 0.00 , 0.00 , 0.00 ,66.29M,27.00 
2020-08-10 05:05:48, 0.00 , 0.00 , 0.00 , 0.00 ,66.29M,27.00 
2020-08-10 05:05:49, 0.00 , 0.00 , 0.00 , 0.00 ,66.29M,27.00 
2020-08-10 05:05:50, 0.00 , 0.00 , 0.00 , 0.00 ,66.29M,27.00 
2020-08-10 05:05:51, 0.00 , 0.00 , 0.00 , 0.00 ,66.29M,27.00 
2020-08-10 05:05:52, 0.00 , 0.00 , 0.00 , 0.00 ,66.29M,27.00 
2020-08-10 05:05:53, 0.00 , 0.00 , 0.00 , 0.00 ,66.29M,27.00 
2020-08-10 05:05:54, 0.00 , 0.00 , 0.00 , 0.00 ,66.29M,27.00 
2020-08-10 05:05:55, 0.00 , 0.00 , 0.00 , 0.00 ,66.29M,27.00 
2020-08-10 05:05:56, 0.00 , 0.00 , 0.00 , 0.00 ,66.29M,27.00 
2020-08-10 05:05:57, 0.00 , 0.00 , 0.00 , 0.00 ,66.29M,27.00 
2020-08-10 05:05:58, 0.00 , 0.00 , 0.00 , 0.00 ,66.29M,27.00 
2020-08-10 05:05:59, 0.00 , 0.00 , 0.00 , 0.00 ,66.29M,27.00 
2020-08-10 05:06:00, 0.00 , 0.00 , 0.00 , 0.00 ,66.29M,27.00 
2020-08-10 05:06:01, 0.00 , 0.00 , 0.00 , 0.00 ,66.30M,30.00 
2020-08-10 05:06:02, 0.00 , 0.00 , 0.00 , 0.00 ,66.30M,30.00 
2020-08-10 05:06:03, 0.00 , 0.00 , 0.00 , 0.00 ,66.30M,30.00 
2020-08-10 05:06:04, 0.00 , 0.00 , 0.00 , 0.00 ,66.30M,30.00 
2020-08-10 05:06:05, 0.00 , 0.00 , 0.00 , 0.00 ,66.30M,30.00 
2020-08-10 05:06:06, 5.00 ,49.14K, 0.00 , 0.00 ,66.30M,30.00 
2020-08-10 05:06:07, 0.00 , 0.00 , 0.00 , 0.00 ,66.30M,30.00 
2020-08-10 05:06:08, 0.00 , 0.00 , 0.00 , 0.00 ,66.30M,30.00 
2020-08-10 05:06:09, 1.00 ,32.78K, 0.00 , 0.00 ,66.29M,27.00 
2020-08-10 05:06:10, 0.00 , 0.00 , 0.00 , 0.00 ,66.29M,27.00 
2020-08-10 05:06:11, 3.00 ,45.06K, 0.00 , 0.00 ,66.29M,27.00 
2020-08-10 05:06:12, 0.00 , 0.00 , 0.00 , 0.00 ,66.29M,27.00 
2020-08-10 05:06:13, 0.00 , 0.00 , 0.00 , 0.00 ,66.29M,27.00 
2020-08-10 05:06:14, 0.00 , 0.00 , 0.00 , 0.00 ,66.29M,27.00 
2020-08-10 05:06:15, 0.00 , 0.00 , 0.00 , 0.00 ,66.29M,27.00 
2020-08-10 05:06:16, 7.00 ,32.76K, 0.00 , 0.00 ,66.29M,27.00 
2020-08-10 05:06:17, 0.00 , 0.00 , 0.00 , 0.00 ,66.29M,27.00 
2020-08-10 05:06:18, 0.00 , 0.00 , 0.00 , 0.00 ,66.29M,27.00 
2020-08-10 05:06:19, 0.00 , 0.00 , 0.00 , 0.00 ,66.29M,27.00 
2020-08-10 05:06:20, 0.00 , 0.00 , 0.00 , 0.00 ,66.29M,27.00 
2020-08-10 05:06:21, 0.00 , 0.00 , 0.00 , 0.00 ,66.29M,27.00 
2020-08-10 05:06:22, 0.00 , 0.00 , 0.00 , 0.00 ,66.29M,27.00 
2020-08-10 05:06:23, 0.00 , 0.00 , 0.00 , 0.00 ,66.29M,27.00 
2020-08-10 05:06:24, 0.00 , 0.00 , 0.00 , 0.00 ,66.29M,27.00 
2020-08-10 05:06:25, 0.00 , 0.00 , 0.00 , 0.00 ,66.29M,27.00 
2020-08-10 05:06:26, 0.00 , 0.00 , 0.00 , 0.00 ,66.29M,27.00 
2020-08-10 05:06:27, 0.00 , 0.00 , 0.00 , 0.00 ,66.29M,27.00 
2020-08-10 05:06:28, 0.00 , 0.00 , 0.00 , 0.00 ,66.29M,27.00 
2020-08-10 05:06:29, 0.00 , 0.00 , 0.00 , 0.00 ,66.29M,27.00 
2020-08-10 05:06:30, 0.00 , 0.00 , 0.00 , 0.00 ,66.29M,27.00 
2020-08-10 05:06:31, 0.00 , 0.00 , 0.00 , 0.00 ,66.29M,27.00 
2020-08-10 05:06:32, 0.00 , 0.00 , 0.00 , 0.00 ,66.29M,27.00 
2020-08-10 05:06:33, 0.00 , 0.00 , 0.00 , 0.00 ,66.29M,27.00 
2020-08-10 05:06:34, 0.00 , 0.00 , 0.00 , 0.00 ,66.29M,27.00 
2020-08-10 05:06:35, 0.00 , 0.00 , 0.00 , 0.00 ,66.29M,27.00 
2020-08-10 05:06:36, 0.00 , 0.00 , 0.00 , 0.00 ,66.29M,27.00 
2020-08-10 05:06:37, 0.00 , 0.00 , 0.00 , 0.00 ,66.29M,27.00 
2020-08-10 05:06:38, 0.00 , 0.00 , 0.00 , 0.00 ,66.29M,27.00 
2020-08-10 05:06:39, 0.00 , 0.00 , 0.00 , 0.00 ,66.29M,27.00 
2020-08-10 05:06:40, 0.00 , 0.00 , 0.00 , 0.00 ,66.29M,27.00 
2020-08-10 05:06:41, 0.00 , 0.00 , 0.00 , 0.00 ,66.29M,27.00 
2020-08-10 05:06:42, 0.00 , 0.00 , 0.00 , 0.00 ,66.29M,27.00 
2020-08-10 05:06:43, 0.00 , 0.00 , 0.00 , 0.00 ,66.29M,27.00 
2020-08-10 05:06:44, 0.00 , 0.00 , 0.00 , 0.00 ,66.29M,27.00 
2020-08-10 05:06:45, 0.00 , 0.00 , 0.00 , 0.00 ,66.29M,27.00 
2020-08-10 05:06:46, 0.00 , 0.00 , 0.00 , 0.00 ,66.29M,27.00 
2020-08-10 05:06:47, 0.00 , 0.00 , 0.00 , 0.00 ,66.29M,27.00 
2020-08-10 05:06:48, 0.00 , 0.00 , 0.00 , 0.00 ,66.29M,27.00 
2020-08-10 05:06:49, 0.00 , 0.00 , 0.00 , 0.00 ,66.29M,27.00 
2020-08-10 05:06:50, 0.00 , 0.00 , 0.00 , 0.00 ,66.29M,27.00 
2020-08-10 05:06:51, 0.00 , 0.00 , 0.00 , 0.00 ,66.29M,27.00 
2020-08-10 05:06:52, 0.00 , 0.00 , 0.00 , 0.00 ,66.29M,27.00 
2020-08-10 05:06:53, 0.00 , 0.00 , 0.00 , 0.00 ,66.29M,27.00 
2020-08-10 05:06:54, 0.00 , 0.00 , 0.00 , 0.00 ,66.29M,27.00 
2020-08-10 05:06:55, 0.00 , 0.00 , 0.00 , 0.00 ,66.29M,27.00 
2020-08-10 05:06:56, 0.00 , 0.00 , 0.00 , 0.00 ,66.29M,27.00 
2020-08-10 05:06:57, 0.00 , 0.00 , 0.00 , 0.00 ,66.29M,27.00 
2020-08-10 05:06:58, 0.00 , 0.00 , 0.00 , 0.00 ,66.29M,27.00 
2020-08-10 05:06:59, 0.00 , 0.00 , 0.00 , 0.00 ,66.29M,27.00 
2020-08-10 05:07:00, 0.00 , 0.00 , 0.00 , 0.00 ,66.29M,27.00 
2020-08-10 05:07:01, 0.00 , 0.00 , 0.00 , 0.00 ,66.30M,30.00 
2020-08-10 05:07:02, 0.00 , 0.00 , 0.00 , 0.00 ,66.30M,30.00 
2020-08-10 05:07:03, 0.00 , 0.00 , 0.00 , 0.00 ,66.30M,30.00 
2020-08-10 05:07:04, 0.00 , 0.00 , 0.00 , 0.00 ,66.30M,30.00 
2020-08-10 05:07:05, 0.00 , 0.00 , 0.00 , 0.00 ,66.30M,30.00 
2020-08-10 05:07:06, 5.00 ,49.16K, 0.00 , 0.00 ,66.30M,30.00 
2020-08-10 05:07:07, 0.00 , 0.00 , 0.00 , 0.00 ,66.30M,30.00 
2020-08-10 05:07:08, 0.00 , 0.00 , 0.00 , 0.00 ,66.30M,30.00 
2020-08-10 05:07:09, 0.00 , 0.00 , 0.00 , 0.00 ,66.30M,30.00 
2020-08-10 05:07:10, 0.00 , 0.00 , 0.00 , 0.00 ,66.30M,30.00 
2020-08-10 05:07:11, 6.00 ,28.67K, 0.00 , 0.00 ,66.30M,30.00 
2020-08-10 05:07:12, 0.00 , 0.00 , 0.00 , 0.00 ,66.30M,30.00 
2020-08-10 05:07:13, 0.00 , 0.00 , 0.00 , 0.00 ,66.30M,30.00 
2020-08-10 05:07:14, 0.00 , 0.00 , 0.00 , 0.00 ,66.30M,30.00 
2020-08-10 05:07:15, 0.00 , 0.00 , 0.00 , 0.00 ,66.30M,30.00 
2020-08-10 05:07:16, 0.00 , 0.00 , 0.00 , 0.00 ,66.30M,30.00 
2020-08-10 05:07:17, 0.00 , 0.00 , 0.00 , 0.00 ,66.30M,30.00 
2020-08-10 05:07:18, 0.00 , 0.00 , 0.00 , 0.00 ,66.30M,30.00 
2020-08-10 05:07:19, 0.00 , 0.00 , 0.00 , 0.00 ,66.30M,30.00 
2020-08-10 05:07:20, 0.00 , 0.00 , 0.00 , 0.00 ,66.30M,30.00 
2020-08-10 05:07:21, 1.00 ,32.76K, 0.00 , 0.00 ,66.29M,27.00 
2020-08-10 05:07:22, 0.00 , 0.00 , 0.00 , 0.00 ,66.29M,27.00 
2020-08-10 05:07:23, 0.00 , 0.00 , 0.00 , 0.00 ,66.29M,27.00 
2020-08-10 05:07:24, 0.00 , 0.00 , 0.00 , 0.00 ,66.29M,27.00 
2020-08-10 05:07:25, 0.00 , 0.00 , 0.00 , 0.00 ,66.29M,27.00 
2020-08-10 05:07:26, 2.00 ,40.96K, 0.00 , 0.00 ,66.29M,27.00 
2020-08-10 05:07:27, 0.00 , 0.00 , 0.00 , 0.00 ,66.29M,27.00 
2020-08-10 05:07:28, 0.00 , 0.00 , 0.00 , 0.00 ,66.29M,27.00 
2020-08-10 05:07:29, 0.00 , 0.00 , 0.00 , 0.00 ,66.29M,27.00 
2020-08-10 05:07:30, 0.00 , 0.00 , 0.00 , 0.00 ,66.29M,27.00 
2020-08-10 05:07:31, 7.00 ,32.78K, 0.00 , 0.00 ,66.29M,27.00 
2020-08-10 05:07:32, 0.00 , 0.00 , 0.00 , 0.00 ,66.29M,27.00 
2020-08-10 05:07:33, 0.00 , 0.00 , 0.00 , 0.00 ,66.29M,27.00 
2020-08-10 05:07:34, 0.00 , 0.00 , 0.00 , 0.00 ,66.29M,27.00 
2020-08-10 05:07:35, 0.00 , 0.00 , 0.00 , 0.00 ,66.29M,27.00 
2020-08-10 05:07:36, 0.00 , 0.00 , 0.00 , 0.00 ,66.29M,27.00 
2020-08-10 05:07:37, 0.00 , 0.00 , 0.00 , 0.00 ,66.29M,27.00 
2020-08-10 05:07:38, 0.00 , 0.00 , 0.00 , 0.00 ,66.29M,27.00 
2020-08-10 05:07:39, 0.00 , 0.00 , 0.00 , 0.00 ,66.29M,27.00 
2020-08-10 05:07:40, 0.00 , 0.00 , 0.00 , 0.00 ,66.29M,27.00 
2020-08-10 05:07:41, 0.00 , 0.00 , 0.00 , 0.00 ,66.29M,27.00 
2020-08-10 05:07:42, 0.00 , 0.00 , 0.00 , 0.00 ,66.29M,27.00 
2020-08-10 05:07:43, 0.00 , 0.00 , 0.00 , 0.00 ,66.29M,27.00 
2020-08-10 05:07:44, 0.00 , 0.00 , 0.00 , 0.00 ,66.29M,27.00 
2020-08-10 05:07:45, 0.00 , 0.00 , 0.00 , 0.00 ,66.29M,27.00 
2020-08-10 05:07:46, 0.00 , 0.00 , 0.00 , 0.00 ,66.29M,27.00 
2020-08-10 05:07:47, 0.00 , 0.00 , 0.00 , 0.00 ,66.29M,27.00 
2020-08-10 05:07:48, 0.00 , 0.00 , 0.00 , 0.00 ,66.29M,27.00 
2020-08-10 05:07:49, 0.00 , 0.00 , 0.00 , 0.00 ,66.29M,27.00 
2020-08-10 05:07:50, 0.00 , 0.00 , 0.00 , 0.00 ,66.29M,27.00 
2020-08-10 05:07:51, 0.00 , 0.00 , 0.00 , 0.00 ,66.29M,27.00 
2020-08-10 05:07:52, 0.00 , 0.00 , 0.00 , 0.00 ,66.29M,27.00 
2020-08-10 05:07:53, 0.00 , 0.00 , 0.00 , 0.00 ,66.29M,27.00 
2020-08-10 05:07:54, 0.00 , 0.00 , 0.00 , 0.00 ,66.29M,27.00 
2020-08-10 05:07:55, 0.00 , 0.00 , 0.00 , 0.00 ,66.29M,27.00 
2020-08-10 05:07:56, 0.00 , 0.00 , 0.00 , 0.00 ,66.29M,27.00 
2020-08-10 05:07:57, 0.00 , 0.00 , 0.00 , 0.00 ,66.29M,27.00 
2020-08-10 05:07:58, 0.00 , 0.00 , 0.00 , 0.00 ,66.29M,27.00 
2020-08-10 05:07:59, 0.00 , 0.00 , 0.00 , 0.00 ,66.29M,27.00 
2020-08-10 05:08:00, 0.00 , 0.00 , 0.00 , 0.00 ,66.29M,27.00 
2020-08-10 05:08:01, 0.00 , 0.00 , 0.00 , 0.00 ,66.30M,30.00 
2020-08-10 05:08:02, 0.00 , 0.00 , 0.00 , 0.00 ,66.30M,30.00 
2020-08-10 05:08:03, 0.00 , 0.00 , 0.00 , 0.00 ,66.30M,30.00 
2020-08-10 05:08:04, 0.00 , 0.00 , 0.00 , 0.00 ,66.30M,30.00 
2020-08-10 05:08:05, 0.00 , 0.00 , 0.00 , 0.00 ,66.30M,30.00 
2020-08-10 05:08:06, 5.00 ,45.05K, 0.00 , 0.00 ,66.30M,30.00 
2020-08-10 05:08:07, 0.00 , 0.00 , 0.00 , 0.00 ,66.30M,30.00 
2020-08-10 05:08:08, 0.00 , 0.00 , 0.00 , 0.00 ,66.30M,30.00 
2020-08-10 05:08:09, 0.00 , 0.00 , 0.00 , 0.00 ,66.30M,30.00 
2020-08-10 05:08:10, 0.00 , 0.00 , 0.00 , 0.00 ,66.30M,30.00 
2020-08-10 05:08:11, 5.00 ,32.76K, 0.00 , 0.00 ,66.30M,30.00 
2020-08-10 05:08:12, 0.00 , 0.00 , 0.00 , 0.00 ,66.30M,30.00 
2020-08-10 05:08:13, 0.00 , 0.00 , 0.00 , 0.00 ,66.30M,30.00 
2020-08-10 05:08:14, 0.00 , 0.00 , 0.00 , 0.00 ,66.30M,30.00 
2020-08-10 05:08:15, 0.00 , 0.00 , 0.00 , 0.00 ,66.30M,30.00 
2020-08-10 05:08:16, 3.00 ,12.29K, 0.00 , 0.00 ,66.30M,30.00 
2020-08-10 05:08:17, 0.00 , 0.00 , 0.00 , 0.00 ,66.30M,30.00 
2020-08-10 05:08:18, 0.00 , 0.00 , 0.00 , 0.00 ,66.30M,30.00 
2020-08-10 05:08:19, 0.00 , 0.00 , 0.00 , 0.00 ,66.30M,30.00 
2020-08-10 05:08:20, 0.00 , 0.00 , 0.00 , 0.00 ,66.30M,30.00 
2020-08-10 05:08:21, 0.00 , 0.00 , 0.00 , 0.00 ,66.30M,30.00 
2020-08-10 05:08:22, 0.00 , 0.00 , 0.00 , 0.00 ,66.30M,30.00 
2020-08-10 05:08:23, 0.00 , 0.00 , 0.00 , 0.00 ,66.30M,30.00 
2020-08-10 05:08:24, 0.00 , 0.00 , 0.00 , 0.00 ,66.30M,30.00 
2020-08-10 05:08:25, 1.00 ,32.78K, 0.00 , 0.00 ,66.29M,27.00 
2020-08-10 05:08:26, 0.00 , 0.00 , 0.00 , 0.00 ,66.29M,27.00 
2020-08-10 05:08:27, 0.00 , 0.00 , 0.00 , 0.00 ,66.29M,27.00 
2020-08-10 05:08:28, 0.00 , 0.00 , 0.00 , 0.00 ,66.29M,27.00 
2020-08-10 05:08:29, 0.00 , 0.00 , 0.00 , 0.00 ,66.29M,27.00 
2020-08-10 05:08:30, 2.00 ,45.09K, 0.00 , 0.00 ,66.29M,27.00 
2020-08-10 05:08:31, 0.00 , 0.00 , 0.00 , 0.00 ,66.29M,27.00 
2020-08-10 05:08:32, 0.00 , 0.00 , 0.00 , 0.00 ,66.29M,27.00 
2020-08-10 05:08:33, 0.00 , 0.00 , 0.00 , 0.00 ,66.29M,27.00 
2020-08-10 05:08:34, 0.00 , 0.00 , 0.00 , 0.00 ,66.29M,27.00 
2020-08-10 05:08:35, 8.00 ,36.86K, 0.00 , 0.00 ,66.29M,27.00 
2020-08-10 05:08:36, 0.00 , 0.00 , 0.00 , 0.00 ,66.29M,27.00 
2020-08-10 05:08:37, 0.00 , 0.00 , 0.00 , 0.00 ,66.29M,27.00 
2020-08-10 05:08:38, 0.00 , 0.00 , 0.00 , 0.00 ,66.29M,27.00 
2020-08-10 05:08:39, 0.00 , 0.00 , 0.00 , 0.00 ,66.29M,27.00 
2020-08-10 05:08:40, 0.00 , 0.00 , 0.00 , 0.00 ,66.29M,27.00 
2020-08-10 05:08:41, 0.00 , 0.00 , 0.00 , 0.00 ,66.29M,27.00 
2020-08-10 05:08:42, 0.00 , 0.00 , 0.00 , 0.00 ,66.29M,27.00 
2020-08-10 05:08:43, 0.00 , 0.00 , 0.00 , 0.00 ,66.29M,27.00 
2020-08-10 05:08:44, 0.00 , 0.00 , 0.00 , 0.00 ,66.29M,27.00 
2020-08-10 05:08:45, 0.00 , 0.00 , 0.00 , 0.00 ,66.29M,27.00 
2020-08-10 05:08:46, 0.00 , 0.00 , 0.00 , 0.00 ,66.29M,27.00 
2020-08-10 05:08:47, 0.00 , 0.00 , 0.00 , 0.00 ,66.29M,27.00 
2020-08-10 05:08:48, 0.00 , 0.00 , 0.00 , 0.00 ,66.29M,27.00 
2020-08-10 05:08:49, 0.00 , 0.00 , 0.00 , 0.00 ,66.29M,27.00 
2020-08-10 05:08:50, 0.00 , 0.00 , 0.00 , 0.00 ,66.29M,27.00 
2020-08-10 05:08:51, 0.00 , 0.00 , 0.00 , 0.00 ,66.29M,27.00 
2020-08-10 05:08:52, 0.00 , 0.00 , 0.00 , 0.00 ,66.29M,27.00 
2020-08-10 05:08:53, 0.00 , 0.00 , 0.00 , 0.00 ,66.29M,27.00 
2020-08-10 05:08:54, 0.00 , 0.00 , 0.00 , 0.00 ,66.29M,27.00 
2020-08-10 05:08:55, 0.00 , 0.00 , 0.00 , 0.00 ,66.29M,27.00 
2020-08-10 05:08:56, 0.00 , 0.00 , 0.00 , 0.00 ,66.29M,27.00 
2020-08-10 05:08:57, 0.00 , 0.00 , 0.00 , 0.00 ,66.29M,27.00 
2020-08-10 05:08:58, 0.00 , 0.00 , 0.00 , 0.00 ,66.29M,27.00 
2020-08-10 05:08:59, 0.00 , 0.00 , 0.00 , 0.00 ,66.29M,27.00 
2020-08-10 05:09:00, 0.00 , 0.00 , 0.00 , 0.00 ,66.29M,27.00 
2020-08-10 05:09:01, 0.00 , 0.00 , 0.00 , 0.00 ,66.30M,30.00 
2020-08-10 05:09:02, 0.00 , 0.00 , 0.00 , 0.00 ,66.30M,30.00 
2020-08-10 05:09:03, 0.00 , 0.00 , 0.00 , 0.00 ,66.30M,30.00 
2020-08-10 05:09:04, 0.00 , 0.00 , 0.00 , 0.00 ,66.30M,30.00 
2020-08-10 05:09:05, 0.00 , 0.00 , 0.00 , 0.00 ,66.30M,30.00 
2020-08-10 05:09:06, 5.00 ,49.13K, 0.00 , 0.00 ,66.30M,30.00 
2020-08-10 05:09:07, 0.00 , 0.00 , 0.00 , 0.00 ,66.30M,30.00 
2020-08-10 05:09:08, 0.00 , 0.00 , 0.00 , 0.00 ,66.30M,30.00 
2020-08-10 05:09:09, 0.00 , 0.00 , 0.00 , 0.00 ,66.30M,30.00 
2020-08-10 05:09:10, 0.00 , 0.00 , 0.00 , 0.00 ,66.30M,30.00 
2020-08-10 05:09:11, 6.00 ,28.65K, 0.00 , 0.00 ,66.30M,30.00 
2020-08-10 05:09:12, 0.00 , 0.00 , 0.00 , 0.00 ,66.30M,30.00 
2020-08-10 05:09:13, 0.00 , 0.00 , 0.00 , 0.00 ,66.30M,30.00 
2020-08-10 05:09:14, 0.00 , 0.00 , 0.00 , 0.00 ,66.30M,30.00 
2020-08-10 05:09:15, 0.00 , 0.00 , 0.00 , 0.00 ,66.30M,30.00 
2020-08-10 05:09:16, 0.00 , 0.00 , 0.00 , 0.00 ,66.30M,30.00 
2020-08-10 05:09:17, 0.00 , 0.00 , 0.00 , 0.00 ,66.30M,30.00 
2020-08-10 05:09:18, 0.00 , 0.00 , 0.00 , 0.00 ,66.30M,30.00 
2020-08-10 05:09:19, 0.00 , 0.00 , 0.00 , 0.00 ,66.30M,30.00 
2020-08-10 05:09:20, 0.00 , 0.00 , 0.00 , 0.00 ,66.30M,30.00 
2020-08-10 05:09:21, 0.00 , 0.00 , 0.00 , 0.00 ,66.30M,30.00 
2020-08-10 05:09:22, 0.00 , 0.00 , 0.00 , 0.00 ,66.30M,30.00 
2020-08-10 05:09:23, 0.00 , 0.00 , 0.00 , 0.00 ,66.30M,30.00 
2020-08-10 05:09:24, 0.00 , 0.00 , 0.00 , 0.00 ,66.30M,30.00 
2020-08-10 05:09:25, 0.00 , 0.00 , 0.00 , 0.00 ,66.30M,30.00 
2020-08-10 05:09:26, 0.00 , 0.00 , 0.00 , 0.00 ,66.30M,30.00 
2020-08-10 05:09:27, 0.00 , 0.00 , 0.00 , 0.00 ,66.30M,30.00 
2020-08-10 05:09:28, 0.00 , 0.00 , 0.00 , 0.00 ,66.30M,30.00 
2020-08-10 05:09:29, 0.00 , 0.00 , 0.00 , 0.00 ,66.30M,30.00 
2020-08-10 05:09:30, 0.00 , 0.00 , 0.00 , 0.00 ,66.30M,30.00 
2020-08-10 05:09:31, 0.00 , 0.00 , 0.00 , 0.00 ,66.30M,30.00 
2020-08-10 05:09:32, 0.00 , 0.00 , 0.00 , 0.00 ,66.30M,30.00 
2020-08-10 05:09:33, 0.00 , 0.00 , 0.00 , 0.00 ,66.30M,30.00 
2020-08-10 05:09:34, 0.00 , 0.00 , 0.00 , 0.00 ,66.30M,30.00 
2020-08-10 05:09:35, 0.00 , 0.00 , 0.00 , 0.00 ,66.30M,30.00 
2020-08-10 05:09:36, 0.00 , 0.00 , 0.00 , 0.00 ,66.30M,30.00 
2020-08-10 05:09:37, 0.00 , 0.00 , 0.00 , 0.00 ,66.30M,30.00 
2020-08-10 05:09:38, 0.00 , 0.00 , 0.00 , 0.00 ,66.30M,30.00 
2020-08-10 05:09:39, 0.00 , 0.00 , 0.00 , 0.00 ,66.30M,30.00 
2020-08-10 05:09:40, 0.00 , 0.00 , 0.00 , 0.00 ,66.30M,30.00 
2020-08-10 05:09:41, 1.00 ,32.75K, 0.00 , 0.00 ,66.30M,30.00 
2020-08-10 05:09:42, 0.00 , 0.00 , 0.00 , 0.00 ,66.30M,30.00 
2020-08-10 05:09:43, 0.00 , 0.00 , 0.00 , 0.00 ,66.30M,30.00 
2020-08-10 05:09:44, 0.00 , 0.00 , 0.00 , 0.00 ,66.30M,30.00 
2020-08-10 05:09:45, 0.00 , 0.00 , 0.00 , 0.00 ,66.30M,30.00 
2020-08-10 05:09:46, 5.00 ,57.36K, 0.00 , 0.00 ,66.30M,30.00 
2020-08-10 05:09:47, 0.00 , 0.00 , 0.00 , 0.00 ,66.30M,30.00 
2020-08-10 05:09:48, 0.00 , 0.00 , 0.00 , 0.00 ,66.30M,30.00 
2020-08-10 05:09:49, 0.00 , 0.00 , 0.00 , 0.00 ,66.30M,30.00 
2020-08-10 05:09:50, 0.00 , 0.00 , 0.00 , 0.00 ,66.30M,30.00 
2020-08-10 05:09:51, 8.00 ,45.06K, 0.00 , 0.00 ,66.30M,30.00 
2020-08-10 05:09:52, 0.00 , 0.00 , 0.00 , 0.00 ,66.30M,30.00 
2020-08-10 05:09:53, 0.00 , 0.00 , 0.00 , 0.00 ,66.30M,30.00 
2020-08-10 05:09:54, 0.00 , 0.00 , 0.00 , 0.00 ,66.30M,30.00 
2020-08-10 05:09:55, 0.00 , 0.00 , 0.00 , 0.00 ,66.30M,30.00 
2020-08-10 05:09:56, 3.00 ,12.29K, 0.00 , 0.00 ,66.30M,30.00 
2020-08-10 05:09:57, 0.00 , 0.00 , 0.00 , 0.00 ,66.30M,30.00 
2020-08-10 05:09:58, 0.00 , 0.00 , 0.00 , 0.00 ,66.30M,30.00 
2020-08-10 05:09:59, 0.00 , 0.00 , 0.00 , 0.00 ,66.30M,30.00 
2020-08-10 05:10:00, 0.00 , 0.00 , 0.00 , 0.00 ,66.30M,30.00 
2020-08-10 05:10:01, 0.00 , 0.00 , 0.00 , 0.00 ,66.30M,30.00 
2020-08-10 05:10:02, 0.00 , 0.00 , 0.00 , 0.00 ,66.30M,30.00 
2020-08-10 05:10:03, 0.00 , 0.00 , 0.00 , 0.00 ,66.30M,30.00 
2020-08-10 05:10:04, 0.00 , 0.00 , 0.00 , 0.00 ,66.30M,30.00 
2020-08-10 05:10:05, 0.00 , 0.00 , 0.00 , 0.00 ,66.30M,30.00 
2020-08-10 05:10:06, 0.00 , 0.00 , 0.00 , 0.00 ,66.30M,30.00 
2020-08-10 05:10:07, 0.00 , 0.00 , 0.00 , 0.00 ,66.30M,30.00 
2020-08-10 05:10:08, 0.00 , 0.00 , 0.00 , 0.00 ,66.30M,30.00 
2020-08-10 05:10:09, 0.00 , 0.00 , 0.00 , 0.00 ,66.30M,30.00 
2020-08-10 05:10:10, 0.00 , 0.00 , 0.00 , 0.00 ,66.30M,30.00 
2020-08-10 05:10:11, 0.00 , 0.00 , 0.00 , 0.00 ,66.30M,30.00 
2020-08-10 05:10:12, 0.00 , 0.00 , 0.00 , 0.00 ,66.30M,30.00 
2020-08-10 05:10:13, 0.00 , 0.00 , 0.00 , 0.00 ,66.30M,30.00 
2020-08-10 05:10:14, 0.00 , 0.00 , 0.00 , 0.00 ,66.30M,30.00 
2020-08-10 05:10:15, 0.00 , 0.00 , 0.00 , 0.00 ,66.30M,30.00 
2020-08-10 05:10:16, 0.00 , 0.00 , 0.00 , 0.00 ,66.30M,30.00 
2020-08-10 05:10:17, 0.00 , 0.00 , 0.00 , 0.00 ,66.30M,30.00 
2020-08-10 05:10:18, 0.00 , 0.00 , 0.00 , 0.00 ,66.30M,30.00 
2020-08-10 05:10:19, 0.00 , 0.00 , 0.00 , 0.00 ,66.30M,30.00 
2020-08-10 05:10:20, 0.00 , 0.00 , 0.00 , 0.00 ,66.30M,30.00 
2020-08-10 05:10:21, 0.00 , 0.00 , 0.00 , 0.00 ,66.30M,30.00 
2020-08-10 05:10:22, 0.00 , 0.00 , 0.00 , 0.00 ,66.30M,30.00 
2020-08-10 05:10:23, 0.00 , 0.00 , 0.00 , 0.00 ,66.30M,30.00 
2020-08-10 05:10:24, 0.00 , 0.00 , 0.00 , 0.00 ,66.30M,30.00 
2020-08-10 05:10:25, 1.00 ,32.74K, 0.00 , 0.00 ,66.29M,27.00 
2020-08-10 05:10:26, 0.00 , 0.00 , 0.00 , 0.00 ,66.29M,27.00 
2020-08-10 05:10:27, 0.00 , 0.00 , 0.00 , 0.00 ,66.29M,27.00 
2020-08-10 05:10:28, 0.00 , 0.00 , 0.00 , 0.00 ,66.29M,27.00 
2020-08-10 05:10:29, 0.00 , 0.00 , 0.00 , 0.00 ,66.29M,27.00 
2020-08-10 05:10:30, 0.00 , 0.00 , 0.00 , 0.00 ,66.29M,27.00 
2020-08-10 05:10:31, 2.00 ,40.97K, 0.00 , 0.00 ,66.29M,27.00 
2020-08-10 05:10:32, 0.00 , 0.00 , 0.00 , 0.00 ,66.29M,27.00 
2020-08-10 05:10:33, 0.00 , 0.00 , 0.00 , 0.00 ,66.29M,27.00 
2020-08-10 05:10:34, 0.00 , 0.00 , 0.00 , 0.00 ,66.29M,27.00 
2020-08-10 05:10:35, 0.00 , 0.00 , 0.00 , 0.00 ,66.29M,27.00 
